0	0	0	0.166333411	0.21466273075	0.3801054915	0.15974310025	0.16585755525	0.1541676055	0.257809988	0	0	0	0.10781690875	0.0577933345	0.128099028	0.04335907025	0	0.0576078095	0	0.04459109225	0	0	0	0.04235179325	0	0	0	0	0.023377817	0	0.06967015425
0.060225923	0	0.2601664975	0.130245684	0.26195500075	0.266935211	0.235930751	0	0.15443715225	0.1237950285	0.01764222175	0	0.111224291	0.20731188	0.08722603225	0.1617850635	0.04933111775	0.10166960475	0	0	0	0	0	0	0	0	0	0	0.024008476	0	0	0
0	0.01773062	0.27750256425	0.14712027575	0.14810677775	0.24454732875	0.17680546375	0	0.07512584275	0.08272462925	0.0023875505	0	0	0.0955006895	0.048635423	0.09449703825	0	0.01653175225	0.0151597445	0	0.058516943	0	0.12717789125	0	0	0	0.150185966	0	0	0.0532524905	0	0.01222676825
0	0	0	0.166333411	0.21466273075	0.3801054915	0.15974310025	0.16585755525	0.1541676055	0.257809988	0	0	0	0.10781690875	0.0577933345	0.128099028	0.04335907025	0	0.0576078095	0	0.04459109225	0	0	0	0.04235179325	0	0	0	0	0.023377817	0	0.06967015425
0.060225923	0	0.2601664975	0.130245684	0.26195500075	0.266935211	0.235930751	0	0.15443715225	0.1237950285	0.01764222175	0	0.111224291	0.20731188	0.08722603225	0.1617850635	0.04933111775	0.10166960475	0	0	0	0	0	0	0	0	0	0	0.024008476	0	0	0
0	0.01773062	0.27750256425	0.14712027575	0.14810677775	0.24454732875	0.17680546375	0	0.07512584275	0.08272462925	0.0023875505	0	0	0.0955006895	0.048635423	0.09449703825	0	0.01653175225	0.0151597445	0	0.058516943	0	0.12717789125	0	0	0	0.150185966	0	0	0.0532524905	0	0.01222676825
0	0	0	0.166333411	0.21466273075	0.3801054915	0.15974310025	0.16585755525	0.1541676055	0.257809988	0	0	0	0.10781690875	0.0577933345	0.128099028	0.04335907025	0	0.0576078095	0	0.04459109225	0	0	0	0.04235179325	0	0	0	0	0.023377817	0	0.06967015425
0.060225923	0	0.2601664975	0.130245684	0.26195500075	0.266935211	0.235930751	0	0.15443715225	0.1237950285	0.01764222175	0	0.111224291	0.20731188	0.08722603225	0.1617850635	0.04933111775	0.10166960475	0	0	0	0	0	0	0	0	0	0	0.024008476	0	0	0
0	0.01773062	0.27750256425	0.14712027575	0.14810677775	0.24454732875	0.17680546375	0	0.07512584275	0.08272462925	0.0023875505	0	0	0.0955006895	0.048635423	0.09449703825	0	0.01653175225	0.0151597445	0	0.058516943	0	0.12717789125	0	0	0	0.150185966	0	0	0.0532524905	0	0.01222676825
0	0	0.1419522755	0	0.23169796175	0.21088484875	0.14807137925	0.00928488375	0.10645681825	0.075314035	0	0	0	0.03885911375	0.04493929875	0.1148681995	0.0398778105	0.0103919585	0.00825133575	0.12535793825	0.35675276675	0	0.34808109725	0.1361690725	0.24016899725	0	0.04552793275	0.05426917725	0.12811558375	0.116719647	0	0.11988238625
0.017073249	0.0182806505	0.09582352275	0.0516416345	0.153344251	0.1462122935	0.0914137955	0.0308730155	0.08487768125	0.098787017	0	0	0	0.02776631325	0.004145632	0.095652728	0	0.0167582595	0	0	0.08955207	0	0	0	0	0	0	0	0	0.048575251	0	0.06666157425
0	0	0.03753578675	0	0	0.00214065375	0	0	0	0	0	0	0	0.016871381	0	0	0	0	0.04592719425	0	0	0.1957614495	0.148883738	0	0	0	0	0	0	0	0	0
0	0	0.1419522755	0	0.23169796175	0.21088484875	0.14807137925	0.00928488375	0.10645681825	0.075314035	0	0	0	0.03885911375	0.04493929875	0.1148681995	0.0398778105	0.0103919585	0.00825133575	0.12535793825	0.35675276675	0	0.34808109725	0.1361690725	0.24016899725	0	0.04552793275	0.05426917725	0.12811558375	0.116719647	0	0.11988238625
0.017073249	0.0182806505	0.09582352275	0.0516416345	0.153344251	0.1462122935	0.0914137955	0.0308730155	0.08487768125	0.098787017	0	0	0	0.02776631325	0.004145632	0.095652728	0	0.0167582595	0	0	0.08955207	0	0	0	0	0	0	0	0	0.048575251	0	0.06666157425
0	0	0.03753578675	0	0	0.00214065375	0	0	0	0	0	0	0	0.016871381	0	0	0	0	0.04592719425	0	0	0.1957614495	0.148883738	0	0	0	0	0	0	0	0	0
0	0	0.1419522755	0	0.23169796175	0.21088484875	0.14807137925	0.00928488375	0.10645681825	0.075314035	0	0	0	0.03885911375	0.04493929875	0.1148681995	0.0398778105	0.0103919585	0.00825133575	0.12535793825	0.35675276675	0	0.34808109725	0.1361690725	0.24016899725	0	0.04552793275	0.05426917725	0.12811558375	0.116719647	0	0.11988238625
0.017073249	0.0182806505	0.09582352275	0.0516416345	0.153344251	0.1462122935	0.0914137955	0.0308730155	0.08487768125	0.098787017	0	0	0	0.02776631325	0.004145632	0.095652728	0	0.0167582595	0	0	0.08955207	0	0	0	0	0	0	0	0	0.048575251	0	0.06666157425
0	0	0.03753578675	0	0	0.00214065375	0	0	0	0	0	0	0	0.016871381	0	0	0	0	0.04592719425	0	0	0.1957614495	0.148883738	0	0	0	0	0	0	0	0	0
0	0	0	0.242298717	0	0	0	0	0	0	1	0	0.25550739275	0	0	0	0	0	0.144889047	0	0	0.1272287715	0	0	0	0	0	0.030254258	0	0.0092784455	0	0
0	0	0	0	0	0	0	0	0	0	0.15660645025	0	0	0	0	0	0	0	0	0	0	0.1578843475	0	0	0	0	0.21896064025	0	0	0	0	0
0	0	0	0.25185747875	0	0	0	0	0	0.07408015575	0	0	0.083310968	0	0	0	0	0.02149563825	0.29216476025	0.09448201925	0.25023456925	0.3256518795	0.03943638775	0	0.046078449	0.06239063975	0	0.32064118925	0.02197642225	0.16328908225	0	0.29048246825
0	0	0	0.242298717	0	0	0	0	0	0	1	0	0.25550739275	0	0	0	0	0	0.144889047	0	0	0.1272287715	0	0	0	0	0	0.030254258	0	0.0092784455	0	0
0	0	0	0	0	0	0	0	0	0	0.15660645025	0	0	0	0	0	0	0	0	0	0	0.1578843475	0	0	0	0	0.21896064025	0	0	0	0	0
0	0	0	0.25185747875	0	0	0	0	0	0.07408015575	0	0	0.083310968	0	0	0	0	0.02149563825	0.29216476025	0.09448201925	0.25023456925	0.3256518795	0.03943638775	0	0.046078449	0.06239063975	0	0.32064118925	0.02197642225	0.16328908225	0	0.29048246825
0	0	0	0.242298717	0	0	0	0	0	0	1	0	0.25550739275	0	0	0	0	0	0.144889047	0	0	0.1272287715	0	0	0	0	0	0.030254258	0	0.0092784455	0	0
0	0	0	0	0	0	0	0	0	0	0.15660645025	0	0	0	0	0	0	0	0	0	0	0.1578843475	0	0	0	0	0.21896064025	0	0	0	0	0
0	0	0	0.25185747875	0	0	0	0	0	0.07408015575	0	0	0.083310968	0	0	0	0	0.02149563825	0.29216476025	0.09448201925	0.25023456925	0.3256518795	0.03943638775	0	0.046078449	0.06239063975	0	0.32064118925	0.02197642225	0.16328908225	0	0.29048246825
0	0	0	0	0	0	0	0	0	0	0.11354648225	0	0	0	0	0	0	0.085633472	0	0	0	0.1335439675	0	0.1738270285	0	0	0.08479137125	0.11608551175	0	0.1536267115	0.1688665445	0.21293968825
0	0	0.02642745025	0	0	0.0865463505	0.04723899	0	0	0.0244243025	0	0	0	0	0.03427821325	0	0	0.1255778805	0	0	0.06908934425	0	0	0	0.0037771495	0	0	0.071360464	0	0.05623679775	0.07304983075	0.070784081
0	0	0	0	0	0	0	0	0	0	0	0	0	0	0	0	0	0.04641950025	0.01747057625	0.22508007275	0	0.118006124	0	0	0	0	0.24753512875	0.0495242105	0.07235922775	0.24357119375	0	0
0	0	0	0	0	0	0	0	0	0	0.11354648225	0	0	0	0	0	0	0.085633472	0	0	0	0.1335439675	0	0.1738270285	0	0	0.08479137125	0.11608551175	0	0.1536267115	0.1688665445	0.21293968825
0	0	0.02642745025	0	0	0.0865463505	0.04723899	0	0	0.0244243025	0	0	0	0	0.03427821325	0	0	0.1255778805	0	0	0.06908934425	0	0	0	0.0037771495	0	0	0.071360464	0	0.05623679775	0.07304983075	0.070784081
0	0	0	0	0	0	0	0	0	0	0	0	0	0	0	0	0	0.04641950025	0.01747057625	0.22508007275	0	0.118006124	0	0	0	0	0.24753512875	0.0495242105	0.07235922775	0.24357119375	0	0
0	0	0	0	0	0	0	0	0	0	0.11354648225	0	0	0	0	0	0	0.085633472	0	0	0	0.1335439675	0	0.1738270285	0	0	0.08479137125	0.11608551175	0	0.1536267115	0.1688665445	0.21293968825
0	0	0.02642745025	0	0	0.0865463505	0.04723899	0	0	0.0244243025	0	0	0	0	0.03427821325	0	0	0.1255778805	0	0	0.06908934425	0	0	0	0.0037771495	0	0	0.071360464	0	0.05623679775	0.07304983075	0.070784081
0	0	0	0	0	0	0	0	0	0	0	0	0	0	0	0	0	0.04641950025	0.01747057625	0.22508007275	0	0.118006124	0	0	0	0	0.24753512875	0.0495242105	0.07235922775	0.24357119375	0	0
0	0	0	0	0	0.026850468	0	0	0	0	0	0	0	0.03335994575	0	0	0	0	0	0	0.10309399625	0	0	0	0	0	0	0	0	0	0	0
0	0	0	0.06552643725	0.0451525575	0.00753566925	0	0.125758187	0.00949765675	0.10258664725	0.080323749	0	0.0482292135	0.11160936725	0.2066189225	0.1616247845	0	0	0.01039252025	0	0.00635084525	0.0040614585	0	0	0.0415852385	0	0	0	0	0.01021223325	0	0
0	0	0.10505582375	0	0.4132341425	0.4133745775	0	0.1771974895	0.10603743775	0	0.077368209	0.021329717	0	0.204862845	0.29445735675	0.1691518085	0.00229045125	0.0062300625	0.0551334995	0	0	0.165000174	0	0.078131779	0	0.16557402525	0	0	0	0.02006267125	0.064686463	0
0	0	0	0	0	0.026850468	0	0	0	0	0	0	0	0.03335994575	0	0	0	0	0	0	0.10309399625	0	0	0	0	0	0	0	0	0	0	0
0	0	0	0.06552643725	0.0451525575	0.00753566925	0	0.125758187	0.00949765675	0.10258664725	0.080323749	0	0.0482292135	0.11160936725	0.2066189225	0.1616247845	0	0	0.01039252025	0	0.00635084525	0.0040614585	0	0	0.0415852385	0	0	0	0	0.01021223325	0	0
0	0	0.10505582375	0	0.4132341425	0.4133745775	0	0.1771974895	0.10603743775	0	0.077368209	0.021329717	0	0.204862845	0.29445735675	0.1691518085	0.00229045125	0.0062300625	0.0551334995	0	0	0.165000174	0	0.078131779	0	0.16557402525	0	0	0	0.02006267125	0.064686463	0
0	0	0	0	0	0.026850468	0	0	0	0	0	0	0	0.03335994575	0	0	0	0	0	0	0.10309399625	0	0	0	0	0	0	0	0	0	0	0
0	0	0	0.06552643725	0.0451525575	0.00753566925	0	0.125758187	0.00949765675	0.10258664725	0.080323749	0	0.0482292135	0.11160936725	0.2066189225	0.1616247845	0	0	0.01039252025	0	0.00635084525	0.0040614585	0	0	0.0415852385	0	0	0	0	0.01021223325	0	0
0	0	0.10505582375	0	0.4132341425	0.4133745775	0	0.1771974895	0.10603743775	0	0.077368209	0.021329717	0	0.204862845	0.29445735675	0.1691518085	0.00229045125	0.0062300625	0.0551334995	0	0	0.165000174	0	0.078131779	0	0.16557402525	0	0	0	0.02006267125	0.064686463	0
0.054088932	0.06636752525	0.058054586	0.0982116835	0.2508424815	0.09338374775	0.096804438	0.0768847005	0.15873500975	0.18863956	0.61738613525	0	0.01921967675	0	0.07181704825	0.108527894	0.00201412625	0.0729128085	0.0576078095	0	0.158502208	0	0.306534416	0	0.01973765675	0.06972043975	0.6100611815	0	0.07617468	0.31631260575	0	0.09296467125
0.011166248	0.11677524325	0.1020911755	0.14553702975	0.2570035195	0.275428964	0.1749966005	0.09209807675	0.1521968855	0	0.4619728165	0	0.107247361	0.090498433	0.10008006825	0.14254312875	0	0	0	0	0	0	0	0	0	0	0.41386092675	0	0	0	0	0
0	0.05232681025	0	0	0.072499929	0.211292947	0.064987713	0.060439392	0.02822071775	0	0	0	0	0	0	0.00532184375	0.001548431	0	0	0	0.072186277	0	0.0675262835	0	0	0	0.17500149275	0	0	0	0	0
0.054088932	0.06636752525	0.058054586	0.0982116835	0.2508424815	0.09338374775	0.096804438	0.0768847005	0.15873500975	0.18863956	0.61738613525	0	0.01921967675	0	0.07181704825	0.108527894	0.00201412625	0.0729128085	0.0576078095	0	0.158502208	0	0.306534416	0	0.01973765675	0.06972043975	0.6100611815	0	0.07617468	0.31631260575	0	0.09296467125
0.011166248	0.11677524325	0.1020911755	0.14553702975	0.2570035195	0.275428964	0.1749966005	0.09209807675	0.1521968855	0	0.4619728165	0	0.107247361	0.090498433	0.10008006825	0.14254312875	0	0	0	0	0	0	0	0	0	0	0.41386092675	0	0	0	0	0
0	0.05232681025	0	0	0.072499929	0.211292947	0.064987713	0.060439392	0.02822071775	0	0	0	0	0	0	0.00532184375	0.001548431	0	0	0	0.072186277	0	0.0675262835	0	0	0	0.17500149275	0	0	0	0	0
0.254279717	0.54617819925	0	0	0.2104918185	0	0	0	0.49845787375	0	0.21329100725	0.988301275	0	0.05055517775	0	0.3235986625	1	1	0.63229408275	1	0	0.24457648475	0.51105421425	1	1	1	0.07239143875	1	1	0.56131261075	0.66531981175	1
0.3570411225	0.64863196325	0	0.293318304	0	0	0	0	0.106726365	0.11885219225	0.15431994425	0.89135892825	0.44318276625	0.0628207225	0	0	1	1	0.635723795	1	0	0.323918152	0.35100771925	0.97074787225	1	0.74942256825	0.23318036675	1	1	0.5546888285	0.6438883085	1
0.86140055025	1	0	0	0	0	0	0	0.546701798	0	0.3115420015	1	0.26903528275	0.10532422625	0	0.398493192	1	1	0.4453042775	1	0	0.41257509675	0.2049344255	0.47912106375	1	0.6232117775	0.01988447025	1	1	0.42061719175	0.43849744975	1
0.254279717	0.54617819925	0	0	0.2104918185	0	0	0	0.49845787375	0	0.21329100725	0.988301275	0	0.05055517775	0	0.3235986625	1	1	0.63229408275	1	0	0.24457648475	0.51105421425	1	1	1	0.07239143875	1	1	0.56131261075	0.66531981175	1
0.3570411225	0.64863196325	0	0.293318304	0	0	0	0	0.106726365	0.11885219225	0.15431994425	0.89135892825	0.44318276625	0.0628207225	0	0	1	1	0.635723795	1	0	0.323918152	0.35100771925	0.97074787225	1	0.74942256825	0.23318036675	1	1	0.5546888285	0.6438883085	1
0.86140055025	1	0	0	0	0	0	0	0.546701798	0	0.3115420015	1	0.26903528275	0.10532422625	0	0.398493192	1	1	0.4453042775	1	0	0.41257509675	0.2049344255	0.47912106375	1	0.6232117775	0.01988447025	1	1	0.42061719175	0.43849744975	1
0.254279717	0.54617819925	0	0	0.2104918185	0	0	0	0.49845787375	0	0.21329100725	0.988301275	0	0.05055517775	0	0.3235986625	1	1	0.63229408275	1	0	0.24457648475	0.51105421425	1	1	1	0.07239143875	1	1	0.56131261075	0.66531981175	1
0.3570411225	0.64863196325	0	0.293318304	0	0	0	0	0.106726365	0.11885219225	0.15431994425	0.89135892825	0.44318276625	0.0628207225	0	0	1	1	0.635723795	1	0	0.323918152	0.35100771925	0.97074787225	1	0.74942256825	0.23318036675	1	1	0.5546888285	0.6438883085	1
0.86140055025	1	0	0	0	0	0	0	0.546701798	0	0.3115420015	1	0.26903528275	0.10532422625	0	0.398493192	1	1	0.4453042775	1	0	0.41257509675	0.2049344255	0.47912106375	1	0.6232117775	0.01988447025	1	1	0.42061719175	0.43849744975	1
0	0	0	0	0	0	0	0	0	0	0.2560518635	0	0	0	0	0	0	0	0	0	0	0.0321992925	0	0.0014238695	0	0	0	0	0	0	0.056326214	0
0	0	0	0	0	0	0	0	0	0	0	0	0	0	0	0	0	0	0	0	0	0.11426155875	0	0.08870052075	0	0	0.073691407	0	0	0	0	0
0.00704467125	0.07805554225	0.1620502655	0.2155058775	0.18641965	0.17592575225	0.2170954715	0	0.12552316325	0.06018437625	0.000647088	0.07491324775	0.152665504	0.100638078	0.115381256	0.0487094005	0	0.00717266075	0	0	0	0.030032133	0	0	0.006588444	0	0	0	0	0	0.17401283575	0
0	0	0	0	0	0	0	0	0	0	0.2560518635	0	0	0	0	0	0	0	0	0	0	0.0321992925	0	0.0014238695	0	0	0	0	0	0	0.056326214	0
0	0	0	0	0	0	0	0	0	0	0	0	0	0	0	0	0	0	0	0	0	0.11426155875	0	0.08870052075	0	0	0.073691407	0	0	0	0	0
0.00704467125	0.07805554225	0.1620502655	0.2155058775	0.18641965	0.17592575225	0.2170954715	0	0.12552316325	0.06018437625	0.000647088	0.07491324775	0.152665504	0.100638078	0.115381256	0.0487094005	0	0.00717266075	0	0	0	0.030032133	0	0	0.006588444	0	0	0	0	0	0.17401283575	0
0	0	0	0	0	0	0	0	0	0	0.2560518635	0	0	0	0	0	0	0	0	0	0	0.0321992925	0	0.0014238695	0	0	0	0	0	0	0.056326214	0
0	0	0	0	0	0	0	0	0	0	0	0	0	0	0	0	0	0	0	0	0	0.11426155875	0	0.08870052075	0	0	0.073691407	0	0	0	0	0
0.00704467125	0.07805554225	0.1620502655	0.2155058775	0.18641965	0.17592575225	0.2170954715	0	0.12552316325	0.06018437625	0.000647088	0.07491324775	0.152665504	0.100638078	0.115381256	0.0487094005	0	0.00717266075	0	0	0	0.030032133	0	0	0.006588444	0	0	0	0	0	0.17401283575	0
0.00577972625	0.07968717325	0.20950665475	0.14919494475	0.2177670825	0.13100182375	0.291590057	0.1021686295	0.1559556495	0.08519970725	1	0.03829693025	0.04572869875	0.056329613	0.9206010675	0.15232869575	0.386159642	0.932580534	0.07614784925	0.13721023075	0.25307104275	0	0.08870132525	0.11051968375	0.64536718475	0.2223697265	0	0.44809163025	0.25864374375	0.03143460075	1	0.20367813725
0	0.2095650095	0.209053241	0	0.1451215895	0	0.218289398	0	0.0917752015	0	0	0.12919483125	0	0.0327516785	1	0.0854274525	0.113833015	0.41944497475	0	0	0	0	0	0	0.0046403825	0.0178771095	0.032332196	0	0	0.01344214375	0.332577907	0
0.01467659725	0.47103448275	0.006099711	0.00197774475	0.1762306955	0	0.18897632375	0	0.157842477	0.10588182225	0.26451529275	0.1564719085	0	0	1	0.13201511725	0.25826847075	0.75000114325	0	0.012699652	0.21378301225	0	0.08204467925	0	0.28352688075	0.2413390955	0	0.080009182	0.09649957075	0	1	0.04006641025
0.00577972625	0.07968717325	0.20950665475	0.14919494475	0.2177670825	0.13100182375	0.291590057	0.1021686295	0.1559556495	0.08519970725	1	0.03829693025	0.04572869875	0.056329613	0.9206010675	0.15232869575	0.386159642	0.932580534	0.07614784925	0.13721023075	0.25307104275	0	0.08870132525	0.11051968375	0.64536718475	0.2223697265	0	0.44809163025	0.25864374375	0.03143460075	1	0.20367813725
0	0.2095650095	0.209053241	0	0.1451215895	0	0.218289398	0	0.0917752015	0	0	0.12919483125	0	0.0327516785	1	0.0854274525	0.113833015	0.41944497475	0	0	0	0	0	0	0.0046403825	0.0178771095	0.032332196	0	0	0.01344214375	0.332577907	0
0.01467659725	0.47103448275	0.006099711	0.00197774475	0.1762306955	0	0.18897632375	0	0.157842477	0.10588182225	0.26451529275	0.1564719085	0	0	1	0.13201511725	0.25826847075	0.75000114325	0	0.012699652	0.21378301225	0	0.08204467925	0	0.28352688075	0.2413390955	0	0.080009182	0.09649957075	0	1	0.04006641025
0.00577972625	0.07968717325	0.20950665475	0.14919494475	0.2177670825	0.13100182375	0.291590057	0.1021686295	0.1559556495	0.08519970725	1	0.03829693025	0.04572869875	0.056329613	0.9206010675	0.15232869575	0.386159642	0.932580534	0.07614784925	0.13721023075	0.25307104275	0	0.08870132525	0.11051968375	0.64536718475	0.2223697265	0	0.44809163025	0.25864374375	0.03143460075	1	0.20367813725
0	0.2095650095	0.209053241	0	0.1451215895	0	0.218289398	0	0.0917752015	0	0	0.12919483125	0	0.0327516785	1	0.0854274525	0.113833015	0.41944497475	0	0	0	0	0	0	0.0046403825	0.0178771095	0.032332196	0	0	0.01344214375	0.332577907	0
0.01467659725	0.47103448275	0.006099711	0.00197774475	0.1762306955	0	0.18897632375	0	0.157842477	0.10588182225	0.26451529275	0.1564719085	0	0	1	0.13201511725	0.25826847075	0.75000114325	0	0.012699652	0.21378301225	0	0.08204467925	0	0.28352688075	0.2413390955	0	0.080009182	0.09649957075	0	1	0.04006641025
0.3195049605	1	0	1	0	0	0.05316424675	0.01812350425	0	0.265837522	0.1803245505	0	0.90675399625	0	0	0.137692368	1	1	0	1	1	0.038489483	0.50558828175	0.51765242125	1	1	0.446396338	0.016619387	1	0.238164883	0.724908123	1
0.21685855	1	0	0.73870047	0	0	0	0.06311835075	0	0.167333186	0.29976825525	0.02167884	0.36115788325	0	0	0.14623819975	1	1	0	1	0	0	0.05900462525	0.273639582	0.04238709875	1	0.26599175675	0	1	0.00531770675	0.36986686725	0.599248597
0.429783297	1	0	1	0	0	0	0	0	0.31060955875	0.3092554955	0.04125122925	0.722315996	0	0	0.125509048	0.91085904725	1	0	0.68571446875	0	0.09633317975	0	0.199187625	0	0.31763455125	0.3450862525	0	0.85607025925	0	0.42263999275	0.60795178575
0.3195049605	1	0	1	0	0	0.05316424675	0.01812350425	0	0.265837522	0.1803245505	0	0.90675399625	0	0	0.137692368	1	1	0	1	1	0.038489483	0.50558828175	0.51765242125	1	1	0.446396338	0.016619387	1	0.238164883	0.724908123	1
0.21685855	1	0	0.73870047	0	0	0	0.06311835075	0	0.167333186	0.29976825525	0.02167884	0.36115788325	0	0	0.14623819975	1	1	0	1	0	0	0.05900462525	0.273639582	0.04238709875	1	0.26599175675	0	1	0.00531770675	0.36986686725	0.599248597
0.429783297	1	0	1	0	0	0	0	0	0.31060955875	0.3092554955	0.04125122925	0.722315996	0	0	0.125509048	0.91085904725	1	0	0.68571446875	0	0.09633317975	0	0.199187625	0	0.31763455125	0.3450862525	0	0.85607025925	0	0.42263999275	0.60795178575
0.3195049605	1	0	1	0	0	0.05316424675	0.01812350425	0	0.265837522	0.1803245505	0	0.90675399625	0	0	0.137692368	1	1	0	1	1	0.038489483	0.50558828175	0.51765242125	1	1	0.446396338	0.016619387	1	0.238164883	0.724908123	1
0.21685855	1	0	0.73870047	0	0	0	0.06311835075	0	0.167333186	0.29976825525	0.02167884	0.36115788325	0	0	0.14623819975	1	1	0	1	0	0	0.05900462525	0.273639582	0.04238709875	1	0.26599175675	0	1	0.00531770675	0.36986686725	0.599248597
0.429783297	1	0	1	0	0	0	0	0	0.31060955875	0.3092554955	0.04125122925	0.722315996	0	0	0.125509048	0.91085904725	1	0	0.68571446875	0	0.09633317975	0	0.199187625	0	0.31763455125	0.3450862525	0	0.85607025925	0	0.42263999275	0.60795178575
0.23499549575	0.1564452325	1	0.22225115125	1	0	0.07509397475	0.15622692125	0.476198075	0.61528655175	0.08253137375	0.21861790525	0.43029282675	0	0	0.767794001	0.1034930615	0.1045053705	1	0	0.20402846475	0.03633405175	0	0.096473646	0.26035382775	0	0	0.094439073	0.0326645485	0.008933044	0	0.13773766575
0.0598250495	0.01514134025	1	0	0.09198268675	0	0	0.044684534	0.13203936375	0.2356272805	0	0.1782463545	0.083979841	0.12110629075	0	0.313087095	0	0.06826081675	1	0	0.0092843045	0.19306290575	0	0	0	0	0	0.07375461	0	0.0600729465	0	0
0.097385915	0.16234242525	1	0	0.33896971125	0.21396785525	0.03223693925	0	0.2036941805	0.20301642	0.242850025	0.3143409685	0.102460918	0.4542315395	0	0.67116495875	0.01978008175	0.0113919535	1	0	0.23090834	0	0	0	0.042022431	0.1768871825	0	0.0134094285	0.01254146175	0	0	0.11903679875
0.23499549575	0.1564452325	1	0.22225115125	1	0	0.07509397475	0.15622692125	0.476198075	0.61528655175	0.08253137375	0.21861790525	0.43029282675	0	0	0.767794001	0.1034930615	0.1045053705	1	0	0.20402846475	0.03633405175	0	0.096473646	0.26035382775	0	0	0.094439073	0.0326645485	0.008933044	0	0.13773766575
0.0598250495	0.01514134025	1	0	0.09198268675	0	0	0.044684534	0.13203936375	0.2356272805	0	0.1782463545	0.083979841	0.12110629075	0	0.313087095	0	0.06826081675	1	0	0.0092843045	0.19306290575	0	0	0	0	0	0.07375461	0	0.0600729465	0	0
0.097385915	0.16234242525	1	0	0.33896971125	0.21396785525	0.03223693925	0	0.2036941805	0.20301642	0.242850025	0.3143409685	0.102460918	0.4542315395	0	0.67116495875	0.01978008175	0.0113919535	1	0	0.23090834	0	0	0	0.042022431	0.1768871825	0	0.0134094285	0.01254146175	0	0	0.11903679875
0.23499549575	0.1564452325	1	0.22225115125	1	0	0.07509397475	0.15622692125	0.476198075	0.61528655175	0.08253137375	0.21861790525	0.43029282675	0	0	0.767794001	0.1034930615	0.1045053705	1	0	0.20402846475	0.03633405175	0	0.096473646	0.26035382775	0	0	0.094439073	0.0326645485	0.008933044	0	0.13773766575
0.0598250495	0.01514134025	1	0	0.09198268675	0	0	0.044684534	0.13203936375	0.2356272805	0	0.1782463545	0.083979841	0.12110629075	0	0.313087095	0	0.06826081675	1	0	0.0092843045	0.19306290575	0	0	0	0	0	0.07375461	0	0.0600729465	0	0
0.097385915	0.16234242525	1	0	0.33896971125	0.21396785525	0.03223693925	0	0.2036941805	0.20301642	0.242850025	0.3143409685	0.102460918	0.4542315395	0	0.67116495875	0.01978008175	0.0113919535	1	0	0.23090834	0	0	0	0.042022431	0.1768871825	0	0.0134094285	0.01254146175	0	0	0.11903679875
0	0	0	0	0	0	0	0	0	0	0	0	0	0	0.1426393975	0	0	0	0	0	0	0	0	0.012971822	0	0	0	0	0	0.0952799925	0	0
0	0.084867127	0	0	0	0.09146512225	0	0	0	0	0	0.01724325575	0	0	0	0	0	0	0.06282685025	0	0	0.16035599475	0	0	0	0	0.02870826975	0	0	0.1478920155	0	0
0	0	0	0	0	0	0	0.03333688025	0	0	0	0	0.0247937065	0	0	0	0	0	0	0	0	0.00804519475	0	0	0	0	0	0	0	0	0	0
0	0	0	0	0	0	0	0	0	0	0	0	0	0	0.1426393975	0	0	0	0	0	0	0	0	0.012971822	0	0	0	0	0	0.0952799925	0	0
0	0.084867127	0	0	0	0.09146512225	0	0	0	0	0	0.01724325575	0	0	0	0	0	0	0.06282685025	0	0	0.16035599475	0	0	0	0	0.02870826975	0	0	0.1478920155	0	0
0	0	0	0	0	0	0	0.03333688025	0	0	0	0	0.0247937065	0	0	0	0	0	0	0	0	0.00804519475	0	0	0	0	0	0	0	0	0	0
0	0	0	0	0	0	0	0	0	0	0	0	0	0	0.1426393975	0	0	0	0	0	0	0	0	0.012971822	0	0	0	0	0	0.0952799925	0	0
0	0.084867127	0	0	0	0.09146512225	0	0	0	0	0	0.01724325575	0	0	0	0	0	0	0.06282685025	0	0	0.16035599475	0	0	0	0	0.02870826975	0	0	0.1478920155	0	0
0	0	0	0	0	0	0	0.03333688025	0	0	0	0	0.0247937065	0	0	0	0	0	0	0	0	0.00804519475	0	0	0	0	0	0	0	0	0	0
0	0	0.148996338	0.1005865525	0.119720701	0.405656018	0.2835360625	0	0.1104012365	0	0	0.03153753225	0	0.1474223345	0.0180900505	0.1152837725	0	0	0.172624634	0.0132031035	0.154805749	0	0.23503282675	0.0245197745	0.04611375475	0.0631456475	0.00389274325	0	0.140422733	0.17185940725	0	0.0676480115
0.0692135425	0.16837858625	0.0974089475	0.1630713075	0.2508424815	0.2892967945	0.252030784	0.18701549925	0.1869331855	0.231252308	0	0.061010847	0.03317633825	0.1169527245	0.0657022735	0.2410377185	0.01019249875	0	0.282422418	0	0.13202352575	0.06705130725	0.05607800325	0	0.0234996185	0	0.202416956	0	0	0.12392462375	0	0.1212254005
0.0181929495	0.0934562215	0.27969254025	0	0.2538515025	0.28125716275	0.120531221	0.064350283	0.18621737225	0.12502890775	0	0.077748242	0	0.13174473475	0.07958968925	0.13477086075	0	0.0220161225	0.057061015	0	0	0	0.07551713675	0	0	0	0	0	0	0.09592884	0	0.08450428125
0	0	0.148996338	0.1005865525	0.119720701	0.405656018	0.2835360625	0	0.1104012365	0	0	0.03153753225	0	0.1474223345	0.0180900505	0.1152837725	0	0	0.172624634	0.0132031035	0.154805749	0	0.23503282675	0.0245197745	0.04611375475	0.0631456475	0.00389274325	0	0.140422733	0.17185940725	0	0.0676480115
0.0692135425	0.16837858625	0.0974089475	0.1630713075	0.2508424815	0.2892967945	0.252030784	0.18701549925	0.1869331855	0.231252308	0	0.061010847	0.03317633825	0.1169527245	0.0657022735	0.2410377185	0.01019249875	0	0.282422418	0	0.13202352575	0.06705130725	0.05607800325	0	0.0234996185	0	0.202416956	0	0	0.12392462375	0	0.1212254005
0.0181929495	0.0934562215	0.27969254025	0	0.2538515025	0.28125716275	0.120531221	0.064350283	0.18621737225	0.12502890775	0	0.077748242	0	0.13174473475	0.07958968925	0.13477086075	0	0.0220161225	0.057061015	0	0	0	0.07551713675	0	0	0	0	0	0	0.09592884	0	0.08450428125
0	0	0.148996338	0.1005865525	0.119720701	0.405656018	0.2835360625	0	0.1104012365	0	0	0.03153753225	0	0.1474223345	0.0180900505	0.1152837725	0	0	0.172624634	0.0132031035	0.154805749	0	0.23503282675	0.0245197745	0.04611375475	0.0631456475	0.00389274325	0	0.140422733	0.17185940725	0	0.0676480115
0.0692135425	0.16837858625	0.0974089475	0.1630713075	0.2508424815	0.2892967945	0.252030784	0.18701549925	0.1869331855	0.231252308	0	0.061010847	0.03317633825	0.1169527245	0.0657022735	0.2410377185	0.01019249875	0	0.282422418	0	0.13202352575	0.06705130725	0.05607800325	0	0.0234996185	0	0.202416956	0	0	0.12392462375	0	0.1212254005
0.0181929495	0.0934562215	0.27969254025	0	0.2538515025	0.28125716275	0.120531221	0.064350283	0.18621737225	0.12502890775	0	0.077748242	0	0.13174473475	0.07958968925	0.13477086075	0	0.0220161225	0.057061015	0	0	0	0.07551713675	0	0	0	0	0	0	0.09592884	0	0.08450428125
0.09381600225	0.2380388275	0.05586461	0	0.2860748345	0.18786180775	0.2632393135	0	0.18863435875	0.11082465825	0	0.03752232575	0	0.068460026	0.0816279475	0.3117997965	0.1143830195	0	0.217557767	0	0.4381653015	0.09961615475	0.38509435225	0	0.31747632975	0	0	0.06698989075	0	0.32833012825	0	0.757473024
0.0155420615	0.043212843	0.210131927	0.0945537685	0.1168785085	0.11487653725	0	0.10811319725	0.016402354	0	0	0.08440575425	0.06678167725	0.06742241325	0.01564289875	0.10921741175	0.1100609855	0.05290305175	0	0	0	0	0.18629869425	0	0	0	0.01681250125	0	0	0.03201579525	0	0.258048433
0	0	0.12242623275	0	0.088754591	0.20916041025	0.100733611	0.21085240175	0.019085909	0	0	0.03761594	0	0.079721741	0.024040026	0.105743359	0.05228129375	0.00080635975	0	0	0.01501941975	0	0.19895207775	0	0	0	0	0	0	0	0	0
0.09381600225	0.2380388275	0.05586461	0	0.2860748345	0.18786180775	0.2632393135	0	0.18863435875	0.11082465825	0	0.03752232575	0	0.068460026	0.0816279475	0.3117997965	0.1143830195	0	0.217557767	0	0.4381653015	0.09961615475	0.38509435225	0	0.31747632975	0	0	0.06698989075	0	0.32833012825	0	0.757473024
0.0155420615	0.043212843	0.210131927	0.0945537685	0.1168785085	0.11487653725	0	0.10811319725	0.016402354	0	0	0.08440575425	0.06678167725	0.06742241325	0.01564289875	0.10921741175	0.1100609855	0.05290305175	0	0	0	0	0.18629869425	0	0	0	0.01681250125	0	0	0.03201579525	0	0.258048433
0	0	0.12242623275	0	0.088754591	0.20916041025	0.100733611	0.21085240175	0.019085909	0	0	0.03761594	0	0.079721741	0.024040026	0.105743359	0.05228129375	0.00080635975	0	0	0.01501941975	0	0.19895207775	0	0	0	0	0	0	0	0	0
0.09381600225	0.2380388275	0.05586461	0	0.2860748345	0.18786180775	0.2632393135	0	0.18863435875	0.11082465825	0	0.03752232575	0	0.068460026	0.0816279475	0.3117997965	0.1143830195	0	0.217557767	0	0.4381653015	0.09961615475	0.38509435225	0	0.31747632975	0	0	0.06698989075	0	0.32833012825	0	0.757473024
0.0155420615	0.043212843	0.210131927	0.0945537685	0.1168785085	0.11487653725	0	0.10811319725	0.016402354	0	0	0.08440575425	0.06678167725	0.06742241325	0.01564289875	0.10921741175	0.1100609855	0.05290305175	0	0	0	0	0.18629869425	0	0	0	0.01681250125	0	0	0.03201579525	0	0.258048433
0	0	0.12242623275	0	0.088754591	0.20916041025	0.100733611	0.21085240175	0.019085909	0	0	0.03761594	0	0.079721741	0.024040026	0.105743359	0.05228129375	0.00080635975	0	0	0.01501941975	0	0.19895207775	0	0	0	0	0	0	0	0	0
0.32927329875	1	0.40039901425	0	0.246957561	0.28282028775	0.40544826675	0.433792958	1	0.11391667575	0	1	0	0.04254143225	0.119185177	0.48549165175	0.27975648925	0.0235342035	0.027933949	0.142276789	0.38374448275	0	0.04808715	0	0.29112847625	0.01603006575	0	0.3335204035	0.077190707	0.035976534	0	0.460096113
0.2374301815	1	0.41227644275	0	0.096881922	0.1422829965	0.18370147925	0.03826460975	1	0	0	1	0	0.0246534755	0.06504928575	0.36467018425	0.26286866025	0.16521214975	0.180428703	0.1675826985	0.01759937625	0	0.201749596	0.19135535075	0.0253135185	0.13963880475	0.00546869025	0.31210788	0.18671807575	0.07749049475	0.0360082535	0.19068786425
0.1358489755	1	0.2367998455	0	0.058545217	0.17180226825	0.023120438	0.031889854	1	0	0	1	0	0.006229821	0.015886993	0.319435092	0.25561537125	0.12383359275	0.0821625895	0.1666347215	0	0	0.22252293675	0.0834790045	0.0271697855	0.10416279175	0	0.22589747775	0.22014084225	0	0.02448686925	0.1593047765
0.32927329875	1	0.40039901425	0	0.246957561	0.28282028775	0.40544826675	0.433792958	1	0.11391667575	0	1	0	0.04254143225	0.119185177	0.48549165175	0.27975648925	0.0235342035	0.027933949	0.142276789	0.38374448275	0	0.04808715	0	0.29112847625	0.01603006575	0	0.3335204035	0.077190707	0.035976534	0	0.460096113
0.2374301815	1	0.41227644275	0	0.096881922	0.1422829965	0.18370147925	0.03826460975	1	0	0	1	0	0.0246534755	0.06504928575	0.36467018425	0.26286866025	0.16521214975	0.180428703	0.1675826985	0.01759937625	0	0.201749596	0.19135535075	0.0253135185	0.13963880475	0.00546869025	0.31210788	0.18671807575	0.07749049475	0.0360082535	0.19068786425
0.1358489755	1	0.2367998455	0	0.058545217	0.17180226825	0.023120438	0.031889854	1	0	0	1	0	0.006229821	0.015886993	0.319435092	0.25561537125	0.12383359275	0.0821625895	0.1666347215	0	0	0.22252293675	0.0834790045	0.0271697855	0.10416279175	0	0.22589747775	0.22014084225	0	0.02448686925	0.1593047765
0.32927329875	1	0.40039901425	0	0.246957561	0.28282028775	0.40544826675	0.433792958	1	0.11391667575	0	1	0	0.04254143225	0.119185177	0.48549165175	0.27975648925	0.0235342035	0.027933949	0.142276789	0.38374448275	0	0.04808715	0	0.29112847625	0.01603006575	0	0.3335204035	0.077190707	0.035976534	0	0.460096113
0.2374301815	1	0.41227644275	0	0.096881922	0.1422829965	0.18370147925	0.03826460975	1	0	0	1	0	0.0246534755	0.06504928575	0.36467018425	0.26286866025	0.16521214975	0.180428703	0.1675826985	0.01759937625	0	0.201749596	0.19135535075	0.0253135185	0.13963880475	0.00546869025	0.31210788	0.18671807575	0.07749049475	0.0360082535	0.19068786425
0.1358489755	1	0.2367998455	0	0.058545217	0.17180226825	0.023120438	0.031889854	1	0	0	1	0	0.006229821	0.015886993	0.319435092	0.25561537125	0.12383359275	0.0821625895	0.1666347215	0	0	0.22252293675	0.0834790045	0.0271697855	0.10416279175	0	0.22589747775	0.22014084225	0	0.02448686925	0.1593047765
0	0	0	0	0	0	0	0	0	0	0.00190978275	0	0	0	0	0	0	0.16405551525	0.22690225925	0.13632117975	0	0.09405494825	0	0.149051041	0	0.1896350915	0.77912195175	0.16125809975	0	0.1898518645	0.20795483525	0
0	0.0338205115	0	0.25511958225	0	0.0210862335	0	0	0	0	0	0	0.037035282	0.01036338	0	0	0	0	0	0	0	0.03479094775	0	0	0	0	0.22463254575	0.07645578125	0	0	0	0
0	0.0203046695	0	0.117688693	0	0	0	0	0	0.00923562425	0	0	0.18927224375	0	0	0	0	0.0333704075	0.2593100925	0.191672883	0	0.33789010825	0	0.12845134625	0	0	0.42965660025	0.26916117975	0.05912534625	0.2539002155	0.02250547875	0.17523911925
0	0	0	0	0	0	0	0	0	0	0.00190978275	0	0	0	0	0	0	0.16405551525	0.22690225925	0.13632117975	0	0.09405494825	0	0.149051041	0	0.1896350915	0.77912195175	0.16125809975	0	0.1898518645	0.20795483525	0
0	0.0338205115	0	0.25511958225	0	0.0210862335	0	0	0	0	0	0	0.037035282	0.01036338	0	0	0	0	0	0	0	0.03479094775	0	0	0	0	0.22463254575	0.07645578125	0	0	0	0
0	0.0203046695	0	0.117688693	0	0	0	0	0	0.00923562425	0	0	0.18927224375	0	0	0	0	0.0333704075	0.2593100925	0.191672883	0	0.33789010825	0	0.12845134625	0	0	0.42965660025	0.26916117975	0.05912534625	0.2539002155	0.02250547875	0.17523911925
0	0	0	0	0	0	0	0	0	0	0.00190978275	0	0	0	0	0	0	0.16405551525	0.22690225925	0.13632117975	0	0.09405494825	0	0.149051041	0	0.1896350915	0.77912195175	0.16125809975	0	0.1898518645	0.20795483525	0
0	0.0338205115	0	0.25511958225	0	0.0210862335	0	0	0	0	0	0	0.037035282	0.01036338	0	0	0	0	0	0	0	0.03479094775	0	0	0	0	0.22463254575	0.07645578125	0	0	0	0
0	0.0203046695	0	0.117688693	0	0	0	0	0	0.00923562425	0	0	0.18927224375	0	0	0	0	0.0333704075	0.2593100925	0.191672883	0	0.33789010825	0	0.12845134625	0	0	0.42965660025	0.26916117975	0.05912534625	0.2539002155	0.02250547875	0.17523911925
0.01211279775	0	0.16077770575	0.0196595135	0.2418571425	0.2674697565	0	1	0.04035956	0.18283745175	0	0.010520928	0.0605578335	0.01702639925	0	0.08145662225	0.04291948525	0	0.08817374625	0.03189850675	0.176252104	0.1332732305	0	0.17769683225	0.1798107265	0.067044304	0	0.03626373375	0.0919243295	0.027734969	0.062571147	0.30756714025
0.01133617725	0	0.01083190975	0	0.1341207825	0	0	0.14588954675	0	0	0	0.0122147875	0	0	0.00390421325	0	0	0	0	0.1150451035	0	0	0	0	0	0.13080786825	0.1327255485	0	0.01401427675	0	0.22891222	0
0	0	0.03456779925	0.1548224045	0.226855164	0.04410332425	0	0.0237091405	0	0	0.02456050875	0.03648862225	0	0.2924147365	0.1872305285	0.028487784	0	0	0	0	0.143383309	0	0.124299952	0.19690839475	0	0	0	0	0.055373175	0	0.27595293375	0
0.01211279775	0	0.16077770575	0.0196595135	0.2418571425	0.2674697565	0	1	0.04035956	0.18283745175	0	0.010520928	0.0605578335	0.01702639925	0	0.08145662225	0.04291948525	0	0.08817374625	0.03189850675	0.176252104	0.1332732305	0	0.17769683225	0.1798107265	0.067044304	0	0.03626373375	0.0919243295	0.027734969	0.062571147	0.30756714025
0.01133617725	0	0.01083190975	0	0.1341207825	0	0	0.14588954675	0	0	0	0.0122147875	0	0	0.00390421325	0	0	0	0	0.1150451035	0	0	0	0	0	0.13080786825	0.1327255485	0	0.01401427675	0	0.22891222	0
0	0	0.03456779925	0.1548224045	0.226855164	0.04410332425	0	0.0237091405	0	0	0.02456050875	0.03648862225	0	0.2924147365	0.1872305285	0.028487784	0	0	0	0	0.143383309	0	0.124299952	0.19690839475	0	0	0	0	0.055373175	0	0.27595293375	0
0.01211279775	0	0.16077770575	0.0196595135	0.2418571425	0.2674697565	0	1	0.04035956	0.18283745175	0	0.010520928	0.0605578335	0.01702639925	0	0.08145662225	0.04291948525	0	0.08817374625	0.03189850675	0.176252104	0.1332732305	0	0.17769683225	0.1798107265	0.067044304	0	0.03626373375	0.0919243295	0.027734969	0.062571147	0.30756714025
0.01133617725	0	0.01083190975	0	0.1341207825	0	0	0.14588954675	0	0	0	0.0122147875	0	0	0.00390421325	0	0	0	0	0.1150451035	0	0	0	0	0	0.13080786825	0.1327255485	0	0.01401427675	0	0.22891222	0
0	0	0.03456779925	0.1548224045	0.226855164	0.04410332425	0	0.0237091405	0	0	0.02456050875	0.03648862225	0	0.2924147365	0.1872305285	0.028487784	0	0	0	0	0.143383309	0	0.124299952	0.19690839475	0	0	0	0	0.055373175	0	0.27595293375	0
1	1	0.2076722795	0.5688397685	0.22563225425	0.235638903	0.3006782765	0.466038293	1	0.10433947325	0	1	0.68087478325	1	0.117555812	1	1	0.327304671	0.2212853685	1	0.13228004275	0	0.22610946725	0.52142537325	0.27229042375	0.2199070015	0	0.245920341	1	1	0.14688285575	1
1	1	0.29874444875	0.6394319765	0.18556758325	0.1318771925	0.369319028	0.6228260585	1	0.5107102485	0	1	0.904920924	1	0.14070893575	1	1	0.44568609325	0.230480916	0.8060475405	0	0	0.3235777325	0.598430814	0.1742675885	0.2486688955	0	0.21428627025	1	1	0.09262289575	1
1	1	0.05329526575	0.557278989	0.06574307425	0	0.24928758125	0.14812168275	1	0.50821321225	0	1	0.5269659085	1	0.03334044425	1	1	0.11675402225	0	0.30065195125	0.06124819375	0	0	0.152177266	0.0014291885	0.1335045695	0	0	0.54035855325	1	0	1
1	1	0.2076722795	0.5688397685	0.22563225425	0.235638903	0.3006782765	0.466038293	1	0.10433947325	0	1	0.68087478325	1	0.117555812	1	1	0.327304671	0.2212853685	1	0.13228004275	0	0.22610946725	0.52142537325	0.27229042375	0.2199070015	0	0.245920341	1	1	0.14688285575	1
1	1	0.29874444875	0.6394319765	0.18556758325	0.1318771925	0.369319028	0.6228260585	1	0.5107102485	0	1	0.904920924	1	0.14070893575	1	1	0.44568609325	0.230480916	0.8060475405	0	0	0.3235777325	0.598430814	0.1742675885	0.2486688955	0	0.21428627025	1	1	0.09262289575	1
1	1	0.05329526575	0.557278989	0.06574307425	0	0.24928758125	0.14812168275	1	0.50821321225	0	1	0.5269659085	1	0.03334044425	1	1	0.11675402225	0	0.30065195125	0.06124819375	0	0	0.152177266	0.0014291885	0.1335045695	0	0	0.54035855325	1	0	1
1	1	0.2076722795	0.5688397685	0.22563225425	0.235638903	0.3006782765	0.466038293	1	0.10433947325	0	1	0.68087478325	1	0.117555812	1	1	0.327304671	0.2212853685	1	0.13228004275	0	0.22610946725	0.52142537325	0.27229042375	0.2199070015	0	0.245920341	1	1	0.14688285575	1
1	1	0.29874444875	0.6394319765	0.18556758325	0.1318771925	0.369319028	0.6228260585	1	0.5107102485	0	1	0.904920924	1	0.14070893575	1	1	0.44568609325	0.230480916	0.8060475405	0	0	0.3235777325	0.598430814	0.1742675885	0.2486688955	0	0.21428627025	1	1	0.09262289575	1
1	1	0.05329526575	0.557278989	0.06574307425	0	0.24928758125	0.14812168275	1	0.50821321225	0	1	0.5269659085	1	0.03334044425	1	1	0.11675402225	0	0.30065195125	0.06124819375	0	0	0.152177266	0.0014291885	0.1335045695	0	0	0.54035855325	1	0	1
0.276159117	0.4486368865	0.1288215045	0.33463239625	0	0.102395606	0.1495354805	0.56300190925	1	0.12301153325	0.03066759775	1	0.36764054425	0	0	0.02866509725	1	1	0.20661337725	1	0.43152404975	0.161522502	0.5650917235	1	1	1	0.189499294	1	1	0	1	0.04772344425
0.34320925375	0.41362604325	0	0.412499807	0.2313902745	0	0.46291522575	0.47968232475	1	0.36625156325	0	1	0.3670360505	0	0.2600892485	0.00057638075	1	1	0.188274916	1	0.2671283365	0.30232881725	0.59900660425	1	1	0.93327776225	0.11702185675	1	1	0	1	0
0.2212966745	0.5999100815	0.20313746775	0.00522134025	0.11152760675	0.24639566425	0.4301506265	0.4067242395	1	0.23040077675	0.19713331025	1	0.26927573225	0.01132877325	0.48870997875	0.178400601	1	1	0.08254562	1	0.159486834	0.0154289955	0.495784077	1	1	1	0.06870356525	1	1	0	1	0
0.276159117	0.4486368865	0.1288215045	0.33463239625	0	0.102395606	0.1495354805	0.56300190925	1	0.12301153325	0.03066759775	1	0.36764054425	0	0	0.02866509725	1	1	0.20661337725	1	0.43152404975	0.161522502	0.5650917235	1	1	1	0.189499294	1	1	0	1	0.04772344425
0.34320925375	0.41362604325	0	0.412499807	0.2313902745	0	0.46291522575	0.47968232475	1	0.36625156325	0	1	0.3670360505	0	0.2600892485	0.00057638075	1	1	0.188274916	1	0.2671283365	0.30232881725	0.59900660425	1	1	0.93327776225	0.11702185675	1	1	0	1	0
0.2212966745	0.5999100815	0.20313746775	0.00522134025	0.11152760675	0.24639566425	0.4301506265	0.4067242395	1	0.23040077675	0.19713331025	1	0.26927573225	0.01132877325	0.48870997875	0.178400601	1	1	0.08254562	1	0.159486834	0.0154289955	0.495784077	1	1	1	0.06870356525	1	1	0	1	0
0.276159117	0.4486368865	0.1288215045	0.33463239625	0	0.102395606	0.1495354805	0.56300190925	1	0.12301153325	0.03066759775	1	0.36764054425	0	0	0.02866509725	1	1	0.20661337725	1	0.43152404975	0.161522502	0.5650917235	1	1	1	0.189499294	1	1	0	1	0.04772344425
0.34320925375	0.41362604325	0	0.412499807	0.2313902745	0	0.46291522575	0.47968232475	1	0.36625156325	0	1	0.3670360505	0	0.2600892485	0.00057638075	1	1	0.188274916	1	0.2671283365	0.30232881725	0.59900660425	1	1	0.93327776225	0.11702185675	1	1	0	1	0
0.2212966745	0.5999100815	0.20313746775	0.00522134025	0.11152760675	0.24639566425	0.4301506265	0.4067242395	1	0.23040077675	0.19713331025	1	0.26927573225	0.01132877325	0.48870997875	0.178400601	1	1	0.08254562	1	0.159486834	0.0154289955	0.495784077	1	1	1	0.06870356525	1	1	0	1	0
0.00088343375	0.03099325575	0.1774127025	0.075568182	0.2832803075	0.34626197375	0.1629415385	0.2749715155	0.1248912425	0.16888285425	0	0.08065116025	0.0757858795	0.120166911	0.1296205625	0.217521704	0	0.022787212	0.14911445875	0.04769415225	0.2038101375	0	0.20041538875	0	0.112043408	0.073553854	0	0	0.0322515175	0.179916191	0	0.12944299175
0	0	0.153441499	0	0.13808465175	0.26454274025	0.0418399195	0.1845516345	0.0522079065	0	0.070368086	0.0668680645	0	0.091451588	0.031812667	0.11470243575	0	0	0	0	0.077949659	0	0.15115045125	0	0.0328798085	0	0.14711399725	0	0	0.12269458175	0	0.08346857575
0	0.012917897	0	0	0.05814006175	0	0	0.11507460325	0.02778040775	0	0	0	0	0	0	0	0.01892087575	0	0	0	0	0	0.30320609275	0	0.047998266	0	0	0	0	0.070663753	0.0263469955	0.06531855975
0.00088343375	0.03099325575	0.1774127025	0.075568182	0.2832803075	0.34626197375	0.1629415385	0.2749715155	0.1248912425	0.16888285425	0	0.08065116025	0.0757858795	0.120166911	0.1296205625	0.217521704	0	0.022787212	0.14911445875	0.04769415225	0.2038101375	0	0.20041538875	0	0.112043408	0.073553854	0	0	0.0322515175	0.179916191	0	0.12944299175
0	0	0.153441499	0	0.13808465175	0.26454274025	0.0418399195	0.1845516345	0.0522079065	0	0.070368086	0.0668680645	0	0.091451588	0.031812667	0.11470243575	0	0	0	0	0.077949659	0	0.15115045125	0	0.0328798085	0	0.14711399725	0	0	0.12269458175	0	0.08346857575
0	0.012917897	0	0	0.05814006175	0	0	0.11507460325	0.02778040775	0	0	0	0	0	0	0	0.01892087575	0	0	0	0	0	0.30320609275	0	0.047998266	0	0	0	0	0.070663753	0.0263469955	0.06531855975
0.00088343375	0.03099325575	0.1774127025	0.075568182	0.2832803075	0.34626197375	0.1629415385	0.2749715155	0.1248912425	0.16888285425	0	0.08065116025	0.0757858795	0.120166911	0.1296205625	0.217521704	0	0.022787212	0.14911445875	0.04769415225	0.2038101375	0	0.20041538875	0	0.112043408	0.073553854	0	0	0.0322515175	0.179916191	0	0.12944299175
0	0	0.153441499	0	0.13808465175	0.26454274025	0.0418399195	0.1845516345	0.0522079065	0	0.070368086	0.0668680645	0	0.091451588	0.031812667	0.11470243575	0	0	0	0	0.077949659	0	0.15115045125	0	0.0328798085	0	0.14711399725	0	0	0.12269458175	0	0.08346857575
0	0.012917897	0	0	0.05814006175	0	0	0.11507460325	0.02778040775	0	0	0	0	0	0	0	0.01892087575	0	0	0	0	0	0.30320609275	0	0.047998266	0	0	0	0	0.070663753	0.0263469955	0.06531855975
0.44104657025	1	0.172125923	0	0	0	0	0	1	0.09167757275	0.58213317275	1	0.58801262575	0	0.04839132875	0	1	1	1	0.2881783555	0.51217013025	0.38942766325	0.01664015175	0.09681916575	0.67216695	0.348742421	0.696519658	1	1	0	0.307314386	0.55709445175
0.42771338675	1	0.2498211685	0	0	0	0	0.12846939675	1	0.31926135175	0.82433089925	1	0.471835646	0	0.073066021	0	1	1	0.6390045625	0.34889640875	0	0.19675725725	0	0.3724069115	0	1	0.75690636175	1	0.78764544825	0	0.3488054895	0
0.58921205675	1	0.2695842785	0	0	0	0.02169491575	0.214548199	1	0	0.516678027	1	0.3262662295	0	0.03105188275	0	1	1	0.79815882025	0.46801375575	0	0.3255229355	0	0.5265323415	0.125270293	0.46891314875	0.56043012825	1	1	0	0.36899901925	0.3631810685
0.44104657025	1	0.172125923	0	0	0	0	0	1	0.09167757275	0.58213317275	1	0.58801262575	0	0.04839132875	0	1	1	1	0.2881783555	0.51217013025	0.38942766325	0.01664015175	0.09681916575	0.67216695	0.348742421	0.696519658	1	1	0	0.307314386	0.55709445175
0.42771338675	1	0.2498211685	0	0	0	0	0.12846939675	1	0.31926135175	0.82433089925	1	0.471835646	0	0.073066021	0	1	1	0.6390045625	0.34889640875	0	0.19675725725	0	0.3724069115	0	1	0.75690636175	1	0.78764544825	0	0.3488054895	0
0.58921205675	1	0.2695842785	0	0	0	0.02169491575	0.214548199	1	0	0.516678027	1	0.3262662295	0	0.03105188275	0	1	1	0.79815882025	0.46801375575	0	0.3255229355	0	0.5265323415	0.125270293	0.46891314875	0.56043012825	1	1	0	0.36899901925	0.3631810685
0.635826587	1	0.55151620275	0	0.25899364525	0.38532483025	0.2650122295	0.39742163775	1	0.29270367175	0.032896893	1	0.2599130945	0.0731292825	0.1482374825	0.15417623125	1	1	0.707298926	0.33843661875	0.348499863	0.11253676725	0.03797307675	0.21961549775	0.686791129	0.20784945275	0	1	0.6096932685	0.03085340625	0.2027509145	0.00604656175
0.66255945575	1	0.50790042275	0.03322012225	0.24984741875	0.2478151685	0.31342812625	0.3785124645	1	0.259352337	0.1153471725	1	0.13130174025	0.092974224	0.200607711	0.17917946275	1	1	0.43098964975	0.29677423575	0.09952494475	0	0.19109032825	0.22228353	0.532360053	0.25860074725	0	1	0.552332104	0	0.1732694185	0
0.07737241975	1	0.09635677275	0.0495573705	1	0	0	0.2729184065	1	0	0.06989015575	1	0.1782537035	0.0329688405	0.026721397	0.15654666475	1	1	0.55674045375	0.02285965025	0	0.06539290825	0.09999172225	0.104536892	0.22366736775	0.013171938	0	1	0.34140558225	0.044383869	0.04667128875	0
0.635826587	1	0.55151620275	0	0.25899364525	0.38532483025	0.2650122295	0.39742163775	1	0.29270367175	0.032896893	1	0.2599130945	0.0731292825	0.1482374825	0.15417623125	1	1	0.707298926	0.33843661875	0.348499863	0.11253676725	0.03797307675	0.21961549775	0.686791129	0.20784945275	0	1	0.6096932685	0.03085340625	0.2027509145	0.00604656175
0.66255945575	1	0.50790042275	0.03322012225	0.24984741875	0.2478151685	0.31342812625	0.3785124645	1	0.259352337	0.1153471725	1	0.13130174025	0.092974224	0.200607711	0.17917946275	1	1	0.43098964975	0.29677423575	0.09952494475	0	0.19109032825	0.22228353	0.532360053	0.25860074725	0	1	0.552332104	0	0.1732694185	0
0.07737241975	1	0.09635677275	0.0495573705	1	0	0	0.2729184065	1	0	0.06989015575	1	0.1782537035	0.0329688405	0.026721397	0.15654666475	1	1	0.55674045375	0.02285965025	0	0.06539290825	0.09999172225	0.104536892	0.22366736775	0.013171938	0	1	0.34140558225	0.044383869	0.04667128875	0
0.635826587	1	0.55151620275	0	0.25899364525	0.38532483025	0.2650122295	0.39742163775	1	0.29270367175	0.032896893	1	0.2599130945	0.0731292825	0.1482374825	0.15417623125	1	1	0.707298926	0.33843661875	0.348499863	0.11253676725	0.03797307675	0.21961549775	0.686791129	0.20784945275	0	1	0.6096932685	0.03085340625	0.2027509145	0.00604656175
0.66255945575	1	0.50790042275	0.03322012225	0.24984741875	0.2478151685	0.31342812625	0.3785124645	1	0.259352337	0.1153471725	1	0.13130174025	0.092974224	0.200607711	0.17917946275	1	1	0.43098964975	0.29677423575	0.09952494475	0	0.19109032825	0.22228353	0.532360053	0.25860074725	0	1	0.552332104	0	0.1732694185	0
0.07737241975	1	0.09635677275	0.0495573705	1	0	0	0.2729184065	1	0	0.06989015575	1	0.1782537035	0.0329688405	0.026721397	0.15654666475	1	1	0.55674045375	0.02285965025	0	0.06539290825	0.09999172225	0.104536892	0.22366736775	0.013171938	0	1	0.34140558225	0.044383869	0.04667128875	0
0	0	0.009315048	0	0.18251089675	0	0.16760144625	0.089634212	0.060171701	0	0	0	0	0	0.01931052175	0.04291931275	0	0.02650289575	0	0	0.0519840105	0	0.09162794725	0	0	0	0	0	0	0.01668638175	0	0.086526424
0	0	0.1079380185	0.2155058775	0.1582242345	0	0.20958451925	0.15701893475	0.08282306875	0.35847361275	0.61264251525	0	0	0	0.17041422925	0.05761322275	0	0	0	0	0.093338964	0	0.1871020965	0	0	0.01972415325	0	0	0.02096039525	0	0	0
0	0	0	0.06278364225	0.14400736325	0.012994004	0.05878648525	0	0.0619686795	0	0.40395728875	0.005401245	0	0	0	0.0482144375	0	0	0	0	0.23372876175	0	0.0413014	0	0.0856390655	0	0	0	0.00142623125	0	0	0
0	0	0.009315048	0	0.18251089675	0	0.16760144625	0.089634212	0.060171701	0	0	0	0	0	0.01931052175	0.04291931275	0	0.02650289575	0	0	0.0519840105	0	0.09162794725	0	0	0	0	0	0	0.01668638175	0	0.086526424
0	0	0.1079380185	0.2155058775	0.1582242345	0	0.20958451925	0.15701893475	0.08282306875	0.35847361275	0.61264251525	0	0	0	0.17041422925	0.05761322275	0	0	0	0	0.093338964	0	0.1871020965	0	0	0.01972415325	0	0	0.02096039525	0	0	0
0	0	0	0.06278364225	0.14400736325	0.012994004	0.05878648525	0	0.0619686795	0	0.40395728875	0.005401245	0	0	0	0.0482144375	0	0	0	0	0.23372876175	0	0.0413014	0	0.0856390655	0	0	0	0.00142623125	0	0	0
0	0	0.009315048	0	0.18251089675	0	0.16760144625	0.089634212	0.060171701	0	0	0	0	0	0.01931052175	0.04291931275	0	0.02650289575	0	0	0.0519840105	0	0.09162794725	0	0	0	0	0	0	0.01668638175	0	0.086526424
0	0	0.1079380185	0.2155058775	0.1582242345	0	0.20958451925	0.15701893475	0.08282306875	0.35847361275	0.61264251525	0	0	0	0.17041422925	0.05761322275	0	0	0	0	0.093338964	0	0.1871020965	0	0	0.01972415325	0	0	0.02096039525	0	0	0
0	0	0	0.06278364225	0.14400736325	0.012994004	0.05878648525	0	0.0619686795	0	0.40395728875	0.005401245	0	0	0	0.0482144375	0	0	0	0	0.23372876175	0	0.0413014	0	0.0856390655	0	0	0	0.00142623125	0	0	0
1	0.464791471	0	0.82012008	0	0	0.415654097	1	1	0.893996612	0.21675824925	1	1	0.41473838475	0.84579499925	1	1	1	0	1	0.01694882475	0	0.31555050975	1	1	1	0.079685669	0.9346730105	1	0.198149477	1	1
1	0.49017798975	0	1	0	0	0.53636628175	1	1	0.65573716775	0	1	1	0.3068578755	0.6095939175	1	1	1	0.02702619475	1	0.09998216625	0.08384816575	0.2646403485	1	1	1	0.116692616	1	1	0.37292452225	1	1
1	0.4834172425	0.115004704	1	0.265078011	0.258325403	0.65762633175	1	1	1	0.08544694175	1	1	0.6722745125	1	1	1	0.65632621725	0.092476535	1	0	0.21712372575	0.20048336925	0.528283587	0.771566678	1	0	0.868072878	1	0.0539059945	0.61604191525	0.758401842
1	0.464791471	0	0.82012008	0	0	0.415654097	1	1	0.893996612	0.21675824925	1	1	0.41473838475	0.84579499925	1	1	1	0	1	0.01694882475	0	0.31555050975	1	1	1	0.079685669	0.9346730105	1	0.198149477	1	1
1	0.49017798975	0	1	0	0	0.53636628175	1	1	0.65573716775	0	1	1	0.3068578755	0.6095939175	1	1	1	0.02702619475	1	0.09998216625	0.08384816575	0.2646403485	1	1	1	0.116692616	1	1	0.37292452225	1	1
1	0.4834172425	0.115004704	1	0.265078011	0.258325403	0.65762633175	1	1	1	0.08544694175	1	1	0.6722745125	1	1	1	0.65632621725	0.092476535	1	0	0.21712372575	0.20048336925	0.528283587	0.771566678	1	0	0.868072878	1	0.0539059945	0.61604191525	0.758401842
1	0.464791471	0	0.82012008	0	0	0.415654097	1	1	0.893996612	0.21675824925	1	1	0.41473838475	0.84579499925	1	1	1	0	1	0.01694882475	0	0.31555050975	1	1	1	0.079685669	0.9346730105	1	0.198149477	1	1
1	0.49017798975	0	1	0	0	0.53636628175	1	1	0.65573716775	0	1	1	0.3068578755	0.6095939175	1	1	1	0.02702619475	1	0.09998216625	0.08384816575	0.2646403485	1	1	1	0.116692616	1	1	0.37292452225	1	1
1	0.4834172425	0.115004704	1	0.265078011	0.258325403	0.65762633175	1	1	1	0.08544694175	1	1	0.6722745125	1	1	1	0.65632621725	0.092476535	1	0	0.21712372575	0.20048336925	0.528283587	0.771566678	1	0	0.868072878	1	0.0539059945	0.61604191525	0.758401842
0	0.2990278045	0	0.1055275135	0	0	0	0	0	0.20809511525	0.200322842	0.1125510505	0.1683372515	0	1	0	0.8403977165	1	0	0.367148836	0.108381317	0	0.11905793425	0.095141505	0.4286766225	0.216549942	0	0.60872430275	0.44133810775	0	1	0
0	0.21255660475	0	0	0	0	0	0	0	0	0.29202147775	0.05654130075	0	0	1	0	0.93300660725	1	0	0.684766492	0.1058013605	0	0.48695255025	0.5535157465	0.29301298775	0.695116513	0	0.39553896225	0.59140043175	0	1	0.04079480675
0	0.53493288525	0.04245508175	0.0908958535	0.05541703275	0	0.10647164725	0.02921089525	0.06178898175	0.41065624375	0	0.2427809585	0.170170324	0.10057051225	1	0	0.5934343675	1	0	0	0	0	0	0	0	0	0.75198246725	0.291030782	0.1757649035	0	1	0
0	0.2990278045	0	0.1055275135	0	0	0	0	0	0.20809511525	0.200322842	0.1125510505	0.1683372515	0	1	0	0.8403977165	1	0	0.367148836	0.108381317	0	0.11905793425	0.095141505	0.4286766225	0.216549942	0	0.60872430275	0.44133810775	0	1	0
0	0.21255660475	0	0	0	0	0	0	0	0	0.29202147775	0.05654130075	0	0	1	0	0.93300660725	1	0	0.684766492	0.1058013605	0	0.48695255025	0.5535157465	0.29301298775	0.695116513	0	0.39553896225	0.59140043175	0	1	0.04079480675
0	0.53493288525	0.04245508175	0.0908958535	0.05541703275	0	0.10647164725	0.02921089525	0.06178898175	0.41065624375	0	0.2427809585	0.170170324	0.10057051225	1	0	0.5934343675	1	0	0	0	0	0	0	0	0	0.75198246725	0.291030782	0.1757649035	0	1	0
0	0.2990278045	0	0.1055275135	0	0	0	0	0	0.20809511525	0.200322842	0.1125510505	0.1683372515	0	1	0	0.8403977165	1	0	0.367148836	0.108381317	0	0.11905793425	0.095141505	0.4286766225	0.216549942	0	0.60872430275	0.44133810775	0	1	0
0	0.21255660475	0	0	0	0	0	0	0	0	0.29202147775	0.05654130075	0	0	1	0	0.93300660725	1	0	0.684766492	0.1058013605	0	0.48695255025	0.5535157465	0.29301298775	0.695116513	0	0.39553896225	0.59140043175	0	1	0.04079480675
0	0.53493288525	0.04245508175	0.0908958535	0.05541703275	0	0.10647164725	0.02921089525	0.06178898175	0.41065624375	0	0.2427809585	0.170170324	0.10057051225	1	0	0.5934343675	1	0	0	0	0	0	0	0	0	0.75198246725	0.291030782	0.1757649035	0	1	0
0	0	0	0	0	0	0	0	0	0	0	0	0	0	0	0	0	0	0	0	0	0.16604614525	0	0.042451437	0	0	0.014764522	0	0	0	0	0
0	0	0	0	0	0	0	0	0	0	0.12886138125	0	0	0	0	0	0.01019880575	0	0	0	0	0.27436519675	0	0	0.00461919925	0	0.058447691	0	0	0.091386907	0	0.003959909
0	0	0	0	0	0	0	0	0	0	0	0	0	0	0	0	0	0	0	0	0	0.0275049495	0	0	0	0	0.04525195425	0	0	0	0	0
0	0	0	0	0	0	0	0	0	0	0	0	0	0	0	0	0	0	0	0	0	0.16604614525	0	0.042451437	0	0	0.014764522	0	0	0	0	0
0	0	0	0	0	0	0	0	0	0	0.12886138125	0	0	0	0	0	0.01019880575	0	0	0	0	0.27436519675	0	0	0.00461919925	0	0.058447691	0	0	0.091386907	0	0.003959909
0	0	0	0	0	0	0	0	0	0	0	0	0	0	0	0	0	0	0	0	0	0.0275049495	0	0	0	0	0.04525195425	0	0	0	0	0
0	0	0	0	0	0	0	0	0	0	0.14831362925	0	0	0	0	0	0	0	0	0	0	0.148311182	0	0.06171711575	0	0	0.2487000615	0	0	0	0	0
0.02262483375	0	0.064805622	0	0.234983846	0	0	0.1067425555	0.00894879375	0	0	0	0	0	0.033258287	0	0.2904935555	0.27283228375	0.133817665	0.35599195725	1	1	0.642296231	1	0.723084077	1	0.178325133	0.54150407825	0.6577827445	1	1	1
0	0	0	0.0759639935	0	0	0	0.22360191325	0	0.07037851825	1	0	0.08147789575	0	0.22427752475	0	0	0	0	0.0687315845	0	0	0	0.31988866575	0	0	0.15120995575	0	0	0	0.481111595	0
0	0	0.03295290075	0.05828826325	0.285639016	0	0.0066151795	0	0.074406562	0	0	0	0	0	0	0.024019443	0	0	0	0	0	0	0	0	0	0	0	0	0	0	0.05437332	0
0.00661494075	0	0.021613286	0	0.168413189	0	0.09499557475	0	0.109317093	0	0	0	0	0	0	0	0	0	0	0	0.34617642325	0	0	0	0.10641811825	0	0.078339323	0	0	0	0	0
0	0	0.067814353	0	0.0224848355	0.34696988925	0	0	0	0	0	0.002443357	0	0.05196884625	0	0	0	0	0	0	0.204985951	0.02994903175	0.31375554775	0.095350384	0	0	0	0	0	0	0.000587933	0
0	0	0.01516189125	0.01255567825	0.15220619225	0.05821074025	0.12707984275	0	0.0608904925	0	0	0	0	0	0	0.06378776475	0.052637452	0.07526944875	0.04771652275	0	0	0	0.0329088455	0.12467839425	0.019744718	0.0533531225	0	0.11924398075	0	0.06130927425	0	0.1602114615
0	0	0.00949138575	0.117717109	0.13240245825	0	0	0.03182470825	0.02095643	0	0.13589098025	0	0.10442679225	0	0.0367852305	0	0	0	0	0	0	0.45235400775	0	0	0	0.13000750225	0.19021264875	0	0	0.11226446275	0	0.080795712
0	0	0.1218542855	0.3379092955	0.15211086175	0	0.11910569875	0	0.0890017975	0	0	0.04125122925	0.15009287475	0.0158675515	0	0.030185775	0.03150559175	0	0	0.16497447125	0.198650224	0	0	0	0.20631134275	0.30571632925	0	0	0	0	0.50650587925	0
0	0	0	0	0	0	0	0	0	0	0	0	0	0	0	0	0	0	0.00839276375	0	0	0	0	0.00552145275	0	0.03616228975	0	0	0	0	0	0
0	0	0	0	0.12796719525	0.01214493425	0.174301813	0	0.07190319425	0	0	0	0	0	0	0.02117144375	0	0	0.041254948	0.067280156	0	0	0.110536276	0	0	0.04218990825	0	0	0	0.0659865135	0.05273355825	0
0	0	0	0	0	0	0	0	0	0	0.14831362925	0	0	0	0	0	0	0	0	0	0	0.148311182	0	0.06171711575	0	0	0.2487000615	0	0	0	0	0
0.02262483375	0	0.064805622	0	0.234983846	0	0	0.1067425555	0.00894879375	0	0	0	0	0	0.033258287	0	0.2904935555	0.27283228375	0.133817665	0.35599195725	1	1	0.642296231	1	0.723084077	1	0.178325133	0.54150407825	0.6577827445	1	1	1
0	0	0	0.0759639935	0	0	0	0.22360191325	0	0.07037851825	1	0	0.08147789575	0	0.22427752475	0	0	0	0	0.0687315845	0	0	0	0.31988866575	0	0	0.15120995575	0	0	0	0.481111595	0
0	0	0.03295290075	0.05828826325	0.285639016	0	0.0066151795	0	0.074406562	0	0	0	0	0	0	0.024019443	0	0	0	0	0	0	0	0	0	0	0	0	0	0	0.05437332	0
0.00661494075	0	0.021613286	0	0.168413189	0	0.09499557475	0	0.109317093	0	0	0	0	0	0	0	0	0	0	0	0.34617642325	0	0	0	0.10641811825	0	0.078339323	0	0	0	0	0
0	0	0.067814353	0	0.0224848355	0.34696988925	0	0	0	0	0	0.002443357	0	0.05196884625	0	0	0	0	0	0	0.204985951	0.02994903175	0.31375554775	0.095350384	0	0	0	0	0	0	0.000587933	0
0	0	0.01516189125	0.01255567825	0.15220619225	0.05821074025	0.12707984275	0	0.0608904925	0	0	0	0	0	0	0.06378776475	0.052637452	0.07526944875	0.04771652275	0	0	0	0.0329088455	0.12467839425	0.019744718	0.0533531225	0	0.11924398075	0	0.06130927425	0	0.1602114615
0	0	0.00949138575	0.117717109	0.13240245825	0	0	0.03182470825	0.02095643	0	0.13589098025	0	0.10442679225	0	0.0367852305	0	0	0	0	0	0	0.45235400775	0	0	0	0.13000750225	0.19021264875	0	0	0.11226446275	0	0.080795712
0	0	0.1218542855	0.3379092955	0.15211086175	0	0.11910569875	0	0.0890017975	0	0	0.04125122925	0.15009287475	0.0158675515	0	0.030185775	0.03150559175	0	0	0.16497447125	0.198650224	0	0	0	0.20631134275	0.30571632925	0	0	0	0	0.50650587925	0
0	0	0	0	0	0	0	0	0	0	0	0	0	0	0	0	0	0	0.00839276375	0	0	0	0	0.00552145275	0	0.03616228975	0	0	0	0	0	0
0	0	0	0	0.12796719525	0.01214493425	0.174301813	0	0.07190319425	0	0	0	0	0	0	0.02117144375	0	0	0.041254948	0.067280156	0	0	0.110536276	0	0	0.04218990825	0	0	0	0.0659865135	0.05273355825	0
0	0	0	0	0	0	0	0	0	0	0.14831362925	0	0	0	0	0	0	0	0	0	0	0.148311182	0	0.06171711575	0	0	0.2487000615	0	0	0	0	0
0.02262483375	0	0.064805622	0	0.234983846	0	0	0.1067425555	0.00894879375	0	0	0	0	0	0.033258287	0	0.2904935555	0.27283228375	0.133817665	0.35599195725	1	1	0.642296231	1	0.723084077	1	0.178325133	0.54150407825	0.6577827445	1	1	1
0	0	0	0.0759639935	0	0	0	0.22360191325	0	0.07037851825	1	0	0.08147789575	0	0.22427752475	0	0	0	0	0.0687315845	0	0	0	0.31988866575	0	0	0.15120995575	0	0	0	0.481111595	0
0	0	0.03295290075	0.05828826325	0.285639016	0	0.0066151795	0	0.074406562	0	0	0	0	0	0	0.024019443	0	0	0	0	0	0	0	0	0	0	0	0	0	0	0.05437332	0
0.00661494075	0	0.021613286	0	0.168413189	0	0.09499557475	0	0.109317093	0	0	0	0	0	0	0	0	0	0	0	0.34617642325	0	0	0	0.10641811825	0	0.078339323	0	0	0	0	0
0	0	0.067814353	0	0.0224848355	0.34696988925	0	0	0	0	0	0.002443357	0	0.05196884625	0	0	0	0	0	0	0.204985951	0.02994903175	0.31375554775	0.095350384	0	0	0	0	0	0	0.000587933	0
0	0	0.01516189125	0.01255567825	0.15220619225	0.05821074025	0.12707984275	0	0.0608904925	0	0	0	0	0	0	0.06378776475	0.052637452	0.07526944875	0.04771652275	0	0	0	0.0329088455	0.12467839425	0.019744718	0.0533531225	0	0.11924398075	0	0.06130927425	0	0.1602114615
0	0	0.00949138575	0.117717109	0.13240245825	0	0	0.03182470825	0.02095643	0	0.13589098025	0	0.10442679225	0	0.0367852305	0	0	0	0	0	0	0.45235400775	0	0	0	0.13000750225	0.19021264875	0	0	0.11226446275	0	0.080795712
0	0	0.1218542855	0.3379092955	0.15211086175	0	0.11910569875	0	0.0890017975	0	0	0.04125122925	0.15009287475	0.0158675515	0	0.030185775	0.03150559175	0	0	0.16497447125	0.198650224	0	0	0	0.20631134275	0.30571632925	0	0	0	0	0.50650587925	0
0	0	0	0	0	0	0	0	0	0	0	0	0	0	0	0	0	0	0.00839276375	0	0	0	0	0.00552145275	0	0.03616228975	0	0	0	0	0	0
0	0	0	0	0.12796719525	0.01214493425	0.174301813	0	0.07190319425	0	0	0	0	0	0	0.02117144375	0	0	0.041254948	0.067280156	0	0	0.110536276	0	0	0.04218990825	0	0	0	0.0659865135	0.05273355825	0
0	0	0	0	0	0	0	0	0	0	0.14831362925	0	0	0	0	0	0	0	0	0	0	0.148311182	0	0.06171711575	0	0	0.2487000615	0	0	0	0	0
0.02262483375	0	0.064805622	0	0.234983846	0	0	0.1067425555	0.00894879375	0	0	0	0	0	0.033258287	0	0.2904935555	0.27283228375	0.133817665	0.35599195725	1	1	0.642296231	1	0.723084077	1	0.178325133	0.54150407825	0.6577827445	1	1	1
0	0	0	0.0759639935	0	0	0	0.22360191325	0	0.07037851825	1	0	0.08147789575	0	0.22427752475	0	0	0	0	0.0687315845	0	0	0	0.31988866575	0	0	0.15120995575	0	0	0	0.481111595	0
0	0	0.03295290075	0.05828826325	0.285639016	0	0.0066151795	0	0.074406562	0	0	0	0	0	0	0.024019443	0	0	0	0	0	0	0	0	0	0	0	0	0	0	0.05437332	0
0.00661494075	0	0.021613286	0	0.168413189	0	0.09499557475	0	0.109317093	0	0	0	0	0	0	0	0	0	0	0	0.34617642325	0	0	0	0.10641811825	0	0.078339323	0	0	0	0	0
0	0	0.067814353	0	0.0224848355	0.34696988925	0	0	0	0	0	0.002443357	0	0.05196884625	0	0	0	0	0	0	0.204985951	0.02994903175	0.31375554775	0.095350384	0	0	0	0	0	0	0.000587933	0
0	0	0.01516189125	0.01255567825	0.15220619225	0.05821074025	0.12707984275	0	0.0608904925	0	0	0	0	0	0	0.06378776475	0.052637452	0.07526944875	0.04771652275	0	0	0	0.0329088455	0.12467839425	0.019744718	0.0533531225	0	0.11924398075	0	0.06130927425	0	0.1602114615
0	0	0.00949138575	0.117717109	0.13240245825	0	0	0.03182470825	0.02095643	0	0.13589098025	0	0.10442679225	0	0.0367852305	0	0	0	0	0	0	0.45235400775	0	0	0	0.13000750225	0.19021264875	0	0	0.11226446275	0	0.080795712
0	0	0.1218542855	0.3379092955	0.15211086175	0	0.11910569875	0	0.0890017975	0	0	0.04125122925	0.15009287475	0.0158675515	0	0.030185775	0.03150559175	0	0	0.16497447125	0.198650224	0	0	0	0.20631134275	0.30571632925	0	0	0	0	0.50650587925	0
0	0	0	0	0	0	0	0	0	0	0	0	0	0	0	0	0	0	0.00839276375	0	0	0	0	0.00552145275	0	0.03616228975	0	0	0	0	0	0
0	0	0	0	0.12796719525	0.01214493425	0.174301813	0	0.07190319425	0	0	0	0	0	0	0.02117144375	0	0	0.041254948	0.067280156	0	0	0.110536276	0	0	0.04218990825	0	0	0	0.0659865135	0.05273355825	0
0	0	0	0	0	0	0	0	0	0	0.14831362925	0	0	0	0	0	0	0	0	0	0	0.148311182	0	0.06171711575	0	0	0.2487000615	0	0	0	0	0
0.02262483375	0	0.064805622	0	0.234983846	0	0	0.1067425555	0.00894879375	0	0	0	0	0	0.033258287	0	0.2904935555	0.27283228375	0.133817665	0.35599195725	1	1	0.642296231	1	0.723084077	1	0.178325133	0.54150407825	0.6577827445	1	1	1
0	0	0	0.0759639935	0	0	0	0.22360191325	0	0.07037851825	1	0	0.08147789575	0	0.22427752475	0	0	0	0	0.0687315845	0	0	0	0.31988866575	0	0	0.15120995575	0	0	0	0.481111595	0
0	0	0.03295290075	0.05828826325	0.285639016	0	0.0066151795	0	0.074406562	0	0	0	0	0	0	0.024019443	0	0	0	0	0	0	0	0	0	0	0	0	0	0	0.05437332	0
0.00661494075	0	0.021613286	0	0.168413189	0	0.09499557475	0	0.109317093	0	0	0	0	0	0	0	0	0	0	0	0.34617642325	0	0	0	0.10641811825	0	0.078339323	0	0	0	0	0
0	0	0.067814353	0	0.0224848355	0.34696988925	0	0	0	0	0	0.002443357	0	0.05196884625	0	0	0	0	0	0	0.204985951	0.02994903175	0.31375554775	0.095350384	0	0	0	0	0	0	0.000587933	0
0	0	0.01516189125	0.01255567825	0.15220619225	0.05821074025	0.12707984275	0	0.0608904925	0	0	0	0	0	0	0.06378776475	0.052637452	0.07526944875	0.04771652275	0	0	0	0.0329088455	0.12467839425	0.019744718	0.0533531225	0	0.11924398075	0	0.06130927425	0	0.1602114615
0	0	0.00949138575	0.117717109	0.13240245825	0	0	0.03182470825	0.02095643	0	0.13589098025	0	0.10442679225	0	0.0367852305	0	0	0	0	0	0	0.45235400775	0	0	0	0.13000750225	0.19021264875	0	0	0.11226446275	0	0.080795712
0	0	0.1218542855	0.3379092955	0.15211086175	0	0.11910569875	0	0.0890017975	0	0	0.04125122925	0.15009287475	0.0158675515	0	0.030185775	0.03150559175	0	0	0.16497447125	0.198650224	0	0	0	0.20631134275	0.30571632925	0	0	0	0	0.50650587925	0
0	0	0	0	0	0	0	0	0	0	0	0	0	0	0	0	0	0	0.00839276375	0	0	0	0	0.00552145275	0	0.03616228975	0	0	0	0	0	0
0	0	0	0	0.12796719525	0.01214493425	0.174301813	0	0.07190319425	0	0	0	0	0	0	0.02117144375	0	0	0.041254948	0.067280156	0	0	0.110536276	0	0	0.04218990825	0	0	0	0.0659865135	0.05273355825	0
0	0	0	0	0	0	0	0	0	0	0.14831362925	0	0	0	0	0	0	0	0	0	0	0.148311182	0	0.06171711575	0	0	0.2487000615	0	0	0	0	0
0.02262483375	0	0.064805622	0	0.234983846	0	0	0.1067425555	0.00894879375	0	0	0	0	0	0.033258287	0	0.2904935555	0.27283228375	0.133817665	0.35599195725	1	1	0.642296231	1	0.723084077	1	0.178325133	0.54150407825	0.6577827445	1	1	1
0	0	0	0.0759639935	0	0	0	0.22360191325	0	0.07037851825	1	0	0.08147789575	0	0.22427752475	0	0	0	0	0.0687315845	0	0	0	0.31988866575	0	0	0.15120995575	0	0	0	0.481111595	0
0	0	0.03295290075	0.05828826325	0.285639016	0	0.0066151795	0	0.074406562	0	0	0	0	0	0	0.024019443	0	0	0	0	0	0	0	0	0	0	0	0	0	0	0.05437332	0
0.00661494075	0	0.021613286	0	0.168413189	0	0.09499557475	0	0.109317093	0	0	0	0	0	0	0	0	0	0	0	0.34617642325	0	0	0	0.10641811825	0	0.078339323	0	0	0	0	0
0	0	0.067814353	0	0.0224848355	0.34696988925	0	0	0	0	0	0.002443357	0	0.05196884625	0	0	0	0	0	0	0.204985951	0.02994903175	0.31375554775	0.095350384	0	0	0	0	0	0	0.000587933	0
0	0	0.01516189125	0.01255567825	0.15220619225	0.05821074025	0.12707984275	0	0.0608904925	0	0	0	0	0	0	0.06378776475	0.052637452	0.07526944875	0.04771652275	0	0	0	0.0329088455	0.12467839425	0.019744718	0.0533531225	0	0.11924398075	0	0.06130927425	0	0.1602114615
0	0	0.00949138575	0.117717109	0.13240245825	0	0	0.03182470825	0.02095643	0	0.13589098025	0	0.10442679225	0	0.0367852305	0	0	0	0	0	0	0.45235400775	0	0	0	0.13000750225	0.19021264875	0	0	0.11226446275	0	0.080795712
0	0	0.1218542855	0.3379092955	0.15211086175	0	0.11910569875	0	0.0890017975	0	0	0.04125122925	0.15009287475	0.0158675515	0	0.030185775	0.03150559175	0	0	0.16497447125	0.198650224	0	0	0	0.20631134275	0.30571632925	0	0	0	0	0.50650587925	0
0	0	0	0	0	0	0	0	0	0	0	0	0	0	0	0	0	0	0.00839276375	0	0	0	0	0.00552145275	0	0.03616228975	0	0	0	0	0	0
0	0	0	0	0.12796719525	0.01214493425	0.174301813	0	0.07190319425	0	0	0	0	0	0	0.02117144375	0	0	0.041254948	0.067280156	0	0	0.110536276	0	0	0.04218990825	0	0	0	0.0659865135	0.05273355825	0
0	0	0	0	0	0	0	0	0	0	0.14831362925	0	0	0	0	0	0	0	0	0	0	0.148311182	0	0.06171711575	0	0	0.2487000615	0	0	0	0	0
0.02262483375	0	0.064805622	0	0.234983846	0	0	0.1067425555	0.00894879375	0	0	0	0	0	0.033258287	0	0.2904935555	0.27283228375	0.133817665	0.35599195725	1	1	0.642296231	1	0.723084077	1	0.178325133	0.54150407825	0.6577827445	1	1	1
0	0	0	0.0759639935	0	0	0	0.22360191325	0	0.07037851825	1	0	0.08147789575	0	0.22427752475	0	0	0	0	0.0687315845	0	0	0	0.31988866575	0	0	0.15120995575	0	0	0	0.481111595	0
0	0	0.03295290075	0.05828826325	0.285639016	0	0.0066151795	0	0.074406562	0	0	0	0	0	0	0.024019443	0	0	0	0	0	0	0	0	0	0	0	0	0	0	0.05437332	0
0.00661494075	0	0.021613286	0	0.168413189	0	0.09499557475	0	0.109317093	0	0	0	0	0	0	0	0	0	0	0	0.34617642325	0	0	0	0.10641811825	0	0.078339323	0	0	0	0	0
0	0	0.067814353	0	0.0224848355	0.34696988925	0	0	0	0	0	0.002443357	0	0.05196884625	0	0	0	0	0	0	0.204985951	0.02994903175	0.31375554775	0.095350384	0	0	0	0	0	0	0.000587933	0
0	0	0.01516189125	0.01255567825	0.15220619225	0.05821074025	0.12707984275	0	0.0608904925	0	0	0	0	0	0	0.06378776475	0.052637452	0.07526944875	0.04771652275	0	0	0	0.0329088455	0.12467839425	0.019744718	0.0533531225	0	0.11924398075	0	0.06130927425	0	0.1602114615
0	0	0.00949138575	0.117717109	0.13240245825	0	0	0.03182470825	0.02095643	0	0.13589098025	0	0.10442679225	0	0.0367852305	0	0	0	0	0	0	0.45235400775	0	0	0	0.13000750225	0.19021264875	0	0	0.11226446275	0	0.080795712
0	0	0.1218542855	0.3379092955	0.15211086175	0	0.11910569875	0	0.0890017975	0	0	0.04125122925	0.15009287475	0.0158675515	0	0.030185775	0.03150559175	0	0	0.16497447125	0.198650224	0	0	0	0.20631134275	0.30571632925	0	0	0	0	0.50650587925	0
0	0	0	0	0	0	0	0	0	0	0	0	0	0	0	0	0	0	0.00839276375	0	0	0	0	0.00552145275	0	0.03616228975	0	0	0	0	0	0
0	0	0	0	0.12796719525	0.01214493425	0.174301813	0	0.07190319425	0	0	0	0	0	0	0.02117144375	0	0	0.041254948	0.067280156	0	0	0.110536276	0	0	0.04218990825	0	0	0	0.0659865135	0.05273355825	0
0	0	0	0	0	0	0	0	0	0	0.14831362925	0	0	0	0	0	0	0	0	0	0	0.148311182	0	0.06171711575	0	0	0.2487000615	0	0	0	0	0
0.02262483375	0	0.064805622	0	0.234983846	0	0	0.1067425555	0.00894879375	0	0	0	0	0	0.033258287	0	0.2904935555	0.27283228375	0.133817665	0.35599195725	1	1	0.642296231	1	0.723084077	1	0.178325133	0.54150407825	0.6577827445	1	1	1
0	0	0	0.0759639935	0	0	0	0.22360191325	0	0.07037851825	1	0	0.08147789575	0	0.22427752475	0	0	0	0	0.0687315845	0	0	0	0.31988866575	0	0	0.15120995575	0	0	0	0.481111595	0
0	0	0.03295290075	0.05828826325	0.285639016	0	0.0066151795	0	0.074406562	0	0	0	0	0	0	0.024019443	0	0	0	0	0	0	0	0	0	0	0	0	0	0	0.05437332	0
0.00661494075	0	0.021613286	0	0.168413189	0	0.09499557475	0	0.109317093	0	0	0	0	0	0	0	0	0	0	0	0.34617642325	0	0	0	0.10641811825	0	0.078339323	0	0	0	0	0
0	0	0.067814353	0	0.0224848355	0.34696988925	0	0	0	0	0	0.002443357	0	0.05196884625	0	0	0	0	0	0	0.204985951	0.02994903175	0.31375554775	0.095350384	0	0	0	0	0	0	0.000587933	0
0	0	0.01516189125	0.01255567825	0.15220619225	0.05821074025	0.12707984275	0	0.0608904925	0	0	0	0	0	0	0.06378776475	0.052637452	0.07526944875	0.04771652275	0	0	0	0.0329088455	0.12467839425	0.019744718	0.0533531225	0	0.11924398075	0	0.06130927425	0	0.1602114615
0	0	0.00949138575	0.117717109	0.13240245825	0	0	0.03182470825	0.02095643	0	0.13589098025	0	0.10442679225	0	0.0367852305	0	0	0	0	0	0	0.45235400775	0	0	0	0.13000750225	0.19021264875	0	0	0.11226446275	0	0.080795712
0	0	0.1218542855	0.3379092955	0.15211086175	0	0.11910569875	0	0.0890017975	0	0	0.04125122925	0.15009287475	0.0158675515	0	0.030185775	0.03150559175	0	0	0.16497447125	0.198650224	0	0	0	0.20631134275	0.30571632925	0	0	0	0	0.50650587925	0
0	0	0	0	0	0	0	0	0	0	0	0	0	0	0	0	0	0	0.00839276375	0	0	0	0	0.00552145275	0	0.03616228975	0	0	0	0	0	0
0	0	0	0	0.12796719525	0.01214493425	0.174301813	0	0.07190319425	0	0	0	0	0	0	0.02117144375	0	0	0.041254948	0.067280156	0	0	0.110536276	0	0	0.04218990825	0	0	0	0.0659865135	0.05273355825	0
0	0	0	0	0	0	0	0	0	0	0.14831362925	0	0	0	0	0	0	0	0	0	0	0.148311182	0	0.06171711575	0	0	0.2487000615	0	0	0	0	0
0.02262483375	0	0.064805622	0	0.234983846	0	0	0.1067425555	0.00894879375	0	0	0	0	0	0.033258287	0	0.2904935555	0.27283228375	0.133817665	0.35599195725	1	1	0.642296231	1	0.723084077	1	0.178325133	0.54150407825	0.6577827445	1	1	1
0	0	0	0.0759639935	0	0	0	0.22360191325	0	0.07037851825	1	0	0.08147789575	0	0.22427752475	0	0	0	0	0.0687315845	0	0	0	0.31988866575	0	0	0.15120995575	0	0	0	0.481111595	0
0	0	0.03295290075	0.05828826325	0.285639016	0	0.0066151795	0	0.074406562	0	0	0	0	0	0	0.024019443	0	0	0	0	0	0	0	0	0	0	0	0	0	0	0.05437332	0
0.00661494075	0	0.021613286	0	0.168413189	0	0.09499557475	0	0.109317093	0	0	0	0	0	0	0	0	0	0	0	0.34617642325	0	0	0	0.10641811825	0	0.078339323	0	0	0	0	0
0	0	0.067814353	0	0.0224848355	0.34696988925	0	0	0	0	0	0.002443357	0	0.05196884625	0	0	0	0	0	0	0.204985951	0.02994903175	0.31375554775	0.095350384	0	0	0	0	0	0	0.000587933	0
0	0	0.01516189125	0.01255567825	0.15220619225	0.05821074025	0.12707984275	0	0.0608904925	0	0	0	0	0	0	0.06378776475	0.052637452	0.07526944875	0.04771652275	0	0	0	0.0329088455	0.12467839425	0.019744718	0.0533531225	0	0.11924398075	0	0.06130927425	0	0.1602114615
0	0	0.00949138575	0.117717109	0.13240245825	0	0	0.03182470825	0.02095643	0	0.13589098025	0	0.10442679225	0	0.0367852305	0	0	0	0	0	0	0.45235400775	0	0	0	0.13000750225	0.19021264875	0	0	0.11226446275	0	0.080795712
0	0	0.1218542855	0.3379092955	0.15211086175	0	0.11910569875	0	0.0890017975	0	0	0.04125122925	0.15009287475	0.0158675515	0	0.030185775	0.03150559175	0	0	0.16497447125	0.198650224	0	0	0	0.20631134275	0.30571632925	0	0	0	0	0.50650587925	0
0	0	0	0	0	0	0	0	0	0	0	0	0	0	0	0	0	0	0.00839276375	0	0	0	0	0.00552145275	0	0.03616228975	0	0	0	0	0	0
0	0	0	0	0.12796719525	0.01214493425	0.174301813	0	0.07190319425	0	0	0	0	0	0	0.02117144375	0	0	0.041254948	0.067280156	0	0	0.110536276	0	0	0.04218990825	0	0	0	0.0659865135	0.05273355825	0
0	0	0	0	0	0	0	0	0	0	0.14831362925	0	0	0	0	0	0	0	0	0	0	0.148311182	0	0.06171711575	0	0	0.2487000615	0	0	0	0	0
0.02262483375	0	0.064805622	0	0.234983846	0	0	0.1067425555	0.00894879375	0	0	0	0	0	0.033258287	0	0.2904935555	0.27283228375	0.133817665	0.35599195725	1	1	0.642296231	1	0.723084077	1	0.178325133	0.54150407825	0.6577827445	1	1	1
0	0	0	0.0759639935	0	0	0	0.22360191325	0	0.07037851825	1	0	0.08147789575	0	0.22427752475	0	0	0	0	0.0687315845	0	0	0	0.31988866575	0	0	0.15120995575	0	0	0	0.481111595	0
0	0	0.03295290075	0.05828826325	0.285639016	0	0.0066151795	0	0.074406562	0	0	0	0	0	0	0.024019443	0	0	0	0	0	0	0	0	0	0	0	0	0	0	0.05437332	0
0.00661494075	0	0.021613286	0	0.168413189	0	0.09499557475	0	0.109317093	0	0	0	0	0	0	0	0	0	0	0	0.34617642325	0	0	0	0.10641811825	0	0.078339323	0	0	0	0	0
0	0	0.067814353	0	0.0224848355	0.34696988925	0	0	0	0	0	0.002443357	0	0.05196884625	0	0	0	0	0	0	0.204985951	0.02994903175	0.31375554775	0.095350384	0	0	0	0	0	0	0.000587933	0
0	0	0.01516189125	0.01255567825	0.15220619225	0.05821074025	0.12707984275	0	0.0608904925	0	0	0	0	0	0	0.06378776475	0.052637452	0.07526944875	0.04771652275	0	0	0	0.0329088455	0.12467839425	0.019744718	0.0533531225	0	0.11924398075	0	0.06130927425	0	0.1602114615
0	0	0.00949138575	0.117717109	0.13240245825	0	0	0.03182470825	0.02095643	0	0.13589098025	0	0.10442679225	0	0.0367852305	0	0	0	0	0	0	0.45235400775	0	0	0	0.13000750225	0.19021264875	0	0	0.11226446275	0	0.080795712
0	0	0.1218542855	0.3379092955	0.15211086175	0	0.11910569875	0	0.0890017975	0	0	0.04125122925	0.15009287475	0.0158675515	0	0.030185775	0.03150559175	0	0	0.16497447125	0.198650224	0	0	0	0.20631134275	0.30571632925	0	0	0	0	0.50650587925	0
0	0	0	0	0	0	0	0	0	0	0	0	0	0	0	0	0	0	0.00839276375	0	0	0	0	0.00552145275	0	0.03616228975	0	0	0	0	0	0
0	0	0	0	0.12796719525	0.01214493425	0.174301813	0	0.07190319425	0	0	0	0	0	0	0.02117144375	0	0	0.041254948	0.067280156	0	0	0.110536276	0	0	0.04218990825	0	0	0	0.0659865135	0.05273355825	0
0	0	0	0	0	0	0	0	0	0	0.14831362925	0	0	0	0	0	0	0	0	0	0	0.148311182	0	0.06171711575	0	0	0.2487000615	0	0	0	0	0
0.02262483375	0	0.064805622	0	0.234983846	0	0	0.1067425555	0.00894879375	0	0	0	0	0	0.033258287	0	0.2904935555	0.27283228375	0.133817665	0.35599195725	1	1	0.642296231	1	0.723084077	1	0.178325133	0.54150407825	0.6577827445	1	1	1
0	0	0	0.0759639935	0	0	0	0.22360191325	0	0.07037851825	1	0	0.08147789575	0	0.22427752475	0	0	0	0	0.0687315845	0	0	0	0.31988866575	0	0	0.15120995575	0	0	0	0.481111595	0
0	0	0.03295290075	0.05828826325	0.285639016	0	0.0066151795	0	0.074406562	0	0	0	0	0	0	0.024019443	0	0	0	0	0	0	0	0	0	0	0	0	0	0	0.05437332	0
0.00661494075	0	0.021613286	0	0.168413189	0	0.09499557475	0	0.109317093	0	0	0	0	0	0	0	0	0	0	0	0.34617642325	0	0	0	0.10641811825	0	0.078339323	0	0	0	0	0
0	0	0.067814353	0	0.0224848355	0.34696988925	0	0	0	0	0	0.002443357	0	0.05196884625	0	0	0	0	0	0	0.204985951	0.02994903175	0.31375554775	0.095350384	0	0	0	0	0	0	0.000587933	0
0	0	0.01516189125	0.01255567825	0.15220619225	0.05821074025	0.12707984275	0	0.0608904925	0	0	0	0	0	0	0.06378776475	0.052637452	0.07526944875	0.04771652275	0	0	0	0.0329088455	0.12467839425	0.019744718	0.0533531225	0	0.11924398075	0	0.06130927425	0	0.1602114615
0	0	0.00949138575	0.117717109	0.13240245825	0	0	0.03182470825	0.02095643	0	0.13589098025	0	0.10442679225	0	0.0367852305	0	0	0	0	0	0	0.45235400775	0	0	0	0.13000750225	0.19021264875	0	0	0.11226446275	0	0.080795712
0	0	0.1218542855	0.3379092955	0.15211086175	0	0.11910569875	0	0.0890017975	0	0	0.04125122925	0.15009287475	0.0158675515	0	0.030185775	0.03150559175	0	0	0.16497447125	0.198650224	0	0	0	0.20631134275	0.30571632925	0	0	0	0	0.50650587925	0
0	0	0	0	0	0	0	0	0	0	0	0	0	0	0	0	0	0	0.00839276375	0	0	0	0	0.00552145275	0	0.03616228975	0	0	0	0	0	0
0	0	0	0	0.12796719525	0.01214493425	0.174301813	0	0.07190319425	0	0	0	0	0	0	0.02117144375	0	0	0.041254948	0.067280156	0	0	0.110536276	0	0	0.04218990825	0	0	0	0.0659865135	0.05273355825	0
0	0	0	0	0	0	0	0	0	0	0.14831362925	0	0	0	0	0	0	0	0	0	0	0.148311182	0	0.06171711575	0	0	0.2487000615	0	0	0	0	0
0.02262483375	0	0.064805622	0	0.234983846	0	0	0.1067425555	0.00894879375	0	0	0	0	0	0.033258287	0	0.2904935555	0.27283228375	0.133817665	0.35599195725	1	1	0.642296231	1	0.723084077	1	0.178325133	0.54150407825	0.6577827445	1	1	1
0	0	0	0.0759639935	0	0	0	0.22360191325	0	0.07037851825	1	0	0.08147789575	0	0.22427752475	0	0	0	0	0.0687315845	0	0	0	0.31988866575	0	0	0.15120995575	0	0	0	0.481111595	0
0	0	0.03295290075	0.05828826325	0.285639016	0	0.0066151795	0	0.074406562	0	0	0	0	0	0	0.024019443	0	0	0	0	0	0	0	0	0	0	0	0	0	0	0.05437332	0
0.00661494075	0	0.021613286	0	0.168413189	0	0.09499557475	0	0.109317093	0	0	0	0	0	0	0	0	0	0	0	0.34617642325	0	0	0	0.10641811825	0	0.078339323	0	0	0	0	0
0	0	0.067814353	0	0.0224848355	0.34696988925	0	0	0	0	0	0.002443357	0	0.05196884625	0	0	0	0	0	0	0.204985951	0.02994903175	0.31375554775	0.095350384	0	0	0	0	0	0	0.000587933	0
0	0	0.01516189125	0.01255567825	0.15220619225	0.05821074025	0.12707984275	0	0.0608904925	0	0	0	0	0	0	0.06378776475	0.052637452	0.07526944875	0.04771652275	0	0	0	0.0329088455	0.12467839425	0.019744718	0.0533531225	0	0.11924398075	0	0.06130927425	0	0.1602114615
0	0	0.00949138575	0.117717109	0.13240245825	0	0	0.03182470825	0.02095643	0	0.13589098025	0	0.10442679225	0	0.0367852305	0	0	0	0	0	0	0.45235400775	0	0	0	0.13000750225	0.19021264875	0	0	0.11226446275	0	0.080795712
0	0	0.1218542855	0.3379092955	0.15211086175	0	0.11910569875	0	0.0890017975	0	0	0.04125122925	0.15009287475	0.0158675515	0	0.030185775	0.03150559175	0	0	0.16497447125	0.198650224	0	0	0	0.20631134275	0.30571632925	0	0	0	0	0.50650587925	0
0	0	0	0	0	0	0	0	0	0	0	0	0	0	0	0	0	0	0.00839276375	0	0	0	0	0.00552145275	0	0.03616228975	0	0	0	0	0	0
0	0	0	0	0.12796719525	0.01214493425	0.174301813	0	0.07190319425	0	0	0	0	0	0	0.02117144375	0	0	0.041254948	0.067280156	0	0	0.110536276	0	0	0.04218990825	0	0	0	0.0659865135	0.05273355825	0
0	0	0	0	0	0	0	0	0	0	0.14831362925	0	0	0	0	0	0	0	0	0	0	0.148311182	0	0.06171711575	0	0	0.2487000615	0	0	0	0	0
0.02262483375	0	0.064805622	0	0.234983846	0	0	0.1067425555	0.00894879375	0	0	0	0	0	0.033258287	0	0.2904935555	0.27283228375	0.133817665	0.35599195725	1	1	0.642296231	1	0.723084077	1	0.178325133	0.54150407825	0.6577827445	1	1	1
0	0	0	0.0759639935	0	0	0	0.22360191325	0	0.07037851825	1	0	0.08147789575	0	0.22427752475	0	0	0	0	0.0687315845	0	0	0	0.31988866575	0	0	0.15120995575	0	0	0	0.481111595	0
0	0	0.03295290075	0.05828826325	0.285639016	0	0.0066151795	0	0.074406562	0	0	0	0	0	0	0.024019443	0	0	0	0	0	0	0	0	0	0	0	0	0	0	0.05437332	0
0.00661494075	0	0.021613286	0	0.168413189	0	0.09499557475	0	0.109317093	0	0	0	0	0	0	0	0	0	0	0	0.34617642325	0	0	0	0.10641811825	0	0.078339323	0	0	0	0	0
0	0	0.067814353	0	0.0224848355	0.34696988925	0	0	0	0	0	0.002443357	0	0.05196884625	0	0	0	0	0	0	0.204985951	0.02994903175	0.31375554775	0.095350384	0	0	0	0	0	0	0.000587933	0
0	0	0.01516189125	0.01255567825	0.15220619225	0.05821074025	0.12707984275	0	0.0608904925	0	0	0	0	0	0	0.06378776475	0.052637452	0.07526944875	0.04771652275	0	0	0	0.0329088455	0.12467839425	0.019744718	0.0533531225	0	0.11924398075	0	0.06130927425	0	0.1602114615
0	0	0.00949138575	0.117717109	0.13240245825	0	0	0.03182470825	0.02095643	0	0.13589098025	0	0.10442679225	0	0.0367852305	0	0	0	0	0	0	0.45235400775	0	0	0	0.13000750225	0.19021264875	0	0	0.11226446275	0	0.080795712
0	0	0.1218542855	0.3379092955	0.15211086175	0	0.11910569875	0	0.0890017975	0	0	0.04125122925	0.15009287475	0.0158675515	0	0.030185775	0.03150559175	0	0	0.16497447125	0.198650224	0	0	0	0.20631134275	0.30571632925	0	0	0	0	0.50650587925	0
0	0	0	0	0	0	0	0	0	0	0	0	0	0	0	0	0	0	0.00839276375	0	0	0	0	0.00552145275	0	0.03616228975	0	0	0	0	0	0
0	0	0	0	0.12796719525	0.01214493425	0.174301813	0	0.07190319425	0	0	0	0	0	0	0.02117144375	0	0	0.041254948	0.067280156	0	0	0.110536276	0	0	0.04218990825	0	0	0	0.0659865135	0.05273355825	0
0	0	0	0	0	0	0	0	0	0	0.14831362925	0	0	0	0	0	0	0	0	0	0	0.148311182	0	0.06171711575	0	0	0.2487000615	0	0	0	0	0
0.02262483375	0	0.064805622	0	0.234983846	0	0	0.1067425555	0.00894879375	0	0	0	0	0	0.033258287	0	0.2904935555	0.27283228375	0.133817665	0.35599195725	1	1	0.642296231	1	0.723084077	1	0.178325133	0.54150407825	0.6577827445	1	1	1
0	0	0	0.0759639935	0	0	0	0.22360191325	0	0.07037851825	1	0	0.08147789575	0	0.22427752475	0	0	0	0	0.0687315845	0	0	0	0.31988866575	0	0	0.15120995575	0	0	0	0.481111595	0
0	0	0.03295290075	0.05828826325	0.285639016	0	0.0066151795	0	0.074406562	0	0	0	0	0	0	0.024019443	0	0	0	0	0	0	0	0	0	0	0	0	0	0	0.05437332	0
0.00661494075	0	0.021613286	0	0.168413189	0	0.09499557475	0	0.109317093	0	0	0	0	0	0	0	0	0	0	0	0.34617642325	0	0	0	0.10641811825	0	0.078339323	0	0	0	0	0
0	0	0.067814353	0	0.0224848355	0.34696988925	0	0	0	0	0	0.002443357	0	0.05196884625	0	0	0	0	0	0	0.204985951	0.02994903175	0.31375554775	0.095350384	0	0	0	0	0	0	0.000587933	0
0	0	0.01516189125	0.01255567825	0.15220619225	0.05821074025	0.12707984275	0	0.0608904925	0	0	0	0	0	0	0.06378776475	0.052637452	0.07526944875	0.04771652275	0	0	0	0.0329088455	0.12467839425	0.019744718	0.0533531225	0	0.11924398075	0	0.06130927425	0	0.1602114615
0	0	0.00949138575	0.117717109	0.13240245825	0	0	0.03182470825	0.02095643	0	0.13589098025	0	0.10442679225	0	0.0367852305	0	0	0	0	0	0	0.45235400775	0	0	0	0.13000750225	0.19021264875	0	0	0.11226446275	0	0.080795712
0	0	0.1218542855	0.3379092955	0.15211086175	0	0.11910569875	0	0.0890017975	0	0	0.04125122925	0.15009287475	0.0158675515	0	0.030185775	0.03150559175	0	0	0.16497447125	0.198650224	0	0	0	0.20631134275	0.30571632925	0	0	0	0	0.50650587925	0
0	0	0	0	0	0	0	0	0	0	0	0	0	0	0	0	0	0	0.00839276375	0	0	0	0	0.00552145275	0	0.03616228975	0	0	0	0	0	0
0	0	0	0	0.12796719525	0.01214493425	0.174301813	0	0.07190319425	0	0	0	0	0	0	0.02117144375	0	0	0.041254948	0.067280156	0	0	0.110536276	0	0	0.04218990825	0	0	0	0.0659865135	0.05273355825	0
0	0	0	0	0	0	0	0	0	0	0.14831362925	0	0	0	0	0	0	0	0	0	0	0.148311182	0	0.06171711575	0	0	0.2487000615	0	0	0	0	0
0.02262483375	0	0.064805622	0	0.234983846	0	0	0.1067425555	0.00894879375	0	0	0	0	0	0.033258287	0	0.2904935555	0.27283228375	0.133817665	0.35599195725	1	1	0.642296231	1	0.723084077	1	0.178325133	0.54150407825	0.6577827445	1	1	1
0	0	0	0.0759639935	0	0	0	0.22360191325	0	0.07037851825	1	0	0.08147789575	0	0.22427752475	0	0	0	0	0.0687315845	0	0	0	0.31988866575	0	0	0.15120995575	0	0	0	0.481111595	0
0	0	0.03295290075	0.05828826325	0.285639016	0	0.0066151795	0	0.074406562	0	0	0	0	0	0	0.024019443	0	0	0	0	0	0	0	0	0	0	0	0	0	0	0.05437332	0
0.00661494075	0	0.021613286	0	0.168413189	0	0.09499557475	0	0.109317093	0	0	0	0	0	0	0	0	0	0	0	0.34617642325	0	0	0	0.10641811825	0	0.078339323	0	0	0	0	0
0	0	0.067814353	0	0.0224848355	0.34696988925	0	0	0	0	0	0.002443357	0	0.05196884625	0	0	0	0	0	0	0.204985951	0.02994903175	0.31375554775	0.095350384	0	0	0	0	0	0	0.000587933	0
0	0	0.01516189125	0.01255567825	0.15220619225	0.05821074025	0.12707984275	0	0.0608904925	0	0	0	0	0	0	0.06378776475	0.052637452	0.07526944875	0.04771652275	0	0	0	0.0329088455	0.12467839425	0.019744718	0.0533531225	0	0.11924398075	0	0.06130927425	0	0.1602114615
0	0	0.00949138575	0.117717109	0.13240245825	0	0	0.03182470825	0.02095643	0	0.13589098025	0	0.10442679225	0	0.0367852305	0	0	0	0	0	0	0.45235400775	0	0	0	0.13000750225	0.19021264875	0	0	0.11226446275	0	0.080795712
0	0	0.1218542855	0.3379092955	0.15211086175	0	0.11910569875	0	0.0890017975	0	0	0.04125122925	0.15009287475	0.0158675515	0	0.030185775	0.03150559175	0	0	0.16497447125	0.198650224	0	0	0	0.20631134275	0.30571632925	0	0	0	0	0.50650587925	0
0	0	0	0	0	0	0	0	0	0	0	0	0	0	0	0	0	0	0.00839276375	0	0	0	0	0.00552145275	0	0.03616228975	0	0	0	0	0	0
0	0	0	0	0.12796719525	0.01214493425	0.174301813	0	0.07190319425	0	0	0	0	0	0	0.02117144375	0	0	0.041254948	0.067280156	0	0	0.110536276	0	0	0.04218990825	0	0	0	0.0659865135	0.05273355825	0
0	0	0	0	0	0	0	0	0	0	0.14831362925	0	0	0	0	0	0	0	0	0	0	0.148311182	0	0.06171711575	0	0	0.2487000615	0	0	0	0	0
0.02262483375	0	0.064805622	0	0.234983846	0	0	0.1067425555	0.00894879375	0	0	0	0	0	0.033258287	0	0.2904935555	0.27283228375	0.133817665	0.35599195725	1	1	0.642296231	1	0.723084077	1	0.178325133	0.54150407825	0.6577827445	1	1	1
0	0	0	0.0759639935	0	0	0	0.22360191325	0	0.07037851825	1	0	0.08147789575	0	0.22427752475	0	0	0	0	0.0687315845	0	0	0	0.31988866575	0	0	0.15120995575	0	0	0	0.481111595	0
0	0	0.03295290075	0.05828826325	0.285639016	0	0.0066151795	0	0.074406562	0	0	0	0	0	0	0.024019443	0	0	0	0	0	0	0	0	0	0	0	0	0	0	0.05437332	0
0.00661494075	0	0.021613286	0	0.168413189	0	0.09499557475	0	0.109317093	0	0	0	0	0	0	0	0	0	0	0	0.34617642325	0	0	0	0.10641811825	0	0.078339323	0	0	0	0	0
0	0	0.067814353	0	0.0224848355	0.34696988925	0	0	0	0	0	0.002443357	0	0.05196884625	0	0	0	0	0	0	0.204985951	0.02994903175	0.31375554775	0.095350384	0	0	0	0	0	0	0.000587933	0
0	0	0.01516189125	0.01255567825	0.15220619225	0.05821074025	0.12707984275	0	0.0608904925	0	0	0	0	0	0	0.06378776475	0.052637452	0.07526944875	0.04771652275	0	0	0	0.0329088455	0.12467839425	0.019744718	0.0533531225	0	0.11924398075	0	0.06130927425	0	0.1602114615
0	0	0.00949138575	0.117717109	0.13240245825	0	0	0.03182470825	0.02095643	0	0.13589098025	0	0.10442679225	0	0.0367852305	0	0	0	0	0	0	0.45235400775	0	0	0	0.13000750225	0.19021264875	0	0	0.11226446275	0	0.080795712
0	0	0.1218542855	0.3379092955	0.15211086175	0	0.11910569875	0	0.0890017975	0	0	0.04125122925	0.15009287475	0.0158675515	0	0.030185775	0.03150559175	0	0	0.16497447125	0.198650224	0	0	0	0.20631134275	0.30571632925	0	0	0	0	0.50650587925	0
0	0	0	0	0	0	0	0	0	0	0	0	0	0	0	0	0	0	0.00839276375	0	0	0	0	0.00552145275	0	0.03616228975	0	0	0	0	0	0
0	0	0	0	0.12796719525	0.01214493425	0.174301813	0	0.07190319425	0	0	0	0	0	0	0.02117144375	0	0	0.041254948	0.067280156	0	0	0.110536276	0	0	0.04218990825	0	0	0	0.0659865135	0.05273355825	0
