0.2205827875	0	0	0.3451921095	0.02348881175	0.20759392925	0.02283248225	0.09904471125	0.06409597775	0.0761789645	0	0	0	0	0	0.18269366175	0	0	0	0.0891571165	0.10950508425	0	0	0.0078459405	0	0	0.04576276475	0	0	0	0	0
0.02504335425	0	0	0.21260359	0	0.2279423215	0	0.151428814	0	0.072411697	0.00422962425	0.01897728425	0.30074308	0.095057677	0	0.0573969895	0.03881604875	0	0	0	0	0.02502994975	0	0	0	0	0	0	0.00203276425	0	0.011314896	0.01702280325
0.16374171575	0	0	0.00135510425	0	0.03765244225	0.02335055625	0.074289065	0	0.14837281025	0	0	0.01721400375	0	0.275843214	0.0163091345	0	0	0.00927520725	0	0.0125324185	0.1026126495	0	0	0	0.0121839285	0.028520163	0	0.083106997	0	0	0
0.2205827875	0	0	0.3451921095	0.02348881175	0.20759392925	0.02283248225	0.09904471125	0.06409597775	0.0761789645	0	0	0	0	0	0.18269366175	0	0	0	0.0891571165	0.10950508425	0	0	0.0078459405	0	0	0.04576276475	0	0	0	0	0
0.02504335425	0	0	0.21260359	0	0.2279423215	0	0.151428814	0	0.072411697	0.00422962425	0.01897728425	0.30074308	0.095057677	0	0.0573969895	0.03881604875	0	0	0	0	0.02502994975	0	0	0	0	0	0	0.00203276425	0	0.011314896	0.01702280325
0.16374171575	0	0	0.00135510425	0	0.03765244225	0.02335055625	0.074289065	0	0.14837281025	0	0	0.01721400375	0	0.275843214	0.0163091345	0	0	0.00927520725	0	0.0125324185	0.1026126495	0	0	0	0.0121839285	0.028520163	0	0.083106997	0	0	0
0.055044363	0	0.10497612725	0	0	0.0399357665	0.09970343375	0	0	0.04007694725	0	0.0519040415	0	0.0017713925	0.13943216425	0.246716825	0	0	0	0.1049600365	0.04768803875	0	0	0.09758189025	0.01407698475	0	0.148257189	0.12630410475	0.03759043475	0.33531793025	0	0.09827854625
0	0	0.03290715475	0	0.017702446	0.07662114175	0.06055010925	0	0	0	0	0.026373057	0	0	0	0.06683635075	0	0	0.079414397	0	0.015108219	0	0	0.06125359475	0.019987069	0.082092647	0.077610111	0.169829306	0.02382927525	0.25559082	0	0.10730113575
0	0	0.04225156475	0	0	0	0.104499073	0.10308240825	0	0.1203251075	0	0.175400201	0.1174171495	0.0049323235	0.07937750175	0	0	0	0	0	0	0	0	0	0	0.096362863	0	0	0.12335925675	0	0	0
0.055044363	0	0.10497612725	0	0	0.0399357665	0.09970343375	0	0	0.04007694725	0	0.0519040415	0	0.0017713925	0.13943216425	0.246716825	0	0	0	0.1049600365	0.04768803875	0	0	0.09758189025	0.01407698475	0	0.148257189	0.12630410475	0.03759043475	0.33531793025	0	0.09827854625
0	0	0.03290715475	0	0.017702446	0.07662114175	0.06055010925	0	0	0	0	0.026373057	0	0	0	0.06683635075	0	0	0.079414397	0	0.015108219	0	0	0.06125359475	0.019987069	0.082092647	0.077610111	0.169829306	0.02382927525	0.25559082	0	0.10730113575
0	0	0.04225156475	0	0	0	0.104499073	0.10308240825	0	0.1203251075	0	0.175400201	0.1174171495	0.0049323235	0.07937750175	0	0	0	0	0	0	0	0	0	0	0.096362863	0	0	0.12335925675	0	0	0
0.055044363	0	0.10497612725	0	0	0.0399357665	0.09970343375	0	0	0.04007694725	0	0.0519040415	0	0.0017713925	0.13943216425	0.246716825	0	0	0	0.1049600365	0.04768803875	0	0	0.09758189025	0.01407698475	0	0.148257189	0.12630410475	0.03759043475	0.33531793025	0	0.09827854625
0	0	0.03290715475	0	0.017702446	0.07662114175	0.06055010925	0	0	0	0	0.026373057	0	0	0	0.06683635075	0	0	0.079414397	0	0.015108219	0	0	0.06125359475	0.019987069	0.082092647	0.077610111	0.169829306	0.02382927525	0.25559082	0	0.10730113575
0	0	0.04225156475	0	0	0	0.104499073	0.10308240825	0	0.1203251075	0	0.175400201	0.1174171495	0.0049323235	0.07937750175	0	0	0	0	0	0	0	0	0	0	0.096362863	0	0	0.12335925675	0	0	0
0	0	0	0	0	0.0114123675	0	0	0.214456281	0	0	0.30323014875	0	0.30999942275	0	0	0	0.318143312	0.506004911	0	0.006141369	0.18425635325	0.16541231375	0	0.17717442425	0.142685051	0	0.16990319875	0.1870416665	0.55176626925	0.131219432	0.18932461925
0	0	0	0	0.0087524205	0	0	0	0.513294756	0	0.04083234775	0.49433499825	0	0.095417519	0	0	0	0	0.2454548685	0	0	0.0720374645	0.23562642175	0.0944975535	0.43291932725	0	0.03802204225	0.56066046075	0	0.57285607175	0.339968058	0.1580345665
0	0	0.2170706025	0	0.04417537425	0	0	0	0.36790047075	0	0	0.22724226225	0	0.12816825	0	0	0	0.188907664	0.267106265	0	0	0.01053984525	0.17033980675	0.052617819	0.08558986525	0.19032150075	0	0.14505533575	0	0.24395909175	0.377555866	0
0	0	0	0	0	0.0114123675	0	0	0.214456281	0	0	0.30323014875	0	0.30999942275	0	0	0	0.318143312	0.506004911	0	0.006141369	0.18425635325	0.16541231375	0	0.17717442425	0.142685051	0	0.16990319875	0.1870416665	0.55176626925	0.131219432	0.18932461925
0	0	0	0	0.0087524205	0	0	0	0.513294756	0	0.04083234775	0.49433499825	0	0.095417519	0	0	0	0	0.2454548685	0	0	0.0720374645	0.23562642175	0.0944975535	0.43291932725	0	0.03802204225	0.56066046075	0	0.57285607175	0.339968058	0.1580345665
0	0	0.2170706025	0	0.04417537425	0	0	0	0.36790047075	0	0	0.22724226225	0	0.12816825	0	0	0	0.188907664	0.267106265	0	0	0.01053984525	0.17033980675	0.052617819	0.08558986525	0.19032150075	0	0.14505533575	0	0.24395909175	0.377555866	0
0	0	0	0	0	0.0114123675	0	0	0.214456281	0	0	0.30323014875	0	0.30999942275	0	0	0	0.318143312	0.506004911	0	0.006141369	0.18425635325	0.16541231375	0	0.17717442425	0.142685051	0	0.16990319875	0.1870416665	0.55176626925	0.131219432	0.18932461925
0	0	0	0	0.0087524205	0	0	0	0.513294756	0	0.04083234775	0.49433499825	0	0.095417519	0	0	0	0	0.2454548685	0	0	0.0720374645	0.23562642175	0.0944975535	0.43291932725	0	0.03802204225	0.56066046075	0	0.57285607175	0.339968058	0.1580345665
0	0	0.2170706025	0	0.04417537425	0	0	0	0.36790047075	0	0	0.22724226225	0	0.12816825	0	0	0	0.188907664	0.267106265	0	0	0.01053984525	0.17033980675	0.052617819	0.08558986525	0.19032150075	0	0.14505533575	0	0.24395909175	0.377555866	0
0	0	0	0	0	0	0	0	0	0	0	0	0	0	0	0	0.28669248925	0	0	0.18848432775	0.08015640825	0.08920400175	0	0.036541433	0.037639996	0	0.13076429975	0	0	0	0	0.18540500275
0	0	0	0	0	0	0	0	0	0	0	0	0.08477043975	0	0	0	0.46533866225	0	0	0.1441817625	0.03484235125	0.18428659825	0	0.16989586425	0	0	0.11963455825	0	0	0	0	0
0.0293705695	0	0	0	0.01361485325	0.06393017375	0.00207837425	0	0	0.3802301335	0	0	0.32486840825	0.13835816475	0.25340359175	0.158920885	0.17954741	0.10700265675	0	0.0431114685	0.050841341	0	0	0	0	0	0.06913957875	0	0	0	0.0984342795	0.16912713125
0	0	0	0	0	0	0	0	0	0	0	0	0	0	0	0	0.28669248925	0	0	0.18848432775	0.08015640825	0.08920400175	0	0.036541433	0.037639996	0	0.13076429975	0	0	0	0	0.18540500275
0	0	0	0	0	0	0	0	0	0	0	0	0.08477043975	0	0	0	0.46533866225	0	0	0.1441817625	0.03484235125	0.18428659825	0	0.16989586425	0	0	0.11963455825	0	0	0	0	0
0.0293705695	0	0	0	0.01361485325	0.06393017375	0.00207837425	0	0	0.3802301335	0	0	0.32486840825	0.13835816475	0.25340359175	0.158920885	0.17954741	0.10700265675	0	0.0431114685	0.050841341	0	0	0	0	0	0.06913957875	0	0	0	0.0984342795	0.16912713125
0	0	0	0	0	0	0	0	0	0	0	0	0	0	0	0	0.28669248925	0	0	0.18848432775	0.08015640825	0.08920400175	0	0.036541433	0.037639996	0	0.13076429975	0	0	0	0	0.18540500275
0	0	0	0	0	0	0	0	0	0	0	0	0.08477043975	0	0	0	0.46533866225	0	0	0.1441817625	0.03484235125	0.18428659825	0	0.16989586425	0	0	0.11963455825	0	0	0	0	0
0.0293705695	0	0	0	0.01361485325	0.06393017375	0.00207837425	0	0	0.3802301335	0	0	0.32486840825	0.13835816475	0.25340359175	0.158920885	0.17954741	0.10700265675	0	0.0431114685	0.050841341	0	0	0	0	0	0.06913957875	0	0	0	0.0984342795	0.16912713125
0.0855452145	0	0	0.029514057	0	0.21636710525	0	0.156534152	0.08286938225	0	0.06509794475	0	0	0	0	0	0	0	0.07637747575	0	0	0	0	0.17011299375	0.00368075025	0	0	0.0168645655	0	0	0	0
0.143077421	0.058804567	0.19859202775	0.073888131	0.02545078	0.153764013	0.07363210825	0.17621222625	0.09777129975	0.21112547	0.052664045	0.02605073825	0.32936389275	0.08700155325	0.183321643	0.2693542135	0.07097395325	0.037702329	0.05373890325	0.05625009125	0.03841607125	0.17890362775	0.00685183975	0.28248152275	0	0.136214984	0.0364517695	0.0158094555	0.30364926925	0.01558796075	0.18896986825	0.06184169325
0	0.0702823995	0.0269936475	0.113256615	0.00251077775	0.1745616535	0.099025142	0.11332965025	0.1199211885	0.11062618425	0	0.02536375725	0.323644359	0.13569493475	0.03471578275	0.19709396625	0	0	0.0510018395	0	0.025005926	0.178104545	0	0.2351098805	0.0238621625	0	0.00777601075	0.00587865925	0	0	0.0036157715	0.00026493575
0.0855452145	0	0	0.029514057	0	0.21636710525	0	0.156534152	0.08286938225	0	0.06509794475	0	0	0	0	0	0	0	0.07637747575	0	0	0	0	0.17011299375	0.00368075025	0	0	0.0168645655	0	0	0	0
0.143077421	0.058804567	0.19859202775	0.073888131	0.02545078	0.153764013	0.07363210825	0.17621222625	0.09777129975	0.21112547	0.052664045	0.02605073825	0.32936389275	0.08700155325	0.183321643	0.2693542135	0.07097395325	0.037702329	0.05373890325	0.05625009125	0.03841607125	0.17890362775	0.00685183975	0.28248152275	0	0.136214984	0.0364517695	0.0158094555	0.30364926925	0.01558796075	0.18896986825	0.06184169325
0	0.0702823995	0.0269936475	0.113256615	0.00251077775	0.1745616535	0.099025142	0.11332965025	0.1199211885	0.11062618425	0	0.02536375725	0.323644359	0.13569493475	0.03471578275	0.19709396625	0	0	0.0510018395	0	0.025005926	0.178104545	0	0.2351098805	0.0238621625	0	0.00777601075	0.00587865925	0	0	0.0036157715	0.00026493575
0.0855452145	0	0	0.029514057	0	0.21636710525	0	0.156534152	0.08286938225	0	0.06509794475	0	0	0	0	0	0	0	0.07637747575	0	0	0	0	0.17011299375	0.00368075025	0	0	0.0168645655	0	0	0	0
0.143077421	0.058804567	0.19859202775	0.073888131	0.02545078	0.153764013	0.07363210825	0.17621222625	0.09777129975	0.21112547	0.052664045	0.02605073825	0.32936389275	0.08700155325	0.183321643	0.2693542135	0.07097395325	0.037702329	0.05373890325	0.05625009125	0.03841607125	0.17890362775	0.00685183975	0.28248152275	0	0.136214984	0.0364517695	0.0158094555	0.30364926925	0.01558796075	0.18896986825	0.06184169325
0	0.0702823995	0.0269936475	0.113256615	0.00251077775	0.1745616535	0.099025142	0.11332965025	0.1199211885	0.11062618425	0	0.02536375725	0.323644359	0.13569493475	0.03471578275	0.19709396625	0	0	0.0510018395	0	0.025005926	0.178104545	0	0.2351098805	0.0238621625	0	0.00777601075	0.00587865925	0	0	0.0036157715	0.00026493575
0	0.25592940425	0.12479987075	0.1084333005	0.292346606	0	0.104036492	0	0	0	0.1898388125	0	0	0	0	0.00270050525	0	0.1748721605	0.26933852825	0	0.01717392725	0	0	0	0	0.09398449375	0	0	0.19287770075	0	0	0
0.0806679245	0.234604189	0.13483486175	0	0	0	0	0	0	0.19369298475	0.0216364815	0	0.05236778125	0	0.08320023125	0	0	0	0.15099893125	0	0	0.08645105325	0	0	0	0	0	0	0.06294816075	0	0.01931225425	0
0	0.459066802	0.71528917125	0	0	0	0.213030123	0	0	0.16135823525	0	0	0.13353922625	0.095906922	0.02428621625	0.12279931525	0	0.165883049	0.180554313	0	0.1312969485	0.10969290925	0	0	0	0	0.213713038	0	0	0	0	0
0	0.25592940425	0.12479987075	0.1084333005	0.292346606	0	0.104036492	0	0	0	0.1898388125	0	0	0	0	0.00270050525	0	0.1748721605	0.26933852825	0	0.01717392725	0	0	0	0	0.09398449375	0	0	0.19287770075	0	0	0
0.0806679245	0.234604189	0.13483486175	0	0	0	0	0	0	0.19369298475	0.0216364815	0	0.05236778125	0	0.08320023125	0	0	0	0.15099893125	0	0	0.08645105325	0	0	0	0	0	0	0.06294816075	0	0.01931225425	0
0	0.459066802	0.71528917125	0	0	0	0.213030123	0	0	0.16135823525	0	0	0.13353922625	0.095906922	0.02428621625	0.12279931525	0	0.165883049	0.180554313	0	0.1312969485	0.10969290925	0	0	0	0	0.213713038	0	0	0	0	0
0.357701583	0.35847835	0.01909612925	0.4398246365	0.15992871	0.14922209725	0.079510695	0.03221590425	0.83594836175	0.23290122475	0.21016813225	1	0.16706770475	1	0	0.0837821285	1	1	0.2697115765	1	0.05326378425	0.22700864625	0.7824983275	1	1	0.8629803965	0.383805065	1	0.6411332765	1	0.578729997	1
0.12355731225	0.07737259225	0	0	0	0	0	0.0954678805	0.77497242825	0	0.0391250615	1	0	1	0	0.00696704475	0.51945826325	1	0.17011347	0.4798568555	0	0.10862763975	0.47051151425	0.77723406225	1	0.62884373125	0.2851368205	1	0.33230260975	1	0.46324700325	0.66755956325
0.50168931425	0.64068777575	0.14520120275	0.448339303	0	0.03010807275	0.000586085	0.15622311925	1	0.29042489125	0.46413094775	1	0.29226743275	1	0.14234870325	0.0630426915	0.4381701795	0.9323953995	0.23546432175	0.8697815165	0.1277097515	0	0.4538225465	1	1	0.59982224675	0.3842934135	1	0.36625934775	1	0.42076313425	0.52901541425
0.357701583	0.35847835	0.01909612925	0.4398246365	0.15992871	0.14922209725	0.079510695	0.03221590425	0.83594836175	0.23290122475	0.21016813225	1	0.16706770475	1	0	0.0837821285	1	1	0.2697115765	1	0.05326378425	0.22700864625	0.7824983275	1	1	0.8629803965	0.383805065	1	0.6411332765	1	0.578729997	1
0.12355731225	0.07737259225	0	0	0	0	0	0.0954678805	0.77497242825	0	0.0391250615	1	0	1	0	0.00696704475	0.51945826325	1	0.17011347	0.4798568555	0	0.10862763975	0.47051151425	0.77723406225	1	0.62884373125	0.2851368205	1	0.33230260975	1	0.46324700325	0.66755956325
0.50168931425	0.64068777575	0.14520120275	0.448339303	0	0.03010807275	0.000586085	0.15622311925	1	0.29042489125	0.46413094775	1	0.29226743275	1	0.14234870325	0.0630426915	0.4381701795	0.9323953995	0.23546432175	0.8697815165	0.1277097515	0	0.4538225465	1	1	0.59982224675	0.3842934135	1	0.36625934775	1	0.42076313425	0.52901541425
0.357701583	0.35847835	0.01909612925	0.4398246365	0.15992871	0.14922209725	0.079510695	0.03221590425	0.83594836175	0.23290122475	0.21016813225	1	0.16706770475	1	0	0.0837821285	1	1	0.2697115765	1	0.05326378425	0.22700864625	0.7824983275	1	1	0.8629803965	0.383805065	1	0.6411332765	1	0.578729997	1
0.12355731225	0.07737259225	0	0	0	0	0	0.0954678805	0.77497242825	0	0.0391250615	1	0	1	0	0.00696704475	0.51945826325	1	0.17011347	0.4798568555	0	0.10862763975	0.47051151425	0.77723406225	1	0.62884373125	0.2851368205	1	0.33230260975	1	0.46324700325	0.66755956325
0.50168931425	0.64068777575	0.14520120275	0.448339303	0	0.03010807275	0.000586085	0.15622311925	1	0.29042489125	0.46413094775	1	0.29226743275	1	0.14234870325	0.0630426915	0.4381701795	0.9323953995	0.23546432175	0.8697815165	0.1277097515	0	0.4538225465	1	1	0.59982224675	0.3842934135	1	0.36625934775	1	0.42076313425	0.52901541425
0	0.001282933	0	0	0	0	0	0	0	0	0	0	0	0	0.0192284095	0	0	0.058016712	0	0	0	0.19861109075	0.0793198435	0	0	0	0	0	0	0	0	0
0	0.06573539575	0	0.10412195425	0.0946824525	0	0	0	0	0	0	0	0	0	0.1190491065	0	0.4083535585	0.043738267	0	0	0	0	0	0	0	0	0	0	0	0	0.1518624075	0
0	0.06711632525	0.19140436425	0	0.097528724	0	0.120628889	0	0.06973017475	0	0	0.03955943	0	0.01064098925	0	0.12392229125	0.0657737305	0	0	0	0.0185741985	0.01718457925	0	0	0	0	0	0	0	0	0.01374764125	0
0	0.001282933	0	0	0	0	0	0	0	0	0	0	0	0	0.0192284095	0	0	0.058016712	0	0	0	0.19861109075	0.0793198435	0	0	0	0	0	0	0	0	0
0	0.06573539575	0	0.10412195425	0.0946824525	0	0	0	0	0	0	0	0	0	0.1190491065	0	0.4083535585	0.043738267	0	0	0	0	0	0	0	0	0	0	0	0	0.1518624075	0
0	0.06711632525	0.19140436425	0	0.097528724	0	0.120628889	0	0.06973017475	0	0	0.03955943	0	0.01064098925	0	0.12392229125	0.0657737305	0	0	0	0.0185741985	0.01718457925	0	0	0	0	0	0	0	0	0.01374764125	0
0	0.001282933	0	0	0	0	0	0	0	0	0	0	0	0	0.0192284095	0	0	0.058016712	0	0	0	0.19861109075	0.0793198435	0	0	0	0	0	0	0	0	0
0	0.06573539575	0	0.10412195425	0.0946824525	0	0	0	0	0	0	0	0	0	0.1190491065	0	0.4083535585	0.043738267	0	0	0	0	0	0	0	0	0	0	0	0	0.1518624075	0
0	0.06711632525	0.19140436425	0	0.097528724	0	0.120628889	0	0.06973017475	0	0	0.03955943	0	0.01064098925	0	0.12392229125	0.0657737305	0	0	0	0.0185741985	0.01718457925	0	0	0	0	0	0	0	0	0.01374764125	0
0.05750325375	0	0.01156518975	0.2236654985	0.48144345875	0.66462222625	0.1895218365	0.0594758795	0.00532071725	0.04124758275	0.331053231	0	0.12578520675	0.26199533675	0.33308703175	0.16391221075	0.06599818225	0.0260347685	0	0	0.1131297185	0.157571476	0	0	0	0.155590402	0.269955364	0	0.15618060275	0	0	0
0.012738245	0.1825131415	0.14209168175	0.1814121565	0.12418929725	0.648537498	0	0.0464085745	0.056726119	0.06046356625	0.34146039275	0.0751275645	0	0.2207290825	0.427885333	0.1436013535	0.0367649015	0	0	0.0485471635	0.03600659425	0.27769458625	0	0.06896536175	0.0457173125	0.118163309	0.3084667395	0.1326314045	0.29198291925	0.123449803	0.016296375	0.13753178925
0.1818028105	0.0758649935	0.10648231525	0	0.3401049525	1	0.112069989	0	0	0.170965095	0.3911848805	0	0.30173777225	0	0.47332027175	0	0	0.0600355415	0	0.17017845575	0.28437759825	0.9047713715	0	0.294646901	6.043475e-05	0.2683443	0.58488324775	0.00139802	0.1765925985	0	0	0
0.05750325375	0	0.01156518975	0.2236654985	0.48144345875	0.66462222625	0.1895218365	0.0594758795	0.00532071725	0.04124758275	0.331053231	0	0.12578520675	0.26199533675	0.33308703175	0.16391221075	0.06599818225	0.0260347685	0	0	0.1131297185	0.157571476	0	0	0	0.155590402	0.269955364	0	0.15618060275	0	0	0
0.012738245	0.1825131415	0.14209168175	0.1814121565	0.12418929725	0.648537498	0	0.0464085745	0.056726119	0.06046356625	0.34146039275	0.0751275645	0	0.2207290825	0.427885333	0.1436013535	0.0367649015	0	0	0.0485471635	0.03600659425	0.27769458625	0	0.06896536175	0.0457173125	0.118163309	0.3084667395	0.1326314045	0.29198291925	0.123449803	0.016296375	0.13753178925
0.1818028105	0.0758649935	0.10648231525	0	0.3401049525	1	0.112069989	0	0	0.170965095	0.3911848805	0	0.30173777225	0	0.47332027175	0	0	0.0600355415	0	0.17017845575	0.28437759825	0.9047713715	0	0.294646901	6.043475e-05	0.2683443	0.58488324775	0.00139802	0.1765925985	0	0	0
0.05750325375	0	0.01156518975	0.2236654985	0.48144345875	0.66462222625	0.1895218365	0.0594758795	0.00532071725	0.04124758275	0.331053231	0	0.12578520675	0.26199533675	0.33308703175	0.16391221075	0.06599818225	0.0260347685	0	0	0.1131297185	0.157571476	0	0	0	0.155590402	0.269955364	0	0.15618060275	0	0	0
0.012738245	0.1825131415	0.14209168175	0.1814121565	0.12418929725	0.648537498	0	0.0464085745	0.056726119	0.06046356625	0.34146039275	0.0751275645	0	0.2207290825	0.427885333	0.1436013535	0.0367649015	0	0	0.0485471635	0.03600659425	0.27769458625	0	0.06896536175	0.0457173125	0.118163309	0.3084667395	0.1326314045	0.29198291925	0.123449803	0.016296375	0.13753178925
0.1818028105	0.0758649935	0.10648231525	0	0.3401049525	1	0.112069989	0	0	0.170965095	0.3911848805	0	0.30173777225	0	0.47332027175	0	0	0.0600355415	0	0.17017845575	0.28437759825	0.9047713715	0	0.294646901	6.043475e-05	0.2683443	0.58488324775	0.00139802	0.1765925985	0	0	0
0.542817921	0.87305354675	0.2012849795	0.48815065725	0.7770271625	0.1769887315	0	0	0	0.0391673335	0.4122212755	0	0.41374325175	0.24309164775	0	0.04332895875	0.00262930425	1	0.7205439785	0.326046724	0.38905563675	0.0233172715	0.25027137625	0	0	0.377921151	0.8406232045	0	0	0.37819615775	0.2633910045	0.41913403075
0.0451116405	0.34024065975	0.39520929875	0.05274064275	0.0286781805	0	0	0	0	0	0.09344198925	0	0.48654663925	0.087087685	0.041022522	0	0	1	0.7544610165	0.097131647	0.168420231	0.15399308825	0.23977357125	0	0	0.5439781475	0	0	0.288640139	0.22412436525	0.56262032625	0.065622701
0	0.3552964255	0.300885609	0	0	0	0	0	0	0.17875499125	0	0	0.34880310925	0	0	0	0	0.47577652625	0.54724274775	0	0	0	0.04374734075	0	0	0.20575941875	0	0	0.37476225775	0	0.18800027025	0
0.542817921	0.87305354675	0.2012849795	0.48815065725	0.7770271625	0.1769887315	0	0	0	0.0391673335	0.4122212755	0	0.41374325175	0.24309164775	0	0.04332895875	0.00262930425	1	0.7205439785	0.326046724	0.38905563675	0.0233172715	0.25027137625	0	0	0.377921151	0.8406232045	0	0	0.37819615775	0.2633910045	0.41913403075
0.0451116405	0.34024065975	0.39520929875	0.05274064275	0.0286781805	0	0	0	0	0	0.09344198925	0	0.48654663925	0.087087685	0.041022522	0	0	1	0.7544610165	0.097131647	0.168420231	0.15399308825	0.23977357125	0	0	0.5439781475	0	0	0.288640139	0.22412436525	0.56262032625	0.065622701
0	0.3552964255	0.300885609	0	0	0	0	0	0	0.17875499125	0	0	0.34880310925	0	0	0	0	0.47577652625	0.54724274775	0	0	0	0.04374734075	0	0	0.20575941875	0	0	0.37476225775	0	0.18800027025	0
0.542817921	0.87305354675	0.2012849795	0.48815065725	0.7770271625	0.1769887315	0	0	0	0.0391673335	0.4122212755	0	0.41374325175	0.24309164775	0	0.04332895875	0.00262930425	1	0.7205439785	0.326046724	0.38905563675	0.0233172715	0.25027137625	0	0	0.377921151	0.8406232045	0	0	0.37819615775	0.2633910045	0.41913403075
0.0451116405	0.34024065975	0.39520929875	0.05274064275	0.0286781805	0	0	0	0	0	0.09344198925	0	0.48654663925	0.087087685	0.041022522	0	0	1	0.7544610165	0.097131647	0.168420231	0.15399308825	0.23977357125	0	0	0.5439781475	0	0	0.288640139	0.22412436525	0.56262032625	0.065622701
0	0.3552964255	0.300885609	0	0	0	0	0	0	0.17875499125	0	0	0.34880310925	0	0	0	0	0.47577652625	0.54724274775	0	0	0	0.04374734075	0	0	0.20575941875	0	0	0.37476225775	0	0.18800027025	0
0.5682426555	0.35849914825	1	0.31465036975	1	0	0.276292885	0	0.52957603625	0	0.56963997175	0.67606351525	0	0.1321749265	0	0.37534433075	1	0	0.294592753	0.4027205005	0.02660992575	0.06884906775	0	0	0.39387646925	0	0	0.33144822675	0	0.33709703625	0	0.61140726175
0.2116044415	0.3423379395	1	0.027354147	1	0	0.133909129	0	0.246982366	0	0.5451237685	0.3381515645	0	0.038735039	0	0.04198032725	0.548159769	0.20253487675	0.34950393225	0.25405117975	0	0.1065732135	0.04095016325	0.02021869625	0.4761340595	0.072156544	0	0.24336181975	0.13709117875	0.134969479	0	0.66985358375
0.01727498625	0.332524073	1	0	1	0	0.09568237525	0	0.1536711905	0	0.4824540015	0.270236023	0	0	0	0	0.40280854525	0.07403844375	0.36088198525	0.351122806	0	0	0.12574089575	0	0.493498314	0.15651051525	0	0.32786176775	0.198343215	0	0	0.53745021975
0.5682426555	0.35849914825	1	0.31465036975	1	0	0.276292885	0	0.52957603625	0	0.56963997175	0.67606351525	0	0.1321749265	0	0.37534433075	1	0	0.294592753	0.4027205005	0.02660992575	0.06884906775	0	0	0.39387646925	0	0	0.33144822675	0	0.33709703625	0	0.61140726175
0.2116044415	0.3423379395	1	0.027354147	1	0	0.133909129	0	0.246982366	0	0.5451237685	0.3381515645	0	0.038735039	0	0.04198032725	0.548159769	0.20253487675	0.34950393225	0.25405117975	0	0.1065732135	0.04095016325	0.02021869625	0.4761340595	0.072156544	0	0.24336181975	0.13709117875	0.134969479	0	0.66985358375
0.01727498625	0.332524073	1	0	1	0	0.09568237525	0	0.1536711905	0	0.4824540015	0.270236023	0	0	0	0	0.40280854525	0.07403844375	0.36088198525	0.351122806	0	0	0.12574089575	0	0.493498314	0.15651051525	0	0.32786176775	0.198343215	0	0	0.53745021975
0.5682426555	0.35849914825	1	0.31465036975	1	0	0.276292885	0	0.52957603625	0	0.56963997175	0.67606351525	0	0.1321749265	0	0.37534433075	1	0	0.294592753	0.4027205005	0.02660992575	0.06884906775	0	0	0.39387646925	0	0	0.33144822675	0	0.33709703625	0	0.61140726175
0.2116044415	0.3423379395	1	0.027354147	1	0	0.133909129	0	0.246982366	0	0.5451237685	0.3381515645	0	0.038735039	0	0.04198032725	0.548159769	0.20253487675	0.34950393225	0.25405117975	0	0.1065732135	0.04095016325	0.02021869625	0.4761340595	0.072156544	0	0.24336181975	0.13709117875	0.134969479	0	0.66985358375
0.01727498625	0.332524073	1	0	1	0	0.09568237525	0	0.1536711905	0	0.4824540015	0.270236023	0	0	0	0	0.40280854525	0.07403844375	0.36088198525	0.351122806	0	0	0.12574089575	0	0.493498314	0.15651051525	0	0.32786176775	0.198343215	0	0	0.53745021975
0	0	0	0	0	0	0	0	0	0	0	0	0	0	0	0	0	0.0512397195	0.41504206625	0	0	0	0.245700024	0	0	0.099153222	0	0	0	0.70576045725	0.53122562675	0.3030541435
0	0.03498032	0	0.01140514225	0	0	0	0	0	0	0	0.03217199775	0	0	0.05866501825	0	0	0	0	0.025092748	0.08727914475	0.08893474575	0.23611868625	0.07407143875	0	0	0	0.05604601175	0	0.491796281	0.105197425	0.3007037805
0.872827203	0.07027673675	0	0.06117250525	0	0	0	0	0.006638176	0.01773889175	0	0.06875746625	0	0	0.14761789875	0	0.31653808075	0.16049836675	0	0.09428129975	0.10345668375	0.2722093025	0.1186152935	0	0	0	0.06496651575	0	0	0.08449192175	0.24019718225	0
0	0	0	0	0	0	0	0	0	0	0	0	0	0	0	0	0	0.0512397195	0.41504206625	0	0	0	0.245700024	0	0	0.099153222	0	0	0	0.70576045725	0.53122562675	0.3030541435
0	0.03498032	0	0.01140514225	0	0	0	0	0	0	0	0.03217199775	0	0	0.05866501825	0	0	0	0	0.025092748	0.08727914475	0.08893474575	0.23611868625	0.07407143875	0	0	0	0.05604601175	0	0.491796281	0.105197425	0.3007037805
0.872827203	0.07027673675	0	0.06117250525	0	0	0	0	0.006638176	0.01773889175	0	0.06875746625	0	0	0.14761789875	0	0.31653808075	0.16049836675	0	0.09428129975	0.10345668375	0.2722093025	0.1186152935	0	0	0	0.06496651575	0	0	0.08449192175	0.24019718225	0
1	0.0704566295	0	1	0.17542311575	0.5465302515	0.171786075	0.54919537825	0.29739598025	0	0.2124048365	0.259231679	0.12822479075	0.01332405375	0	0.27245090975	0.03048977825	0	0	0.192681928	0.19394687425	0.05488711425	0	0.29844643325	0	0.110959138	0	0	0.29588936	0	0	0.30472161025
1	0.17702763175	1	0.59021440175	0.12387655575	0.341731541	0.374568683	0.29418431325	0.3382556665	1	0.09654210875	0.26511676325	1	0.2541376005	1	0.8050559055	0.1112472995	0	0	0.03204677625	0	0	0	0.26022391425	0.0704843565	0	0	0	0.1789736085	0	0	0
0.83601148225	0	0	0.83400440525	0.01694257275	0.074173991	0	0.3679558335	0.20742419275	0.24407421475	0.043065499	0.203879267	0.1123741425	0	0	0.165757514	0.74344437625	0	0	0.50439225125	0.4132646465	0.189741637	0	0.242455245	0	0.18844105175	0.0883847985	0	0.26950646825	0	0	0.17279724975
1	0.0704566295	0	1	0.17542311575	0.5465302515	0.171786075	0.54919537825	0.29739598025	0	0.2124048365	0.259231679	0.12822479075	0.01332405375	0	0.27245090975	0.03048977825	0	0	0.192681928	0.19394687425	0.05488711425	0	0.29844643325	0	0.110959138	0	0	0.29588936	0	0	0.30472161025
1	0.17702763175	1	0.59021440175	0.12387655575	0.341731541	0.374568683	0.29418431325	0.3382556665	1	0.09654210875	0.26511676325	1	0.2541376005	1	0.8050559055	0.1112472995	0	0	0.03204677625	0	0	0	0.26022391425	0.0704843565	0	0	0	0.1789736085	0	0	0
0.83601148225	0	0	0.83400440525	0.01694257275	0.074173991	0	0.3679558335	0.20742419275	0.24407421475	0.043065499	0.203879267	0.1123741425	0	0	0.165757514	0.74344437625	0	0	0.50439225125	0.4132646465	0.189741637	0	0.242455245	0	0.18844105175	0.0883847985	0	0.26950646825	0	0	0.17279724975
1	0.0704566295	0	1	0.17542311575	0.5465302515	0.171786075	0.54919537825	0.29739598025	0	0.2124048365	0.259231679	0.12822479075	0.01332405375	0	0.27245090975	0.03048977825	0	0	0.192681928	0.19394687425	0.05488711425	0	0.29844643325	0	0.110959138	0	0	0.29588936	0	0	0.30472161025
1	0.17702763175	1	0.59021440175	0.12387655575	0.341731541	0.374568683	0.29418431325	0.3382556665	1	0.09654210875	0.26511676325	1	0.2541376005	1	0.8050559055	0.1112472995	0	0	0.03204677625	0	0	0	0.26022391425	0.0704843565	0	0	0	0.1789736085	0	0	0
0.83601148225	0	0	0.83400440525	0.01694257275	0.074173991	0	0.3679558335	0.20742419275	0.24407421475	0.043065499	0.203879267	0.1123741425	0	0	0.165757514	0.74344437625	0	0	0.50439225125	0.4132646465	0.189741637	0	0.242455245	0	0.18844105175	0.0883847985	0	0.26950646825	0	0	0.17279724975
0.13247882225	0.062607254	0.16607475825	0.165432597	0.0175442165	0.00134544925	0.0748815345	0.080453178	0.072330151	0	0	0.120942879	0	0.01672103375	0.095020375	0.1649725855	0.07131216475	0	0	0.01898232775	0	0	0	0	0	0	0	0	0.04160911925	0	0	0
0.18807963575	0	0.02935857375	0	0.0170060505	0	0.05648341725	0.0453949635	0.066058541	0	0	0.06583659675	0.0280944625	0.136441956	0.1629554925	0.13700506875	0.0620014435	0	0	0	0	0	0	0	0	0	0	0.0068296615	0.10792569825	0.2055705225	0	0.1382023105
0.12699939675	0	0	0.07109760975	0	0.0520467845	0	0.1343800805	0.0919474335	0	0	0.07151329425	0	0	0	0	0	0	0	0.04667851325	0.05314701925	0	0	0.026346426	0	0.02560406775	0	0	0.1633276685	0	0	0
0.13247882225	0.062607254	0.16607475825	0.165432597	0.0175442165	0.00134544925	0.0748815345	0.080453178	0.072330151	0	0	0.120942879	0	0.01672103375	0.095020375	0.1649725855	0.07131216475	0	0	0.01898232775	0	0	0	0	0	0	0	0	0.04160911925	0	0	0
0.18807963575	0	0.02935857375	0	0.0170060505	0	0.05648341725	0.0453949635	0.066058541	0	0	0.06583659675	0.0280944625	0.136441956	0.1629554925	0.13700506875	0.0620014435	0	0	0	0	0	0	0	0	0	0	0.0068296615	0.10792569825	0.2055705225	0	0.1382023105
0.12699939675	0	0	0.07109760975	0	0.0520467845	0	0.1343800805	0.0919474335	0	0	0.07151329425	0	0	0	0	0	0	0	0.04667851325	0.05314701925	0	0	0.026346426	0	0.02560406775	0	0	0.1633276685	0	0	0
0.13247882225	0.062607254	0.16607475825	0.165432597	0.0175442165	0.00134544925	0.0748815345	0.080453178	0.072330151	0	0	0.120942879	0	0.01672103375	0.095020375	0.1649725855	0.07131216475	0	0	0.01898232775	0	0	0	0	0	0	0	0	0.04160911925	0	0	0
0.18807963575	0	0.02935857375	0	0.0170060505	0	0.05648341725	0.0453949635	0.066058541	0	0	0.06583659675	0.0280944625	0.136441956	0.1629554925	0.13700506875	0.0620014435	0	0	0	0	0	0	0	0	0	0	0.0068296615	0.10792569825	0.2055705225	0	0.1382023105
0.12699939675	0	0	0.07109760975	0	0.0520467845	0	0.1343800805	0.0919474335	0	0	0.07151329425	0	0	0	0	0	0	0	0.04667851325	0.05314701925	0	0	0.026346426	0	0.02560406775	0	0	0.1633276685	0	0	0
0.15683165875	0	1	0.0647737475	0	0	0.4614453305	0	0.04445595	1	0.415143738	0.001033778	1	0.15198171925	1	0.125092458	0.074627778	0.13633133975	0.24095391625	0.32668825325	0.3359388095	0.79550112675	0.02230071225	0.1927048065	0.499426649	0.0262738495	0.527952581	0.4659077245	0.0333593685	0.1641284785	0	0.2265863305
0	0.13492281775	0.41263141825	0	0.01545688875	0.203140378	0.0866523255	0.04948055525	0	0.279910682	0.243015181	0	0	0.024499568	0.52919971075	0	0.04695451825	0	0.0924605515	0.41043547175	0.21449381225	0.21906909525	0	0.123247134	0.45326427125	0.0003864465	0.21929649675	0.4003153615	0.051173937	0.18517943325	0	0
0	0.27029378025	0.46970249375	0	0.06647085875	0.0604987145	0.31066738025	0	0	0.380544329	0.168535932	0	0.60187716925	0.008576889	0.46595756275	0	0.20492671	0.29696251575	0	0.03644727925	0.1598500185	0	0	0.09490410975	0.35811187425	0.3600534645	0.28397176375	0.2603235905	0.3880292055	0	0.0264143435	0
0.15683165875	0	1	0.0647737475	0	0	0.4614453305	0	0.04445595	1	0.415143738	0.001033778	1	0.15198171925	1	0.125092458	0.074627778	0.13633133975	0.24095391625	0.32668825325	0.3359388095	0.79550112675	0.02230071225	0.1927048065	0.499426649	0.0262738495	0.527952581	0.4659077245	0.0333593685	0.1641284785	0	0.2265863305
0	0.13492281775	0.41263141825	0	0.01545688875	0.203140378	0.0866523255	0.04948055525	0	0.279910682	0.243015181	0	0	0.024499568	0.52919971075	0	0.04695451825	0	0.0924605515	0.41043547175	0.21449381225	0.21906909525	0	0.123247134	0.45326427125	0.0003864465	0.21929649675	0.4003153615	0.051173937	0.18517943325	0	0
0	0.27029378025	0.46970249375	0	0.06647085875	0.0604987145	0.31066738025	0	0	0.380544329	0.168535932	0	0.60187716925	0.008576889	0.46595756275	0	0.20492671	0.29696251575	0	0.03644727925	0.1598500185	0	0	0.09490410975	0.35811187425	0.3600534645	0.28397176375	0.2603235905	0.3880292055	0	0.0264143435	0
0.15683165875	0	1	0.0647737475	0	0	0.4614453305	0	0.04445595	1	0.415143738	0.001033778	1	0.15198171925	1	0.125092458	0.074627778	0.13633133975	0.24095391625	0.32668825325	0.3359388095	0.79550112675	0.02230071225	0.1927048065	0.499426649	0.0262738495	0.527952581	0.4659077245	0.0333593685	0.1641284785	0	0.2265863305
0	0.13492281775	0.41263141825	0	0.01545688875	0.203140378	0.0866523255	0.04948055525	0	0.279910682	0.243015181	0	0	0.024499568	0.52919971075	0	0.04695451825	0	0.0924605515	0.41043547175	0.21449381225	0.21906909525	0	0.123247134	0.45326427125	0.0003864465	0.21929649675	0.4003153615	0.051173937	0.18517943325	0	0
0	0.27029378025	0.46970249375	0	0.06647085875	0.0604987145	0.31066738025	0	0	0.380544329	0.168535932	0	0.60187716925	0.008576889	0.46595756275	0	0.20492671	0.29696251575	0	0.03644727925	0.1598500185	0	0	0.09490410975	0.35811187425	0.3600534645	0.28397176375	0.2603235905	0.3880292055	0	0.0264143435	0
0	0	0	0	0	0	0	0.00476959475	0	0	0	0	0	0.0640557955	0	0	0.33870735825	0	0.299061217	0	0	0.0962092235	0.40212829525	0.03651236	0	0.234875268	0	0	0.36448681125	0.5955631655	0.3450328415	0.18952141775
0	0	0	0	0	0	0	0	0	0.14395242225	0	0	0.102344378	0.1570944945	0.09459651925	0	0	0.2884823405	0.4407977525	0	0	0	0.41991454675	0	0	0.33080871925	0	0.02164142125	0.31406327825	0.38674851275	0.38941060425	0.2665100945
0	0	0.07874580275	0	0.10954765775	0	0	0.02319729225	0	0.14940670825	0	0	0	0.01574222725	0	0	0	0	0	0	0	0	0	0	0	0	0	0	0	0.16729840525	0.26486414775	0
0	0	0	0	0	0	0	0.00476959475	0	0	0	0	0	0.0640557955	0	0	0.33870735825	0	0.299061217	0	0	0.0962092235	0.40212829525	0.03651236	0	0.234875268	0	0	0.36448681125	0.5955631655	0.3450328415	0.18952141775
0	0	0	0	0	0	0	0	0	0.14395242225	0	0	0.102344378	0.1570944945	0.09459651925	0	0	0.2884823405	0.4407977525	0	0	0	0.41991454675	0	0	0.33080871925	0	0.02164142125	0.31406327825	0.38674851275	0.38941060425	0.2665100945
0	0	0.07874580275	0	0.10954765775	0	0	0.02319729225	0	0.14940670825	0	0	0	0.01574222725	0	0	0	0	0	0	0	0	0	0	0	0	0	0	0	0.16729840525	0.26486414775	0
0	0	0	0	0	0	0	0.00476959475	0	0	0	0	0	0.0640557955	0	0	0.33870735825	0	0.299061217	0	0	0.0962092235	0.40212829525	0.03651236	0	0.234875268	0	0	0.36448681125	0.5955631655	0.3450328415	0.18952141775
0	0	0	0	0	0	0	0	0	0.14395242225	0	0	0.102344378	0.1570944945	0.09459651925	0	0	0.2884823405	0.4407977525	0	0	0	0.41991454675	0	0	0.33080871925	0	0.02164142125	0.31406327825	0.38674851275	0.38941060425	0.2665100945
0	0	0.07874580275	0	0.10954765775	0	0	0.02319729225	0	0.14940670825	0	0	0	0.01574222725	0	0	0	0	0	0	0	0	0	0	0	0	0	0	0	0.16729840525	0.26486414775	0
0.30928919425	0	0.03084286075	0	0	0	0.06667404525	0	0.131328847	0.11668352675	0	0.3403380235	0	0	0.068328036	0.60211291225	0.15908124625	0	0	0.16643672875	0.00995387175	0.139791925	0.13710323125	0.1598995785	0.1088118735	0	0.1544136715	0.12861795125	0	0.050606852	0	0
0	0	0	0	0	0	0	0	0	0.500772445	0	0	0	0.5131582235	0.8542457635	0	0	0.18280717125	0	0	0	0.3840758855	0.123335044	0	0.158541362	0.21509913275	0.0454384385	0	0	0.3953621535	0.449520544	0
0	0	0	0	0	0	0	0	0	0.365965123	0	0	0	0.32757377825	0.56799882625	0	0	0.17378873675	0	0	0	0.49968892325	0	0	0.004934483	0.08020835825	0.08253326275	0	0	0.582910308	0.45529028625	0
0.30928919425	0	0.03084286075	0	0	0	0.06667404525	0	0.131328847	0.11668352675	0	0.3403380235	0	0	0.068328036	0.60211291225	0.15908124625	0	0	0.16643672875	0.00995387175	0.139791925	0.13710323125	0.1598995785	0.1088118735	0	0.1544136715	0.12861795125	0	0.050606852	0	0
0	0	0	0	0	0	0	0	0	0.500772445	0	0	0	0.5131582235	0.8542457635	0	0	0.18280717125	0	0	0	0.3840758855	0.123335044	0	0.158541362	0.21509913275	0.0454384385	0	0	0.3953621535	0.449520544	0
0	0	0	0	0	0	0	0	0	0.365965123	0	0	0	0.32757377825	0.56799882625	0	0	0.17378873675	0	0	0	0.49968892325	0	0	0.004934483	0.08020835825	0.08253326275	0	0	0.582910308	0.45529028625	0
0.30928919425	0	0.03084286075	0	0	0	0.06667404525	0	0.131328847	0.11668352675	0	0.3403380235	0	0	0.068328036	0.60211291225	0.15908124625	0	0	0.16643672875	0.00995387175	0.139791925	0.13710323125	0.1598995785	0.1088118735	0	0.1544136715	0.12861795125	0	0.050606852	0	0
0	0	0	0	0	0	0	0	0	0.500772445	0	0	0	0.5131582235	0.8542457635	0	0	0.18280717125	0	0	0	0.3840758855	0.123335044	0	0.158541362	0.21509913275	0.0454384385	0	0	0.3953621535	0.449520544	0
0	0	0	0	0	0	0	0	0	0.365965123	0	0	0	0.32757377825	0.56799882625	0	0	0.17378873675	0	0	0	0.49968892325	0	0	0.004934483	0.08020835825	0.08253326275	0	0	0.582910308	0.45529028625	0
0.15177804475	0.017011544	0.06468853875	0.16255413925	0.02867632175	0.0088390895	0.09689486125	0.0395004135	0.170474579	0	0	0.2127579685	0	0.03708139525	0	0.29833234725	0	0	0	0	0	0	0	0	0	0	0.142473738	0.028768872	0.0936662915	0.10609923925	0	0.127111001
0	0.05690308425	0.19882612475	0	0	0	0.14139519475	0	0.14841851425	0.062021772	0	0.1351121285	0	0.16342212475	0.2020626755	0.29222724375	0	0.07776604875	0.27641916925	0.1782865345	0.05659759025	0	0.10637049275	0.1849172635	0.1303044695	0.1639277435	0.32101033875	0.42219509875	0.1828166535	0.43425874925	0	0.10174546525
0.00553884275	0.16914245825	0.197337253	0	0	0	0	0.0212221515	0.0425815105	0.07175970875	0	0.04757859375	0.076099879	0.0664912745	0.3948939785	0.37186036375	0	0	0.173881137	0	0	0	0	0	0	0	0	0	0.21954847575	0	0	0
0.15177804475	0.017011544	0.06468853875	0.16255413925	0.02867632175	0.0088390895	0.09689486125	0.0395004135	0.170474579	0	0	0.2127579685	0	0.03708139525	0	0.29833234725	0	0	0	0	0	0	0	0	0	0	0.142473738	0.028768872	0.0936662915	0.10609923925	0	0.127111001
0	0.05690308425	0.19882612475	0	0	0	0.14139519475	0	0.14841851425	0.062021772	0	0.1351121285	0	0.16342212475	0.2020626755	0.29222724375	0	0.07776604875	0.27641916925	0.1782865345	0.05659759025	0	0.10637049275	0.1849172635	0.1303044695	0.1639277435	0.32101033875	0.42219509875	0.1828166535	0.43425874925	0	0.10174546525
0.00553884275	0.16914245825	0.197337253	0	0	0	0	0.0212221515	0.0425815105	0.07175970875	0	0.04757859375	0.076099879	0.0664912745	0.3948939785	0.37186036375	0	0	0.173881137	0	0	0	0	0	0	0	0	0	0.21954847575	0	0	0
0.15177804475	0.017011544	0.06468853875	0.16255413925	0.02867632175	0.0088390895	0.09689486125	0.0395004135	0.170474579	0	0	0.2127579685	0	0.03708139525	0	0.29833234725	0	0	0	0	0	0	0	0	0	0	0.142473738	0.028768872	0.0936662915	0.10609923925	0	0.127111001
0	0.05690308425	0.19882612475	0	0	0	0.14139519475	0	0.14841851425	0.062021772	0	0.1351121285	0	0.16342212475	0.2020626755	0.29222724375	0	0.07776604875	0.27641916925	0.1782865345	0.05659759025	0	0.10637049275	0.1849172635	0.1303044695	0.1639277435	0.32101033875	0.42219509875	0.1828166535	0.43425874925	0	0.10174546525
0.00553884275	0.16914245825	0.197337253	0	0	0	0	0.0212221515	0.0425815105	0.07175970875	0	0.04757859375	0.076099879	0.0664912745	0.3948939785	0.37186036375	0	0	0.173881137	0	0	0	0	0	0	0	0	0	0.21954847575	0	0	0
0	0.3918374195	0.1261729635	1	0.0105945865	1	1	0.399332034	1	0	0.112090228	1	0	0	0	0	0	0.37230065725	0.156498263	1	0.52743342625	1	1	1	1	0	0.76929687775	1	0.13720322375	0	0.2418186035	0
0	0.325977948	0.19349124375	1	0.10889044375	1	1	0.42061463425	1	0	0.0924811705	1	0.061892305	0.01721807175	0.05530866325	0	0	0.629819251	0.40245656875	1	0.37610681925	1	1	0.97219851675	1	0	0.6431964765	1	0.00984030575	0	0.7383822105	0.1201769905
0	0.340955804	0.06108133825	1	0.13015090525	1	1	0.5252675495	1	0	0.20589683525	1	0.1106104135	0	0	0	0.0257207	0.63216921775	0.1561925955	1	0.37255435425	1	1	1	1	0.255019923	0.8001286515	1	0.57492866075	0.20318066225	0.49192157575	0.11394395925
0	0.3918374195	0.1261729635	1	0.0105945865	1	1	0.399332034	1	0	0.112090228	1	0	0	0	0	0	0.37230065725	0.156498263	1	0.52743342625	1	1	1	1	0	0.76929687775	1	0.13720322375	0	0.2418186035	0
0	0.325977948	0.19349124375	1	0.10889044375	1	1	0.42061463425	1	0	0.0924811705	1	0.061892305	0.01721807175	0.05530866325	0	0	0.629819251	0.40245656875	1	0.37610681925	1	1	0.97219851675	1	0	0.6431964765	1	0.00984030575	0	0.7383822105	0.1201769905
0	0.340955804	0.06108133825	1	0.13015090525	1	1	0.5252675495	1	0	0.20589683525	1	0.1106104135	0	0	0	0.0257207	0.63216921775	0.1561925955	1	0.37255435425	1	1	1	1	0.255019923	0.8001286515	1	0.57492866075	0.20318066225	0.49192157575	0.11394395925
0	0.3918374195	0.1261729635	1	0.0105945865	1	1	0.399332034	1	0	0.112090228	1	0	0	0	0	0	0.37230065725	0.156498263	1	0.52743342625	1	1	1	1	0	0.76929687775	1	0.13720322375	0	0.2418186035	0
0	0.325977948	0.19349124375	1	0.10889044375	1	1	0.42061463425	1	0	0.0924811705	1	0.061892305	0.01721807175	0.05530866325	0	0	0.629819251	0.40245656875	1	0.37610681925	1	1	0.97219851675	1	0	0.6431964765	1	0.00984030575	0	0.7383822105	0.1201769905
0	0.340955804	0.06108133825	1	0.13015090525	1	1	0.5252675495	1	0	0.20589683525	1	0.1106104135	0	0	0	0.0257207	0.63216921775	0.1561925955	1	0.37255435425	1	1	1	1	0.255019923	0.8001286515	1	0.57492866075	0.20318066225	0.49192157575	0.11394395925
0.52132113425	0	1	0.49223749775	0.097278531	0.299079085	0.29723892	0.436160706	0.10350393225	1	0.2568706705	0.11383493875	1	0.102149582	1	0.3734215495	0.12614923275	0	0	0.10955002575	0	0.00422469575	0	0	0	0.02882408	0	0	0.057257077	0	0.021636384	0
0.3092008825	0	0	0.01031746625	0	0	0.0634696675	0	0.06318584325	0.2286209705	0	0	0.05650711725	0	0.2120248405	0	0.02691306225	0	0	0.047810891	0.02944810175	0	0	0.0517880565	0	0.117313232	0.07917903025	0	0.03755571025	0	0	0
0.0447833045	0.05883853675	0.0750029315	0.2030166995	0.07159396175	0.31925201275	0.148100211	0.0310889745	0.0341515315	0	0.04070265775	0.0333832275	0	0	0.10662913	0.13799032175	0	0	0.23341657375	0	0	0	0	0	0	0	0	0	0	0.03965999575	0	0
0.52132113425	0	1	0.49223749775	0.097278531	0.299079085	0.29723892	0.436160706	0.10350393225	1	0.2568706705	0.11383493875	1	0.102149582	1	0.3734215495	0.12614923275	0	0	0.10955002575	0	0.00422469575	0	0	0	0.02882408	0	0	0.057257077	0	0.021636384	0
0.3092008825	0	0	0.01031746625	0	0	0.0634696675	0	0.06318584325	0.2286209705	0	0	0.05650711725	0	0.2120248405	0	0.02691306225	0	0	0.047810891	0.02944810175	0	0	0.0517880565	0	0.117313232	0.07917903025	0	0.03755571025	0	0	0
0.0447833045	0.05883853675	0.0750029315	0.2030166995	0.07159396175	0.31925201275	0.148100211	0.0310889745	0.0341515315	0	0.04070265775	0.0333832275	0	0	0.10662913	0.13799032175	0	0	0.23341657375	0	0	0	0	0	0	0	0	0	0	0.03965999575	0	0
0.52132113425	0	1	0.49223749775	0.097278531	0.299079085	0.29723892	0.436160706	0.10350393225	1	0.2568706705	0.11383493875	1	0.102149582	1	0.3734215495	0.12614923275	0	0	0.10955002575	0	0.00422469575	0	0	0	0.02882408	0	0	0.057257077	0	0.021636384	0
0.3092008825	0	0	0.01031746625	0	0	0.0634696675	0	0.06318584325	0.2286209705	0	0	0.05650711725	0	0.2120248405	0	0.02691306225	0	0	0.047810891	0.02944810175	0	0	0.0517880565	0	0.117313232	0.07917903025	0	0.03755571025	0	0	0
0.0447833045	0.05883853675	0.0750029315	0.2030166995	0.07159396175	0.31925201275	0.148100211	0.0310889745	0.0341515315	0	0.04070265775	0.0333832275	0	0	0.10662913	0.13799032175	0	0	0.23341657375	0	0	0	0	0	0	0	0	0	0	0.03965999575	0	0
0	1	0	0.22925257925	0.1938291295	0.301199975	0.451272946	0.2456484445	1	0.0953994765	1	1	0.20019568875	1	0	0	0.5296373245	1	0.4192492265	0.8312342405	0.15406710725	0.70721859275	0.3596970405	0.37520931625	1	0.23188695	0.5930045675	0.65276586125	0.1259506305	0.55110640375	0.040081783	0.07442610125
0.0293949135	0.70284925975	0.331754241	0.16401793225	0	0.28738554075	0.4401793785	0.09751787675	1	0	0.6045192595	0.99525924925	0.19857039	0.60716996325	0	0	0.45235932075	1	0.0094080975	0.555228898	0.2011168155	0.59271613325	0.30412239525	0.5010924535	1	0.1181372115	0.882260786	0.48537981375	0	0.00463541	0.05559986775	0
0	0.70579694925	0.267877439	0.1333682235	0.060272353	0.15908749	0.583989506	0.373722664	1	0.4026179665	0.739000468	1	0.543280927	0.709263948	0.14225481275	0	0.300765022	0.97183091625	0.09411163725	0.31189324325	0.27357309175	0.38209753	0.1673167565	0.256457667	0.7510672355	0.2118725885	0.58418715175	0.32888768375	0	0.04871691675	0.046763122	0
0	1	0	0.22925257925	0.1938291295	0.301199975	0.451272946	0.2456484445	1	0.0953994765	1	1	0.20019568875	1	0	0	0.5296373245	1	0.4192492265	0.8312342405	0.15406710725	0.70721859275	0.3596970405	0.37520931625	1	0.23188695	0.5930045675	0.65276586125	0.1259506305	0.55110640375	0.040081783	0.07442610125
0.0293949135	0.70284925975	0.331754241	0.16401793225	0	0.28738554075	0.4401793785	0.09751787675	1	0	0.6045192595	0.99525924925	0.19857039	0.60716996325	0	0	0.45235932075	1	0.0094080975	0.555228898	0.2011168155	0.59271613325	0.30412239525	0.5010924535	1	0.1181372115	0.882260786	0.48537981375	0	0.00463541	0.05559986775	0
0	0.70579694925	0.267877439	0.1333682235	0.060272353	0.15908749	0.583989506	0.373722664	1	0.4026179665	0.739000468	1	0.543280927	0.709263948	0.14225481275	0	0.300765022	0.97183091625	0.09411163725	0.31189324325	0.27357309175	0.38209753	0.1673167565	0.256457667	0.7510672355	0.2118725885	0.58418715175	0.32888768375	0	0.04871691675	0.046763122	0
0	1	0	0.22925257925	0.1938291295	0.301199975	0.451272946	0.2456484445	1	0.0953994765	1	1	0.20019568875	1	0	0	0.5296373245	1	0.4192492265	0.8312342405	0.15406710725	0.70721859275	0.3596970405	0.37520931625	1	0.23188695	0.5930045675	0.65276586125	0.1259506305	0.55110640375	0.040081783	0.07442610125
0.0293949135	0.70284925975	0.331754241	0.16401793225	0	0.28738554075	0.4401793785	0.09751787675	1	0	0.6045192595	0.99525924925	0.19857039	0.60716996325	0	0	0.45235932075	1	0.0094080975	0.555228898	0.2011168155	0.59271613325	0.30412239525	0.5010924535	1	0.1181372115	0.882260786	0.48537981375	0	0.00463541	0.05559986775	0
0	0.70579694925	0.267877439	0.1333682235	0.060272353	0.15908749	0.583989506	0.373722664	1	0.4026179665	0.739000468	1	0.543280927	0.709263948	0.14225481275	0	0.300765022	0.97183091625	0.09411163725	0.31189324325	0.27357309175	0.38209753	0.1673167565	0.256457667	0.7510672355	0.2118725885	0.58418715175	0.32888768375	0	0.04871691675	0.046763122	0
0.208119903	0.1626172605	0.28462101125	0	0.31268450625	0	0	0	0	0	0.0618687425	0	0	0.15120590775	0.30080120425	0.18731655	0	0	0.2520315795	0	0	0	0	0	0	0	0	0	0	0.18387265125	0	0
1	0.00922188925	1	1	0.85325101325	0.05644821425	0.32711549575	0.015639815	0	1	0.16135502675	0	1	0.2073426015	1	0.435411605	0.1227913975	0	0.219920123	0	0	0	0	0.01121301675	0	0	0	0	0	0.000521007	0	0
0	0.2991833215	0.5262599625	0	0	0	0.07363451325	0	0	0.19369072075	0	0	0.119459511	0.06691878125	0.2850290295	0.213541816	0	0	0.4220626675	0	0	0	0	0	0	0	0	0	0	0.04765598825	0	0
0.208119903	0.1626172605	0.28462101125	0	0.31268450625	0	0	0	0	0	0.0618687425	0	0	0.15120590775	0.30080120425	0.18731655	0	0	0.2520315795	0	0	0	0	0	0	0	0	0	0	0.18387265125	0	0
1	0.00922188925	1	1	0.85325101325	0.05644821425	0.32711549575	0.015639815	0	1	0.16135502675	0	1	0.2073426015	1	0.435411605	0.1227913975	0	0.219920123	0	0	0	0	0.01121301675	0	0	0	0	0	0.000521007	0	0
0	0.2991833215	0.5262599625	0	0	0	0.07363451325	0	0	0.19369072075	0	0	0.119459511	0.06691878125	0.2850290295	0.213541816	0	0	0.4220626675	0	0	0	0	0	0	0	0	0	0	0.04765598825	0	0
0.208119903	0.1626172605	0.28462101125	0	0.31268450625	0	0	0	0	0	0.0618687425	0	0	0.15120590775	0.30080120425	0.18731655	0	0	0.2520315795	0	0	0	0	0	0	0	0	0	0	0.18387265125	0	0
1	0.00922188925	1	1	0.85325101325	0.05644821425	0.32711549575	0.015639815	0	1	0.16135502675	0	1	0.2073426015	1	0.435411605	0.1227913975	0	0.219920123	0	0	0	0	0.01121301675	0	0	0	0	0	0.000521007	0	0
0	0.2991833215	0.5262599625	0	0	0	0.07363451325	0	0	0.19369072075	0	0	0.119459511	0.06691878125	0.2850290295	0.213541816	0	0	0.4220626675	0	0	0	0	0	0	0	0	0	0	0.04765598825	0	0
0.00691738125	0	0	0.11908541625	0.27587062	0.0762427595	0	0.117545424	0.00895004725	0	0	0.07052152975	0	0.084663743	0	0.10796176675	0	0.0038595625	0.287383159	0	0.0822355205	0.024459057	0	0.030972006	0.0131246585	0.09447398025	0.11396422275	0	0.15699944025	0	0	0.1118722355
0.05299818125	0.122095901	0.05938900025	0.0767492705	0.07371349325	0.11212064075	0.411213097	0.006381223	0.03154386375	0.24290244725	0	0.1444908825	0.55553509625	0	0.171776471	0.130975087	0	0.19886635925	0.40686790325	0	0.00391152775	0.081536662	0.17080870225	0.1699298565	0.0569347375	0.2101900985	0.17961618675	0.20762191	0.8371423785	0.10820823775	0	0
0	0.0629974595	0.09494113625	0	0	0	0.437426299	0	0.1313358295	0	0	0.277989187	0	0.316506974	0	0.3704340105	0	0	0.08974797225	0	0	0	0	0.25223124325	0.032021008	0	0.02548232075	0	0	0	0	0.04262755975
0.00691738125	0	0	0.11908541625	0.27587062	0.0762427595	0	0.117545424	0.00895004725	0	0	0.07052152975	0	0.084663743	0	0.10796176675	0	0.0038595625	0.287383159	0	0.0822355205	0.024459057	0	0.030972006	0.0131246585	0.09447398025	0.11396422275	0	0.15699944025	0	0	0.1118722355
0.05299818125	0.122095901	0.05938900025	0.0767492705	0.07371349325	0.11212064075	0.411213097	0.006381223	0.03154386375	0.24290244725	0	0.1444908825	0.55553509625	0	0.171776471	0.130975087	0	0.19886635925	0.40686790325	0	0.00391152775	0.081536662	0.17080870225	0.1699298565	0.0569347375	0.2101900985	0.17961618675	0.20762191	0.8371423785	0.10820823775	0	0
0	0.0629974595	0.09494113625	0	0	0	0.437426299	0	0.1313358295	0	0	0.277989187	0	0.316506974	0	0.3704340105	0	0	0.08974797225	0	0	0	0	0.25223124325	0.032021008	0	0.02548232075	0	0	0	0	0.04262755975
0.00691738125	0	0	0.11908541625	0.27587062	0.0762427595	0	0.117545424	0.00895004725	0	0	0.07052152975	0	0.084663743	0	0.10796176675	0	0.0038595625	0.287383159	0	0.0822355205	0.024459057	0	0.030972006	0.0131246585	0.09447398025	0.11396422275	0	0.15699944025	0	0	0.1118722355
0.05299818125	0.122095901	0.05938900025	0.0767492705	0.07371349325	0.11212064075	0.411213097	0.006381223	0.03154386375	0.24290244725	0	0.1444908825	0.55553509625	0	0.171776471	0.130975087	0	0.19886635925	0.40686790325	0	0.00391152775	0.081536662	0.17080870225	0.1699298565	0.0569347375	0.2101900985	0.17961618675	0.20762191	0.8371423785	0.10820823775	0	0
0	0.0629974595	0.09494113625	0	0	0	0.437426299	0	0.1313358295	0	0	0.277989187	0	0.316506974	0	0.3704340105	0	0	0.08974797225	0	0	0	0	0.25223124325	0.032021008	0	0.02548232075	0	0	0	0	0.04262755975
1	0.144995483	0.201028309	1	0	0.04507577175	1	0.00377835925	1	0	0.01828362075	1	0.01696428575	1	0	1	1	0.063409468	0	1	0.05526035325	0	1	1	1	0.084618211	0.1034719585	1	0.357389434	0.97339748575	0	1
1	0.413174991	0.29565683275	1	0.061844315	0.29224573775	1	0.30914192025	1	0.1153546235	0.2480167005	1	0	1	0.07345201575	1	1	0.489205899	0.22147715175	1	0	0.0208421505	1	1	1	0.645879122	0.0444241015	1	0.83937823075	1	0.0629297675	1
1	0.274551151	0.3693132835	1	0.21023579	0.32499517825	1	0.271137889	1	0.44473702475	0.38199202975	1	0	1	0.29405179475	1	1	0.34104658725	0	1	0	0	1	1	1	0.2121199715	0	1	0.0179996615	0.4093369305	0	1
1	0.144995483	0.201028309	1	0	0.04507577175	1	0.00377835925	1	0	0.01828362075	1	0.01696428575	1	0	1	1	0.063409468	0	1	0.05526035325	0	1	1	1	0.084618211	0.1034719585	1	0.357389434	0.97339748575	0	1
1	0.413174991	0.29565683275	1	0.061844315	0.29224573775	1	0.30914192025	1	0.1153546235	0.2480167005	1	0	1	0.07345201575	1	1	0.489205899	0.22147715175	1	0	0.0208421505	1	1	1	0.645879122	0.0444241015	1	0.83937823075	1	0.0629297675	1
1	0.274551151	0.3693132835	1	0.21023579	0.32499517825	1	0.271137889	1	0.44473702475	0.38199202975	1	0	1	0.29405179475	1	1	0.34104658725	0	1	0	0	1	1	1	0.2121199715	0	1	0.0179996615	0.4093369305	0	1
1	0.144995483	0.201028309	1	0	0.04507577175	1	0.00377835925	1	0	0.01828362075	1	0.01696428575	1	0	1	1	0.063409468	0	1	0.05526035325	0	1	1	1	0.084618211	0.1034719585	1	0.357389434	0.97339748575	0	1
1	0.413174991	0.29565683275	1	0.061844315	0.29224573775	1	0.30914192025	1	0.1153546235	0.2480167005	1	0	1	0.07345201575	1	1	0.489205899	0.22147715175	1	0	0.0208421505	1	1	1	0.645879122	0.0444241015	1	0.83937823075	1	0.0629297675	1
1	0.274551151	0.3693132835	1	0.21023579	0.32499517825	1	0.271137889	1	0.44473702475	0.38199202975	1	0	1	0.29405179475	1	1	0.34104658725	0	1	0	0	1	1	1	0.2121199715	0	1	0.0179996615	0.4093369305	0	1
0.03362981875	0.25388397675	0.1760698345	0	0	1	0	0.2431053765	0.23079771625	0.0057941575	0.4582718115	0.4022304335	0	0	0.4398701895	0	0.01909902875	0.31559726775	0.0781127455	0.12706286325	0	1	0.2147401195	0	0	0	0.215862547	0	0	0	0.49081174675	0.00651481125
0	0.37929744675	0	0	0	1	0	0	0.0929921705	0	0.3231350475	0.0445166095	0	0	0.4194286525	0	0.011192781	0.222222717	0	0.15443601375	0.030512344	1	0.00276401875	0	0	0	0.34079467925	0	0	0	0.36533099875	0
0	0.31674278825	0.23824087575	0	0	1	0.00195519075	0	0.13188511875	0.047606954	0.59078635425	0.076496043	0	0.04090588175	0.80271553375	0.0864123605	0	0.13475747125	0	0.1946795865	0.13290324275	1	0	0.11595855875	0	0.04314569525	0.75488691125	0	0	0	0.534983877	0.2485521195
0.03362981875	0.25388397675	0.1760698345	0	0	1	0	0.2431053765	0.23079771625	0.0057941575	0.4582718115	0.4022304335	0	0	0.4398701895	0	0.01909902875	0.31559726775	0.0781127455	0.12706286325	0	1	0.2147401195	0	0	0	0.215862547	0	0	0	0.49081174675	0.00651481125
0	0.37929744675	0	0	0	1	0	0	0.0929921705	0	0.3231350475	0.0445166095	0	0	0.4194286525	0	0.011192781	0.222222717	0	0.15443601375	0.030512344	1	0.00276401875	0	0	0	0.34079467925	0	0	0	0.36533099875	0
0	0.31674278825	0.23824087575	0	0	1	0.00195519075	0	0.13188511875	0.047606954	0.59078635425	0.076496043	0	0.04090588175	0.80271553375	0.0864123605	0	0.13475747125	0	0.1946795865	0.13290324275	1	0	0.11595855875	0	0.04314569525	0.75488691125	0	0	0	0.534983877	0.2485521195
0.03362981875	0.25388397675	0.1760698345	0	0	1	0	0.2431053765	0.23079771625	0.0057941575	0.4582718115	0.4022304335	0	0	0.4398701895	0	0.01909902875	0.31559726775	0.0781127455	0.12706286325	0	1	0.2147401195	0	0	0	0.215862547	0	0	0	0.49081174675	0.00651481125
0	0.37929744675	0	0	0	1	0	0	0.0929921705	0	0.3231350475	0.0445166095	0	0	0.4194286525	0	0.011192781	0.222222717	0	0.15443601375	0.030512344	1	0.00276401875	0	0	0	0.34079467925	0	0	0	0.36533099875	0
0	0.31674278825	0.23824087575	0	0	1	0.00195519075	0	0.13188511875	0.047606954	0.59078635425	0.076496043	0	0.04090588175	0.80271553375	0.0864123605	0	0.13475747125	0	0.1946795865	0.13290324275	1	0	0.11595855875	0	0.04314569525	0.75488691125	0	0	0	0.534983877	0.2485521195
0.192705624	0.10447727325	0	0	0	0	0	0	0	0	0	0.0092735025	0	0	0	0	0	0	0	0	0.014128782	0.07029536075	9.710925e-05	0	0	0	0	0	0	0	0	0
0.02445124375	0.1361423985	0.05337628225	0	0	0	0	0	0.06926164725	0.0085207345	0	0.15901961675	0	0	0	0	0	0.068759068	0.18333333725	0.01061169225	0	0.29051910275	0.110072116	0.003523435	0	0	0	0	0	0.096330656	0.2011847395	0
0.3104475335	0.04970504125	0.04734624825	0.10526575675	0.00622260775	0.01179074975	0	0.0203781275	0	0.040204628	0	0	0	0	0.32033709025	0	0	0.0926444135	0	0	0	0	0.0260202125	0	0	0	0	0	0	0	0.20305332225	0
0.192705624	0.10447727325	0	0	0	0	0	0	0	0	0	0.0092735025	0	0	0	0	0	0	0	0	0.014128782	0.07029536075	9.710925e-05	0	0	0	0	0	0	0	0	0
0.02445124375	0.1361423985	0.05337628225	0	0	0	0	0	0.06926164725	0.0085207345	0	0.15901961675	0	0	0	0	0	0.068759068	0.18333333725	0.01061169225	0	0.29051910275	0.110072116	0.003523435	0	0	0	0	0	0.096330656	0.2011847395	0
0.3104475335	0.04970504125	0.04734624825	0.10526575675	0.00622260775	0.01179074975	0	0.0203781275	0	0.040204628	0	0	0	0	0.32033709025	0	0	0.0926444135	0	0	0	0	0.0260202125	0	0	0	0	0	0	0	0.20305332225	0
0.192705624	0.10447727325	0	0	0	0	0	0	0	0	0	0.0092735025	0	0	0	0	0	0	0	0	0.014128782	0.07029536075	9.710925e-05	0	0	0	0	0	0	0	0	0
0.02445124375	0.1361423985	0.05337628225	0	0	0	0	0	0.06926164725	0.0085207345	0	0.15901961675	0	0	0	0	0	0.068759068	0.18333333725	0.01061169225	0	0.29051910275	0.110072116	0.003523435	0	0	0	0	0	0.096330656	0.2011847395	0
0.3104475335	0.04970504125	0.04734624825	0.10526575675	0.00622260775	0.01179074975	0	0.0203781275	0	0.040204628	0	0	0	0	0.32033709025	0	0	0.0926444135	0	0	0	0	0.0260202125	0	0	0	0	0	0	0	0.20305332225	0
0	0	0	0	0	0	0	0	0	0	0	0	0	0	0	0	0	0.01310334675	0	0	0	0	0	0	0	0	0	0	0	0	0	0
0.00791905975	0	0.04704569325	0.06739009425	0.0242906625	0.0481927475	0	0.1484375105	0.0710806135	0	0.05137160425	0	0	0	0.0420521115	0.0419719315	0	0.0745539575	0.107679347	0.1642459355	0.021371508	0	0.04356603825	0.354098786	0.05174996775	0.08363895475	0.05429129525	0.01249361475	0.15109637875	0	0.121761042	0.21675596
0	0	0.22814337175	0	0	0	0	0	0.00539378725	0	0	0	0.415587002	0	0.4710502415	0	0.90949947425	0.1046132085	0.3471415455	0	0	0	0.29401303875	0	0	0.1556932005	0	0	0.12022684025	0.12209122425	0.133733369	0.30935752325
0.14493317825	0	0.1790377735	0.03599817225	0.08764548575	0.26495227725	0.01607177125	0.25106940175	0.07434242025	0	0.10501925225	0	0	0	0.18687812625	0.11531670925	0	0	0	0	0	0	0.0818396665	0	0.028054321	0.19058269775	0	0.008107465	0.12065873225	0	0	0.00080809325
0.06962896175	0	0	0.260956288	0.27811617725	0.154861525	0.010613978	0.031848987	0.0022329845	0	0	0	0	0.257192044	0	0	0.1860597045	0	0.02244784625	0.0438452985	0.384306151	0.33758546875	0	0	0	0.08905589375	0	0	0.0322546655	0.221135546	0.00221663675	0.24157585925
0	0.105407451	0.0347018475	0	0.034839193	0.14043932	0	0	0	0.33710230125	0.017016145	0	0	0.484956522	0.7412905265	0	0	0.1026480225	0	0	0	0.188527722	0.07580065475	0	0	0.54247509825	0.07667811925	0	0	0.617828167	0.46111203825	0
0.02088185075	0	0.3110057115	0.0630685415	0.132696838	0.3533133805	0.159219745	0.16641499125	0	0.029429397	0	0.03534843275	0	0.0784037775	0	0.16743716325	0	0.06326948825	0	0	0	0	0	0.1608209835	0.0173438615	0.04457118925	0	0.007853271	0.11945079825	0	0	0
0.09454724675	0	0.03423087025	0.116014381	0.025410356	0.224792603	0	0.08130262925	0.029844788	0	0.0563926945	0.00620676475	0	0	0.00431157375	0.03645678375	0.204396998	0	0	0	0	0	0	0	0	0	0	0	0	0	0	0
0.66867754825	0	0	0.845469108	1	0.822149711	0.0557655685	0.46185957025	0.07474201275	0	0.372029876	0	0.172435117	0.1256824115	0	0	0	0.09536287675	0.09562342675	0	0	0	0	0	0.14667249775	0.189205198	0	0.06832396775	0.1095960795	0.05070946275	0.13962382875	0.25999990075
0.092430125	0.005325909	0.146684785	0.20834527875	0	0.202324609	0	0.171844255	0.0910936285	0.0482790485	0	0	0.2472502025	0.03347456775	0.1582445895	0.221659925	0.07811368525	0	0	0	0	0	0.02002048125	0.11859441425	0.008332718	0.11915333225	0	0	0.0201950855	0	0.1369042675	0.055820357
0.10087235975	0.0766483735	0.4904111085	0.42457486	0	0.0244439765	0.412774648	0.16980102525	0.0747650875	0.47559374525	0	0.2872973835	0.44376463675	0.276331782	0.16904771325	0.275935411	0.15948480775	0	0.06615810425	0	0	0	0	0.20318675025	0	0	0	0	0	0	0	0.125877194
0	0	0	0	0	0	0	0	0	0	0	0	0	0	0	0	0	0.01310334675	0	0	0	0	0	0	0	0	0	0	0	0	0	0
0.00791905975	0	0.04704569325	0.06739009425	0.0242906625	0.0481927475	0	0.1484375105	0.0710806135	0	0.05137160425	0	0	0	0.0420521115	0.0419719315	0	0.0745539575	0.107679347	0.1642459355	0.021371508	0	0.04356603825	0.354098786	0.05174996775	0.08363895475	0.05429129525	0.01249361475	0.15109637875	0	0.121761042	0.21675596
0	0	0.22814337175	0	0	0	0	0	0.00539378725	0	0	0	0.415587002	0	0.4710502415	0	0.90949947425	0.1046132085	0.3471415455	0	0	0	0.29401303875	0	0	0.1556932005	0	0	0.12022684025	0.12209122425	0.133733369	0.30935752325
0.14493317825	0	0.1790377735	0.03599817225	0.08764548575	0.26495227725	0.01607177125	0.25106940175	0.07434242025	0	0.10501925225	0	0	0	0.18687812625	0.11531670925	0	0	0	0	0	0	0.0818396665	0	0.028054321	0.19058269775	0	0.008107465	0.12065873225	0	0	0.00080809325
0.06962896175	0	0	0.260956288	0.27811617725	0.154861525	0.010613978	0.031848987	0.0022329845	0	0	0	0	0.257192044	0	0	0.1860597045	0	0.02244784625	0.0438452985	0.384306151	0.33758546875	0	0	0	0.08905589375	0	0	0.0322546655	0.221135546	0.00221663675	0.24157585925
0	0.105407451	0.0347018475	0	0.034839193	0.14043932	0	0	0	0.33710230125	0.017016145	0	0	0.484956522	0.7412905265	0	0	0.1026480225	0	0	0	0.188527722	0.07580065475	0	0	0.54247509825	0.07667811925	0	0	0.617828167	0.46111203825	0
0.02088185075	0	0.3110057115	0.0630685415	0.132696838	0.3533133805	0.159219745	0.16641499125	0	0.029429397	0	0.03534843275	0	0.0784037775	0	0.16743716325	0	0.06326948825	0	0	0	0	0	0.1608209835	0.0173438615	0.04457118925	0	0.007853271	0.11945079825	0	0	0
0.09454724675	0	0.03423087025	0.116014381	0.025410356	0.224792603	0	0.08130262925	0.029844788	0	0.0563926945	0.00620676475	0	0	0.00431157375	0.03645678375	0.204396998	0	0	0	0	0	0	0	0	0	0	0	0	0	0	0
0.66867754825	0	0	0.845469108	1	0.822149711	0.0557655685	0.46185957025	0.07474201275	0	0.372029876	0	0.172435117	0.1256824115	0	0	0	0.09536287675	0.09562342675	0	0	0	0	0	0.14667249775	0.189205198	0	0.06832396775	0.1095960795	0.05070946275	0.13962382875	0.25999990075
0.092430125	0.005325909	0.146684785	0.20834527875	0	0.202324609	0	0.171844255	0.0910936285	0.0482790485	0	0	0.2472502025	0.03347456775	0.1582445895	0.221659925	0.07811368525	0	0	0	0	0	0.02002048125	0.11859441425	0.008332718	0.11915333225	0	0	0.0201950855	0	0.1369042675	0.055820357
0.10087235975	0.0766483735	0.4904111085	0.42457486	0	0.0244439765	0.412774648	0.16980102525	0.0747650875	0.47559374525	0	0.2872973835	0.44376463675	0.276331782	0.16904771325	0.275935411	0.15948480775	0	0.06615810425	0	0	0	0	0.20318675025	0	0	0	0	0	0	0	0.125877194
0	0	0	0	0	0	0	0	0	0	0	0	0	0	0	0	0	0.01310334675	0	0	0	0	0	0	0	0	0	0	0	0	0	0
0.00791905975	0	0.04704569325	0.06739009425	0.0242906625	0.0481927475	0	0.1484375105	0.0710806135	0	0.05137160425	0	0	0	0.0420521115	0.0419719315	0	0.0745539575	0.107679347	0.1642459355	0.021371508	0	0.04356603825	0.354098786	0.05174996775	0.08363895475	0.05429129525	0.01249361475	0.15109637875	0	0.121761042	0.21675596
0	0	0.22814337175	0	0	0	0	0	0.00539378725	0	0	0	0.415587002	0	0.4710502415	0	0.90949947425	0.1046132085	0.3471415455	0	0	0	0.29401303875	0	0	0.1556932005	0	0	0.12022684025	0.12209122425	0.133733369	0.30935752325
0.14493317825	0	0.1790377735	0.03599817225	0.08764548575	0.26495227725	0.01607177125	0.25106940175	0.07434242025	0	0.10501925225	0	0	0	0.18687812625	0.11531670925	0	0	0	0	0	0	0.0818396665	0	0.028054321	0.19058269775	0	0.008107465	0.12065873225	0	0	0.00080809325
0.06962896175	0	0	0.260956288	0.27811617725	0.154861525	0.010613978	0.031848987	0.0022329845	0	0	0	0	0.257192044	0	0	0.1860597045	0	0.02244784625	0.0438452985	0.384306151	0.33758546875	0	0	0	0.08905589375	0	0	0.0322546655	0.221135546	0.00221663675	0.24157585925
0	0.105407451	0.0347018475	0	0.034839193	0.14043932	0	0	0	0.33710230125	0.017016145	0	0	0.484956522	0.7412905265	0	0	0.1026480225	0	0	0	0.188527722	0.07580065475	0	0	0.54247509825	0.07667811925	0	0	0.617828167	0.46111203825	0
0.02088185075	0	0.3110057115	0.0630685415	0.132696838	0.3533133805	0.159219745	0.16641499125	0	0.029429397	0	0.03534843275	0	0.0784037775	0	0.16743716325	0	0.06326948825	0	0	0	0	0	0.1608209835	0.0173438615	0.04457118925	0	0.007853271	0.11945079825	0	0	0
0.09454724675	0	0.03423087025	0.116014381	0.025410356	0.224792603	0	0.08130262925	0.029844788	0	0.0563926945	0.00620676475	0	0	0.00431157375	0.03645678375	0.204396998	0	0	0	0	0	0	0	0	0	0	0	0	0	0	0
0.66867754825	0	0	0.845469108	1	0.822149711	0.0557655685	0.46185957025	0.07474201275	0	0.372029876	0	0.172435117	0.1256824115	0	0	0	0.09536287675	0.09562342675	0	0	0	0	0	0.14667249775	0.189205198	0	0.06832396775	0.1095960795	0.05070946275	0.13962382875	0.25999990075
0.092430125	0.005325909	0.146684785	0.20834527875	0	0.202324609	0	0.171844255	0.0910936285	0.0482790485	0	0	0.2472502025	0.03347456775	0.1582445895	0.221659925	0.07811368525	0	0	0	0	0	0.02002048125	0.11859441425	0.008332718	0.11915333225	0	0	0.0201950855	0	0.1369042675	0.055820357
0.10087235975	0.0766483735	0.4904111085	0.42457486	0	0.0244439765	0.412774648	0.16980102525	0.0747650875	0.47559374525	0	0.2872973835	0.44376463675	0.276331782	0.16904771325	0.275935411	0.15948480775	0	0.06615810425	0	0	0	0	0.20318675025	0	0	0	0	0	0	0	0.125877194
0	0	0	0	0	0	0	0	0	0	0	0	0	0	0	0	0	0.01310334675	0	0	0	0	0	0	0	0	0	0	0	0	0	0
0.00791905975	0	0.04704569325	0.06739009425	0.0242906625	0.0481927475	0	0.1484375105	0.0710806135	0	0.05137160425	0	0	0	0.0420521115	0.0419719315	0	0.0745539575	0.107679347	0.1642459355	0.021371508	0	0.04356603825	0.354098786	0.05174996775	0.08363895475	0.05429129525	0.01249361475	0.15109637875	0	0.121761042	0.21675596
0	0	0.22814337175	0	0	0	0	0	0.00539378725	0	0	0	0.415587002	0	0.4710502415	0	0.90949947425	0.1046132085	0.3471415455	0	0	0	0.29401303875	0	0	0.1556932005	0	0	0.12022684025	0.12209122425	0.133733369	0.30935752325
0.14493317825	0	0.1790377735	0.03599817225	0.08764548575	0.26495227725	0.01607177125	0.25106940175	0.07434242025	0	0.10501925225	0	0	0	0.18687812625	0.11531670925	0	0	0	0	0	0	0.0818396665	0	0.028054321	0.19058269775	0	0.008107465	0.12065873225	0	0	0.00080809325
0.06962896175	0	0	0.260956288	0.27811617725	0.154861525	0.010613978	0.031848987	0.0022329845	0	0	0	0	0.257192044	0	0	0.1860597045	0	0.02244784625	0.0438452985	0.384306151	0.33758546875	0	0	0	0.08905589375	0	0	0.0322546655	0.221135546	0.00221663675	0.24157585925
0	0.105407451	0.0347018475	0	0.034839193	0.14043932	0	0	0	0.33710230125	0.017016145	0	0	0.484956522	0.7412905265	0	0	0.1026480225	0	0	0	0.188527722	0.07580065475	0	0	0.54247509825	0.07667811925	0	0	0.617828167	0.46111203825	0
0.02088185075	0	0.3110057115	0.0630685415	0.132696838	0.3533133805	0.159219745	0.16641499125	0	0.029429397	0	0.03534843275	0	0.0784037775	0	0.16743716325	0	0.06326948825	0	0	0	0	0	0.1608209835	0.0173438615	0.04457118925	0	0.007853271	0.11945079825	0	0	0
0.09454724675	0	0.03423087025	0.116014381	0.025410356	0.224792603	0	0.08130262925	0.029844788	0	0.0563926945	0.00620676475	0	0	0.00431157375	0.03645678375	0.204396998	0	0	0	0	0	0	0	0	0	0	0	0	0	0	0
0.66867754825	0	0	0.845469108	1	0.822149711	0.0557655685	0.46185957025	0.07474201275	0	0.372029876	0	0.172435117	0.1256824115	0	0	0	0.09536287675	0.09562342675	0	0	0	0	0	0.14667249775	0.189205198	0	0.06832396775	0.1095960795	0.05070946275	0.13962382875	0.25999990075
0.092430125	0.005325909	0.146684785	0.20834527875	0	0.202324609	0	0.171844255	0.0910936285	0.0482790485	0	0	0.2472502025	0.03347456775	0.1582445895	0.221659925	0.07811368525	0	0	0	0	0	0.02002048125	0.11859441425	0.008332718	0.11915333225	0	0	0.0201950855	0	0.1369042675	0.055820357
0.10087235975	0.0766483735	0.4904111085	0.42457486	0	0.0244439765	0.412774648	0.16980102525	0.0747650875	0.47559374525	0	0.2872973835	0.44376463675	0.276331782	0.16904771325	0.275935411	0.15948480775	0	0.06615810425	0	0	0	0	0.20318675025	0	0	0	0	0	0	0	0.125877194
0	0	0	0	0	0	0	0	0	0	0	0	0	0	0	0	0	0.01310334675	0	0	0	0	0	0	0	0	0	0	0	0	0	0
0.00791905975	0	0.04704569325	0.06739009425	0.0242906625	0.0481927475	0	0.1484375105	0.0710806135	0	0.05137160425	0	0	0	0.0420521115	0.0419719315	0	0.0745539575	0.107679347	0.1642459355	0.021371508	0	0.04356603825	0.354098786	0.05174996775	0.08363895475	0.05429129525	0.01249361475	0.15109637875	0	0.121761042	0.21675596
0	0	0.22814337175	0	0	0	0	0	0.00539378725	0	0	0	0.415587002	0	0.4710502415	0	0.90949947425	0.1046132085	0.3471415455	0	0	0	0.29401303875	0	0	0.1556932005	0	0	0.12022684025	0.12209122425	0.133733369	0.30935752325
0.14493317825	0	0.1790377735	0.03599817225	0.08764548575	0.26495227725	0.01607177125	0.25106940175	0.07434242025	0	0.10501925225	0	0	0	0.18687812625	0.11531670925	0	0	0	0	0	0	0.0818396665	0	0.028054321	0.19058269775	0	0.008107465	0.12065873225	0	0	0.00080809325
0.06962896175	0	0	0.260956288	0.27811617725	0.154861525	0.010613978	0.031848987	0.0022329845	0	0	0	0	0.257192044	0	0	0.1860597045	0	0.02244784625	0.0438452985	0.384306151	0.33758546875	0	0	0	0.08905589375	0	0	0.0322546655	0.221135546	0.00221663675	0.24157585925
0	0.105407451	0.0347018475	0	0.034839193	0.14043932	0	0	0	0.33710230125	0.017016145	0	0	0.484956522	0.7412905265	0	0	0.1026480225	0	0	0	0.188527722	0.07580065475	0	0	0.54247509825	0.07667811925	0	0	0.617828167	0.46111203825	0
0.02088185075	0	0.3110057115	0.0630685415	0.132696838	0.3533133805	0.159219745	0.16641499125	0	0.029429397	0	0.03534843275	0	0.0784037775	0	0.16743716325	0	0.06326948825	0	0	0	0	0	0.1608209835	0.0173438615	0.04457118925	0	0.007853271	0.11945079825	0	0	0
0.09454724675	0	0.03423087025	0.116014381	0.025410356	0.224792603	0	0.08130262925	0.029844788	0	0.0563926945	0.00620676475	0	0	0.00431157375	0.03645678375	0.204396998	0	0	0	0	0	0	0	0	0	0	0	0	0	0	0
0.66867754825	0	0	0.845469108	1	0.822149711	0.0557655685	0.46185957025	0.07474201275	0	0.372029876	0	0.172435117	0.1256824115	0	0	0	0.09536287675	0.09562342675	0	0	0	0	0	0.14667249775	0.189205198	0	0.06832396775	0.1095960795	0.05070946275	0.13962382875	0.25999990075
0.092430125	0.005325909	0.146684785	0.20834527875	0	0.202324609	0	0.171844255	0.0910936285	0.0482790485	0	0	0.2472502025	0.03347456775	0.1582445895	0.221659925	0.07811368525	0	0	0	0	0	0.02002048125	0.11859441425	0.008332718	0.11915333225	0	0	0.0201950855	0	0.1369042675	0.055820357
0.10087235975	0.0766483735	0.4904111085	0.42457486	0	0.0244439765	0.412774648	0.16980102525	0.0747650875	0.47559374525	0	0.2872973835	0.44376463675	0.276331782	0.16904771325	0.275935411	0.15948480775	0	0.06615810425	0	0	0	0	0.20318675025	0	0	0	0	0	0	0	0.125877194
0	0	0	0	0	0	0	0	0	0	0	0	0	0	0	0	0	0.01310334675	0	0	0	0	0	0	0	0	0	0	0	0	0	0
0.00791905975	0	0.04704569325	0.06739009425	0.0242906625	0.0481927475	0	0.1484375105	0.0710806135	0	0.05137160425	0	0	0	0.0420521115	0.0419719315	0	0.0745539575	0.107679347	0.1642459355	0.021371508	0	0.04356603825	0.354098786	0.05174996775	0.08363895475	0.05429129525	0.01249361475	0.15109637875	0	0.121761042	0.21675596
0	0	0.22814337175	0	0	0	0	0	0.00539378725	0	0	0	0.415587002	0	0.4710502415	0	0.90949947425	0.1046132085	0.3471415455	0	0	0	0.29401303875	0	0	0.1556932005	0	0	0.12022684025	0.12209122425	0.133733369	0.30935752325
0.14493317825	0	0.1790377735	0.03599817225	0.08764548575	0.26495227725	0.01607177125	0.25106940175	0.07434242025	0	0.10501925225	0	0	0	0.18687812625	0.11531670925	0	0	0	0	0	0	0.0818396665	0	0.028054321	0.19058269775	0	0.008107465	0.12065873225	0	0	0.00080809325
0.06962896175	0	0	0.260956288	0.27811617725	0.154861525	0.010613978	0.031848987	0.0022329845	0	0	0	0	0.257192044	0	0	0.1860597045	0	0.02244784625	0.0438452985	0.384306151	0.33758546875	0	0	0	0.08905589375	0	0	0.0322546655	0.221135546	0.00221663675	0.24157585925
0	0.105407451	0.0347018475	0	0.034839193	0.14043932	0	0	0	0.33710230125	0.017016145	0	0	0.484956522	0.7412905265	0	0	0.1026480225	0	0	0	0.188527722	0.07580065475	0	0	0.54247509825	0.07667811925	0	0	0.617828167	0.46111203825	0
0.02088185075	0	0.3110057115	0.0630685415	0.132696838	0.3533133805	0.159219745	0.16641499125	0	0.029429397	0	0.03534843275	0	0.0784037775	0	0.16743716325	0	0.06326948825	0	0	0	0	0	0.1608209835	0.0173438615	0.04457118925	0	0.007853271	0.11945079825	0	0	0
0.09454724675	0	0.03423087025	0.116014381	0.025410356	0.224792603	0	0.08130262925	0.029844788	0	0.0563926945	0.00620676475	0	0	0.00431157375	0.03645678375	0.204396998	0	0	0	0	0	0	0	0	0	0	0	0	0	0	0
0.66867754825	0	0	0.845469108	1	0.822149711	0.0557655685	0.46185957025	0.07474201275	0	0.372029876	0	0.172435117	0.1256824115	0	0	0	0.09536287675	0.09562342675	0	0	0	0	0	0.14667249775	0.189205198	0	0.06832396775	0.1095960795	0.05070946275	0.13962382875	0.25999990075
0.092430125	0.005325909	0.146684785	0.20834527875	0	0.202324609	0	0.171844255	0.0910936285	0.0482790485	0	0	0.2472502025	0.03347456775	0.1582445895	0.221659925	0.07811368525	0	0	0	0	0	0.02002048125	0.11859441425	0.008332718	0.11915333225	0	0	0.0201950855	0	0.1369042675	0.055820357
0.10087235975	0.0766483735	0.4904111085	0.42457486	0	0.0244439765	0.412774648	0.16980102525	0.0747650875	0.47559374525	0	0.2872973835	0.44376463675	0.276331782	0.16904771325	0.275935411	0.15948480775	0	0.06615810425	0	0	0	0	0.20318675025	0	0	0	0	0	0	0	0.125877194
0	0	0	0	0	0	0	0	0	0	0	0	0	0	0	0	0	0.01310334675	0	0	0	0	0	0	0	0	0	0	0	0	0	0
0.00791905975	0	0.04704569325	0.06739009425	0.0242906625	0.0481927475	0	0.1484375105	0.0710806135	0	0.05137160425	0	0	0	0.0420521115	0.0419719315	0	0.0745539575	0.107679347	0.1642459355	0.021371508	0	0.04356603825	0.354098786	0.05174996775	0.08363895475	0.05429129525	0.01249361475	0.15109637875	0	0.121761042	0.21675596
0	0	0.22814337175	0	0	0	0	0	0.00539378725	0	0	0	0.415587002	0	0.4710502415	0	0.90949947425	0.1046132085	0.3471415455	0	0	0	0.29401303875	0	0	0.1556932005	0	0	0.12022684025	0.12209122425	0.133733369	0.30935752325
0.14493317825	0	0.1790377735	0.03599817225	0.08764548575	0.26495227725	0.01607177125	0.25106940175	0.07434242025	0	0.10501925225	0	0	0	0.18687812625	0.11531670925	0	0	0	0	0	0	0.0818396665	0	0.028054321	0.19058269775	0	0.008107465	0.12065873225	0	0	0.00080809325
0.06962896175	0	0	0.260956288	0.27811617725	0.154861525	0.010613978	0.031848987	0.0022329845	0	0	0	0	0.257192044	0	0	0.1860597045	0	0.02244784625	0.0438452985	0.384306151	0.33758546875	0	0	0	0.08905589375	0	0	0.0322546655	0.221135546	0.00221663675	0.24157585925
0	0.105407451	0.0347018475	0	0.034839193	0.14043932	0	0	0	0.33710230125	0.017016145	0	0	0.484956522	0.7412905265	0	0	0.1026480225	0	0	0	0.188527722	0.07580065475	0	0	0.54247509825	0.07667811925	0	0	0.617828167	0.46111203825	0
0.02088185075	0	0.3110057115	0.0630685415	0.132696838	0.3533133805	0.159219745	0.16641499125	0	0.029429397	0	0.03534843275	0	0.0784037775	0	0.16743716325	0	0.06326948825	0	0	0	0	0	0.1608209835	0.0173438615	0.04457118925	0	0.007853271	0.11945079825	0	0	0
0.09454724675	0	0.03423087025	0.116014381	0.025410356	0.224792603	0	0.08130262925	0.029844788	0	0.0563926945	0.00620676475	0	0	0.00431157375	0.03645678375	0.204396998	0	0	0	0	0	0	0	0	0	0	0	0	0	0	0
0.66867754825	0	0	0.845469108	1	0.822149711	0.0557655685	0.46185957025	0.07474201275	0	0.372029876	0	0.172435117	0.1256824115	0	0	0	0.09536287675	0.09562342675	0	0	0	0	0	0.14667249775	0.189205198	0	0.06832396775	0.1095960795	0.05070946275	0.13962382875	0.25999990075
0.092430125	0.005325909	0.146684785	0.20834527875	0	0.202324609	0	0.171844255	0.0910936285	0.0482790485	0	0	0.2472502025	0.03347456775	0.1582445895	0.221659925	0.07811368525	0	0	0	0	0	0.02002048125	0.11859441425	0.008332718	0.11915333225	0	0	0.0201950855	0	0.1369042675	0.055820357
0.10087235975	0.0766483735	0.4904111085	0.42457486	0	0.0244439765	0.412774648	0.16980102525	0.0747650875	0.47559374525	0	0.2872973835	0.44376463675	0.276331782	0.16904771325	0.275935411	0.15948480775	0	0.06615810425	0	0	0	0	0.20318675025	0	0	0	0	0	0	0	0.125877194
0	0	0	0	0	0	0	0	0	0	0	0	0	0	0	0	0	0.01310334675	0	0	0	0	0	0	0	0	0	0	0	0	0	0
0.00791905975	0	0.04704569325	0.06739009425	0.0242906625	0.0481927475	0	0.1484375105	0.0710806135	0	0.05137160425	0	0	0	0.0420521115	0.0419719315	0	0.0745539575	0.107679347	0.1642459355	0.021371508	0	0.04356603825	0.354098786	0.05174996775	0.08363895475	0.05429129525	0.01249361475	0.15109637875	0	0.121761042	0.21675596
0	0	0.22814337175	0	0	0	0	0	0.00539378725	0	0	0	0.415587002	0	0.4710502415	0	0.90949947425	0.1046132085	0.3471415455	0	0	0	0.29401303875	0	0	0.1556932005	0	0	0.12022684025	0.12209122425	0.133733369	0.30935752325
0.14493317825	0	0.1790377735	0.03599817225	0.08764548575	0.26495227725	0.01607177125	0.25106940175	0.07434242025	0	0.10501925225	0	0	0	0.18687812625	0.11531670925	0	0	0	0	0	0	0.0818396665	0	0.028054321	0.19058269775	0	0.008107465	0.12065873225	0	0	0.00080809325
0.06962896175	0	0	0.260956288	0.27811617725	0.154861525	0.010613978	0.031848987	0.0022329845	0	0	0	0	0.257192044	0	0	0.1860597045	0	0.02244784625	0.0438452985	0.384306151	0.33758546875	0	0	0	0.08905589375	0	0	0.0322546655	0.221135546	0.00221663675	0.24157585925
0	0.105407451	0.0347018475	0	0.034839193	0.14043932	0	0	0	0.33710230125	0.017016145	0	0	0.484956522	0.7412905265	0	0	0.1026480225	0	0	0	0.188527722	0.07580065475	0	0	0.54247509825	0.07667811925	0	0	0.617828167	0.46111203825	0
0.02088185075	0	0.3110057115	0.0630685415	0.132696838	0.3533133805	0.159219745	0.16641499125	0	0.029429397	0	0.03534843275	0	0.0784037775	0	0.16743716325	0	0.06326948825	0	0	0	0	0	0.1608209835	0.0173438615	0.04457118925	0	0.007853271	0.11945079825	0	0	0
0.09454724675	0	0.03423087025	0.116014381	0.025410356	0.224792603	0	0.08130262925	0.029844788	0	0.0563926945	0.00620676475	0	0	0.00431157375	0.03645678375	0.204396998	0	0	0	0	0	0	0	0	0	0	0	0	0	0	0
0.66867754825	0	0	0.845469108	1	0.822149711	0.0557655685	0.46185957025	0.07474201275	0	0.372029876	0	0.172435117	0.1256824115	0	0	0	0.09536287675	0.09562342675	0	0	0	0	0	0.14667249775	0.189205198	0	0.06832396775	0.1095960795	0.05070946275	0.13962382875	0.25999990075
0.092430125	0.005325909	0.146684785	0.20834527875	0	0.202324609	0	0.171844255	0.0910936285	0.0482790485	0	0	0.2472502025	0.03347456775	0.1582445895	0.221659925	0.07811368525	0	0	0	0	0	0.02002048125	0.11859441425	0.008332718	0.11915333225	0	0	0.0201950855	0	0.1369042675	0.055820357
0.10087235975	0.0766483735	0.4904111085	0.42457486	0	0.0244439765	0.412774648	0.16980102525	0.0747650875	0.47559374525	0	0.2872973835	0.44376463675	0.276331782	0.16904771325	0.275935411	0.15948480775	0	0.06615810425	0	0	0	0	0.20318675025	0	0	0	0	0	0	0	0.125877194
0	0	0	0	0	0	0	0	0	0	0	0	0	0	0	0	0	0.01310334675	0	0	0	0	0	0	0	0	0	0	0	0	0	0
0.00791905975	0	0.04704569325	0.06739009425	0.0242906625	0.0481927475	0	0.1484375105	0.0710806135	0	0.05137160425	0	0	0	0.0420521115	0.0419719315	0	0.0745539575	0.107679347	0.1642459355	0.021371508	0	0.04356603825	0.354098786	0.05174996775	0.08363895475	0.05429129525	0.01249361475	0.15109637875	0	0.121761042	0.21675596
0	0	0.22814337175	0	0	0	0	0	0.00539378725	0	0	0	0.415587002	0	0.4710502415	0	0.90949947425	0.1046132085	0.3471415455	0	0	0	0.29401303875	0	0	0.1556932005	0	0	0.12022684025	0.12209122425	0.133733369	0.30935752325
0.14493317825	0	0.1790377735	0.03599817225	0.08764548575	0.26495227725	0.01607177125	0.25106940175	0.07434242025	0	0.10501925225	0	0	0	0.18687812625	0.11531670925	0	0	0	0	0	0	0.0818396665	0	0.028054321	0.19058269775	0	0.008107465	0.12065873225	0	0	0.00080809325
0.06962896175	0	0	0.260956288	0.27811617725	0.154861525	0.010613978	0.031848987	0.0022329845	0	0	0	0	0.257192044	0	0	0.1860597045	0	0.02244784625	0.0438452985	0.384306151	0.33758546875	0	0	0	0.08905589375	0	0	0.0322546655	0.221135546	0.00221663675	0.24157585925
0	0.105407451	0.0347018475	0	0.034839193	0.14043932	0	0	0	0.33710230125	0.017016145	0	0	0.484956522	0.7412905265	0	0	0.1026480225	0	0	0	0.188527722	0.07580065475	0	0	0.54247509825	0.07667811925	0	0	0.617828167	0.46111203825	0
0.02088185075	0	0.3110057115	0.0630685415	0.132696838	0.3533133805	0.159219745	0.16641499125	0	0.029429397	0	0.03534843275	0	0.0784037775	0	0.16743716325	0	0.06326948825	0	0	0	0	0	0.1608209835	0.0173438615	0.04457118925	0	0.007853271	0.11945079825	0	0	0
0.09454724675	0	0.03423087025	0.116014381	0.025410356	0.224792603	0	0.08130262925	0.029844788	0	0.0563926945	0.00620676475	0	0	0.00431157375	0.03645678375	0.204396998	0	0	0	0	0	0	0	0	0	0	0	0	0	0	0
0.66867754825	0	0	0.845469108	1	0.822149711	0.0557655685	0.46185957025	0.07474201275	0	0.372029876	0	0.172435117	0.1256824115	0	0	0	0.09536287675	0.09562342675	0	0	0	0	0	0.14667249775	0.189205198	0	0.06832396775	0.1095960795	0.05070946275	0.13962382875	0.25999990075
0.092430125	0.005325909	0.146684785	0.20834527875	0	0.202324609	0	0.171844255	0.0910936285	0.0482790485	0	0	0.2472502025	0.03347456775	0.1582445895	0.221659925	0.07811368525	0	0	0	0	0	0.02002048125	0.11859441425	0.008332718	0.11915333225	0	0	0.0201950855	0	0.1369042675	0.055820357
0.10087235975	0.0766483735	0.4904111085	0.42457486	0	0.0244439765	0.412774648	0.16980102525	0.0747650875	0.47559374525	0	0.2872973835	0.44376463675	0.276331782	0.16904771325	0.275935411	0.15948480775	0	0.06615810425	0	0	0	0	0.20318675025	0	0	0	0	0	0	0	0.125877194
0	0	0	0	0	0	0	0	0	0	0	0	0	0	0	0	0	0.01310334675	0	0	0	0	0	0	0	0	0	0	0	0	0	0
0.00791905975	0	0.04704569325	0.06739009425	0.0242906625	0.0481927475	0	0.1484375105	0.0710806135	0	0.05137160425	0	0	0	0.0420521115	0.0419719315	0	0.0745539575	0.107679347	0.1642459355	0.021371508	0	0.04356603825	0.354098786	0.05174996775	0.08363895475	0.05429129525	0.01249361475	0.15109637875	0	0.121761042	0.21675596
0	0	0.22814337175	0	0	0	0	0	0.00539378725	0	0	0	0.415587002	0	0.4710502415	0	0.90949947425	0.1046132085	0.3471415455	0	0	0	0.29401303875	0	0	0.1556932005	0	0	0.12022684025	0.12209122425	0.133733369	0.30935752325
0.14493317825	0	0.1790377735	0.03599817225	0.08764548575	0.26495227725	0.01607177125	0.25106940175	0.07434242025	0	0.10501925225	0	0	0	0.18687812625	0.11531670925	0	0	0	0	0	0	0.0818396665	0	0.028054321	0.19058269775	0	0.008107465	0.12065873225	0	0	0.00080809325
0.06962896175	0	0	0.260956288	0.27811617725	0.154861525	0.010613978	0.031848987	0.0022329845	0	0	0	0	0.257192044	0	0	0.1860597045	0	0.02244784625	0.0438452985	0.384306151	0.33758546875	0	0	0	0.08905589375	0	0	0.0322546655	0.221135546	0.00221663675	0.24157585925
0	0.105407451	0.0347018475	0	0.034839193	0.14043932	0	0	0	0.33710230125	0.017016145	0	0	0.484956522	0.7412905265	0	0	0.1026480225	0	0	0	0.188527722	0.07580065475	0	0	0.54247509825	0.07667811925	0	0	0.617828167	0.46111203825	0
0.02088185075	0	0.3110057115	0.0630685415	0.132696838	0.3533133805	0.159219745	0.16641499125	0	0.029429397	0	0.03534843275	0	0.0784037775	0	0.16743716325	0	0.06326948825	0	0	0	0	0	0.1608209835	0.0173438615	0.04457118925	0	0.007853271	0.11945079825	0	0	0
0.09454724675	0	0.03423087025	0.116014381	0.025410356	0.224792603	0	0.08130262925	0.029844788	0	0.0563926945	0.00620676475	0	0	0.00431157375	0.03645678375	0.204396998	0	0	0	0	0	0	0	0	0	0	0	0	0	0	0
0.66867754825	0	0	0.845469108	1	0.822149711	0.0557655685	0.46185957025	0.07474201275	0	0.372029876	0	0.172435117	0.1256824115	0	0	0	0.09536287675	0.09562342675	0	0	0	0	0	0.14667249775	0.189205198	0	0.06832396775	0.1095960795	0.05070946275	0.13962382875	0.25999990075
0.092430125	0.005325909	0.146684785	0.20834527875	0	0.202324609	0	0.171844255	0.0910936285	0.0482790485	0	0	0.2472502025	0.03347456775	0.1582445895	0.221659925	0.07811368525	0	0	0	0	0	0.02002048125	0.11859441425	0.008332718	0.11915333225	0	0	0.0201950855	0	0.1369042675	0.055820357
0.10087235975	0.0766483735	0.4904111085	0.42457486	0	0.0244439765	0.412774648	0.16980102525	0.0747650875	0.47559374525	0	0.2872973835	0.44376463675	0.276331782	0.16904771325	0.275935411	0.15948480775	0	0.06615810425	0	0	0	0	0.20318675025	0	0	0	0	0	0	0	0.125877194
0	0	0	0	0	0	0	0	0	0	0	0	0	0	0	0	0	0.01310334675	0	0	0	0	0	0	0	0	0	0	0	0	0	0
0.00791905975	0	0.04704569325	0.06739009425	0.0242906625	0.0481927475	0	0.1484375105	0.0710806135	0	0.05137160425	0	0	0	0.0420521115	0.0419719315	0	0.0745539575	0.107679347	0.1642459355	0.021371508	0	0.04356603825	0.354098786	0.05174996775	0.08363895475	0.05429129525	0.01249361475	0.15109637875	0	0.121761042	0.21675596
0	0	0.22814337175	0	0	0	0	0	0.00539378725	0	0	0	0.415587002	0	0.4710502415	0	0.90949947425	0.1046132085	0.3471415455	0	0	0	0.29401303875	0	0	0.1556932005	0	0	0.12022684025	0.12209122425	0.133733369	0.30935752325
0.14493317825	0	0.1790377735	0.03599817225	0.08764548575	0.26495227725	0.01607177125	0.25106940175	0.07434242025	0	0.10501925225	0	0	0	0.18687812625	0.11531670925	0	0	0	0	0	0	0.0818396665	0	0.028054321	0.19058269775	0	0.008107465	0.12065873225	0	0	0.00080809325
0.06962896175	0	0	0.260956288	0.27811617725	0.154861525	0.010613978	0.031848987	0.0022329845	0	0	0	0	0.257192044	0	0	0.1860597045	0	0.02244784625	0.0438452985	0.384306151	0.33758546875	0	0	0	0.08905589375	0	0	0.0322546655	0.221135546	0.00221663675	0.24157585925
0	0.105407451	0.0347018475	0	0.034839193	0.14043932	0	0	0	0.33710230125	0.017016145	0	0	0.484956522	0.7412905265	0	0	0.1026480225	0	0	0	0.188527722	0.07580065475	0	0	0.54247509825	0.07667811925	0	0	0.617828167	0.46111203825	0
0.02088185075	0	0.3110057115	0.0630685415	0.132696838	0.3533133805	0.159219745	0.16641499125	0	0.029429397	0	0.03534843275	0	0.0784037775	0	0.16743716325	0	0.06326948825	0	0	0	0	0	0.1608209835	0.0173438615	0.04457118925	0	0.007853271	0.11945079825	0	0	0
0.09454724675	0	0.03423087025	0.116014381	0.025410356	0.224792603	0	0.08130262925	0.029844788	0	0.0563926945	0.00620676475	0	0	0.00431157375	0.03645678375	0.204396998	0	0	0	0	0	0	0	0	0	0	0	0	0	0	0
0.66867754825	0	0	0.845469108	1	0.822149711	0.0557655685	0.46185957025	0.07474201275	0	0.372029876	0	0.172435117	0.1256824115	0	0	0	0.09536287675	0.09562342675	0	0	0	0	0	0.14667249775	0.189205198	0	0.06832396775	0.1095960795	0.05070946275	0.13962382875	0.25999990075
0.092430125	0.005325909	0.146684785	0.20834527875	0	0.202324609	0	0.171844255	0.0910936285	0.0482790485	0	0	0.2472502025	0.03347456775	0.1582445895	0.221659925	0.07811368525	0	0	0	0	0	0.02002048125	0.11859441425	0.008332718	0.11915333225	0	0	0.0201950855	0	0.1369042675	0.055820357
0.10087235975	0.0766483735	0.4904111085	0.42457486	0	0.0244439765	0.412774648	0.16980102525	0.0747650875	0.47559374525	0	0.2872973835	0.44376463675	0.276331782	0.16904771325	0.275935411	0.15948480775	0	0.06615810425	0	0	0	0	0.20318675025	0	0	0	0	0	0	0	0.125877194
0	0	0	0	0	0	0	0	0	0	0	0	0	0	0	0	0	0.01310334675	0	0	0	0	0	0	0	0	0	0	0	0	0	0
0.00791905975	0	0.04704569325	0.06739009425	0.0242906625	0.0481927475	0	0.1484375105	0.0710806135	0	0.05137160425	0	0	0	0.0420521115	0.0419719315	0	0.0745539575	0.107679347	0.1642459355	0.021371508	0	0.04356603825	0.354098786	0.05174996775	0.08363895475	0.05429129525	0.01249361475	0.15109637875	0	0.121761042	0.21675596
0	0	0.22814337175	0	0	0	0	0	0.00539378725	0	0	0	0.415587002	0	0.4710502415	0	0.90949947425	0.1046132085	0.3471415455	0	0	0	0.29401303875	0	0	0.1556932005	0	0	0.12022684025	0.12209122425	0.133733369	0.30935752325
0.14493317825	0	0.1790377735	0.03599817225	0.08764548575	0.26495227725	0.01607177125	0.25106940175	0.07434242025	0	0.10501925225	0	0	0	0.18687812625	0.11531670925	0	0	0	0	0	0	0.0818396665	0	0.028054321	0.19058269775	0	0.008107465	0.12065873225	0	0	0.00080809325
0.06962896175	0	0	0.260956288	0.27811617725	0.154861525	0.010613978	0.031848987	0.0022329845	0	0	0	0	0.257192044	0	0	0.1860597045	0	0.02244784625	0.0438452985	0.384306151	0.33758546875	0	0	0	0.08905589375	0	0	0.0322546655	0.221135546	0.00221663675	0.24157585925
0	0.105407451	0.0347018475	0	0.034839193	0.14043932	0	0	0	0.33710230125	0.017016145	0	0	0.484956522	0.7412905265	0	0	0.1026480225	0	0	0	0.188527722	0.07580065475	0	0	0.54247509825	0.07667811925	0	0	0.617828167	0.46111203825	0
0.02088185075	0	0.3110057115	0.0630685415	0.132696838	0.3533133805	0.159219745	0.16641499125	0	0.029429397	0	0.03534843275	0	0.0784037775	0	0.16743716325	0	0.06326948825	0	0	0	0	0	0.1608209835	0.0173438615	0.04457118925	0	0.007853271	0.11945079825	0	0	0
0.09454724675	0	0.03423087025	0.116014381	0.025410356	0.224792603	0	0.08130262925	0.029844788	0	0.0563926945	0.00620676475	0	0	0.00431157375	0.03645678375	0.204396998	0	0	0	0	0	0	0	0	0	0	0	0	0	0	0
0.66867754825	0	0	0.845469108	1	0.822149711	0.0557655685	0.46185957025	0.07474201275	0	0.372029876	0	0.172435117	0.1256824115	0	0	0	0.09536287675	0.09562342675	0	0	0	0	0	0.14667249775	0.189205198	0	0.06832396775	0.1095960795	0.05070946275	0.13962382875	0.25999990075
0.092430125	0.005325909	0.146684785	0.20834527875	0	0.202324609	0	0.171844255	0.0910936285	0.0482790485	0	0	0.2472502025	0.03347456775	0.1582445895	0.221659925	0.07811368525	0	0	0	0	0	0.02002048125	0.11859441425	0.008332718	0.11915333225	0	0	0.0201950855	0	0.1369042675	0.055820357
0.10087235975	0.0766483735	0.4904111085	0.42457486	0	0.0244439765	0.412774648	0.16980102525	0.0747650875	0.47559374525	0	0.2872973835	0.44376463675	0.276331782	0.16904771325	0.275935411	0.15948480775	0	0.06615810425	0	0	0	0	0.20318675025	0	0	0	0	0	0	0	0.125877194
0	0	0	0	0	0	0	0	0	0	0	0	0	0	0	0	0	0.01310334675	0	0	0	0	0	0	0	0	0	0	0	0	0	0
0.00791905975	0	0.04704569325	0.06739009425	0.0242906625	0.0481927475	0	0.1484375105	0.0710806135	0	0.05137160425	0	0	0	0.0420521115	0.0419719315	0	0.0745539575	0.107679347	0.1642459355	0.021371508	0	0.04356603825	0.354098786	0.05174996775	0.08363895475	0.05429129525	0.01249361475	0.15109637875	0	0.121761042	0.21675596
0	0	0.22814337175	0	0	0	0	0	0.00539378725	0	0	0	0.415587002	0	0.4710502415	0	0.90949947425	0.1046132085	0.3471415455	0	0	0	0.29401303875	0	0	0.1556932005	0	0	0.12022684025	0.12209122425	0.133733369	0.30935752325
0.14493317825	0	0.1790377735	0.03599817225	0.08764548575	0.26495227725	0.01607177125	0.25106940175	0.07434242025	0	0.10501925225	0	0	0	0.18687812625	0.11531670925	0	0	0	0	0	0	0.0818396665	0	0.028054321	0.19058269775	0	0.008107465	0.12065873225	0	0	0.00080809325
0.06962896175	0	0	0.260956288	0.27811617725	0.154861525	0.010613978	0.031848987	0.0022329845	0	0	0	0	0.257192044	0	0	0.1860597045	0	0.02244784625	0.0438452985	0.384306151	0.33758546875	0	0	0	0.08905589375	0	0	0.0322546655	0.221135546	0.00221663675	0.24157585925
0	0.105407451	0.0347018475	0	0.034839193	0.14043932	0	0	0	0.33710230125	0.017016145	0	0	0.484956522	0.7412905265	0	0	0.1026480225	0	0	0	0.188527722	0.07580065475	0	0	0.54247509825	0.07667811925	0	0	0.617828167	0.46111203825	0
0.02088185075	0	0.3110057115	0.0630685415	0.132696838	0.3533133805	0.159219745	0.16641499125	0	0.029429397	0	0.03534843275	0	0.0784037775	0	0.16743716325	0	0.06326948825	0	0	0	0	0	0.1608209835	0.0173438615	0.04457118925	0	0.007853271	0.11945079825	0	0	0
0.09454724675	0	0.03423087025	0.116014381	0.025410356	0.224792603	0	0.08130262925	0.029844788	0	0.0563926945	0.00620676475	0	0	0.00431157375	0.03645678375	0.204396998	0	0	0	0	0	0	0	0	0	0	0	0	0	0	0
0.66867754825	0	0	0.845469108	1	0.822149711	0.0557655685	0.46185957025	0.07474201275	0	0.372029876	0	0.172435117	0.1256824115	0	0	0	0.09536287675	0.09562342675	0	0	0	0	0	0.14667249775	0.189205198	0	0.06832396775	0.1095960795	0.05070946275	0.13962382875	0.25999990075
0.092430125	0.005325909	0.146684785	0.20834527875	0	0.202324609	0	0.171844255	0.0910936285	0.0482790485	0	0	0.2472502025	0.03347456775	0.1582445895	0.221659925	0.07811368525	0	0	0	0	0	0.02002048125	0.11859441425	0.008332718	0.11915333225	0	0	0.0201950855	0	0.1369042675	0.055820357
0.10087235975	0.0766483735	0.4904111085	0.42457486	0	0.0244439765	0.412774648	0.16980102525	0.0747650875	0.47559374525	0	0.2872973835	0.44376463675	0.276331782	0.16904771325	0.275935411	0.15948480775	0	0.06615810425	0	0	0	0	0.20318675025	0	0	0	0	0	0	0	0.125877194
0	0	0	0	0	0	0	0	0	0	0	0	0	0	0	0	0	0.01310334675	0	0	0	0	0	0	0	0	0	0	0	0	0	0
0.00791905975	0	0.04704569325	0.06739009425	0.0242906625	0.0481927475	0	0.1484375105	0.0710806135	0	0.05137160425	0	0	0	0.0420521115	0.0419719315	0	0.0745539575	0.107679347	0.1642459355	0.021371508	0	0.04356603825	0.354098786	0.05174996775	0.08363895475	0.05429129525	0.01249361475	0.15109637875	0	0.121761042	0.21675596
0	0	0.22814337175	0	0	0	0	0	0.00539378725	0	0	0	0.415587002	0	0.4710502415	0	0.90949947425	0.1046132085	0.3471415455	0	0	0	0.29401303875	0	0	0.1556932005	0	0	0.12022684025	0.12209122425	0.133733369	0.30935752325
0.14493317825	0	0.1790377735	0.03599817225	0.08764548575	0.26495227725	0.01607177125	0.25106940175	0.07434242025	0	0.10501925225	0	0	0	0.18687812625	0.11531670925	0	0	0	0	0	0	0.0818396665	0	0.028054321	0.19058269775	0	0.008107465	0.12065873225	0	0	0.00080809325
0.06962896175	0	0	0.260956288	0.27811617725	0.154861525	0.010613978	0.031848987	0.0022329845	0	0	0	0	0.257192044	0	0	0.1860597045	0	0.02244784625	0.0438452985	0.384306151	0.33758546875	0	0	0	0.08905589375	0	0	0.0322546655	0.221135546	0.00221663675	0.24157585925
0	0.105407451	0.0347018475	0	0.034839193	0.14043932	0	0	0	0.33710230125	0.017016145	0	0	0.484956522	0.7412905265	0	0	0.1026480225	0	0	0	0.188527722	0.07580065475	0	0	0.54247509825	0.07667811925	0	0	0.617828167	0.46111203825	0
0.02088185075	0	0.3110057115	0.0630685415	0.132696838	0.3533133805	0.159219745	0.16641499125	0	0.029429397	0	0.03534843275	0	0.0784037775	0	0.16743716325	0	0.06326948825	0	0	0	0	0	0.1608209835	0.0173438615	0.04457118925	0	0.007853271	0.11945079825	0	0	0
0.09454724675	0	0.03423087025	0.116014381	0.025410356	0.224792603	0	0.08130262925	0.029844788	0	0.0563926945	0.00620676475	0	0	0.00431157375	0.03645678375	0.204396998	0	0	0	0	0	0	0	0	0	0	0	0	0	0	0
0.66867754825	0	0	0.845469108	1	0.822149711	0.0557655685	0.46185957025	0.07474201275	0	0.372029876	0	0.172435117	0.1256824115	0	0	0	0.09536287675	0.09562342675	0	0	0	0	0	0.14667249775	0.189205198	0	0.06832396775	0.1095960795	0.05070946275	0.13962382875	0.25999990075
0.092430125	0.005325909	0.146684785	0.20834527875	0	0.202324609	0	0.171844255	0.0910936285	0.0482790485	0	0	0.2472502025	0.03347456775	0.1582445895	0.221659925	0.07811368525	0	0	0	0	0	0.02002048125	0.11859441425	0.008332718	0.11915333225	0	0	0.0201950855	0	0.1369042675	0.055820357
0.10087235975	0.0766483735	0.4904111085	0.42457486	0	0.0244439765	0.412774648	0.16980102525	0.0747650875	0.47559374525	0	0.2872973835	0.44376463675	0.276331782	0.16904771325	0.275935411	0.15948480775	0	0.06615810425	0	0	0	0	0.20318675025	0	0	0	0	0	0	0	0.125877194
0	0	0	0	0	0	0	0	0	0	0	0	0	0	0	0	0	0.01310334675	0	0	0	0	0	0	0	0	0	0	0	0	0	0
0.00791905975	0	0.04704569325	0.06739009425	0.0242906625	0.0481927475	0	0.1484375105	0.0710806135	0	0.05137160425	0	0	0	0.0420521115	0.0419719315	0	0.0745539575	0.107679347	0.1642459355	0.021371508	0	0.04356603825	0.354098786	0.05174996775	0.08363895475	0.05429129525	0.01249361475	0.15109637875	0	0.121761042	0.21675596
0	0	0.22814337175	0	0	0	0	0	0.00539378725	0	0	0	0.415587002	0	0.4710502415	0	0.90949947425	0.1046132085	0.3471415455	0	0	0	0.29401303875	0	0	0.1556932005	0	0	0.12022684025	0.12209122425	0.133733369	0.30935752325
0.14493317825	0	0.1790377735	0.03599817225	0.08764548575	0.26495227725	0.01607177125	0.25106940175	0.07434242025	0	0.10501925225	0	0	0	0.18687812625	0.11531670925	0	0	0	0	0	0	0.0818396665	0	0.028054321	0.19058269775	0	0.008107465	0.12065873225	0	0	0.00080809325
0.06962896175	0	0	0.260956288	0.27811617725	0.154861525	0.010613978	0.031848987	0.0022329845	0	0	0	0	0.257192044	0	0	0.1860597045	0	0.02244784625	0.0438452985	0.384306151	0.33758546875	0	0	0	0.08905589375	0	0	0.0322546655	0.221135546	0.00221663675	0.24157585925
0	0.105407451	0.0347018475	0	0.034839193	0.14043932	0	0	0	0.33710230125	0.017016145	0	0	0.484956522	0.7412905265	0	0	0.1026480225	0	0	0	0.188527722	0.07580065475	0	0	0.54247509825	0.07667811925	0	0	0.617828167	0.46111203825	0
0.02088185075	0	0.3110057115	0.0630685415	0.132696838	0.3533133805	0.159219745	0.16641499125	0	0.029429397	0	0.03534843275	0	0.0784037775	0	0.16743716325	0	0.06326948825	0	0	0	0	0	0.1608209835	0.0173438615	0.04457118925	0	0.007853271	0.11945079825	0	0	0
0.09454724675	0	0.03423087025	0.116014381	0.025410356	0.224792603	0	0.08130262925	0.029844788	0	0.0563926945	0.00620676475	0	0	0.00431157375	0.03645678375	0.204396998	0	0	0	0	0	0	0	0	0	0	0	0	0	0	0
0.66867754825	0	0	0.845469108	1	0.822149711	0.0557655685	0.46185957025	0.07474201275	0	0.372029876	0	0.172435117	0.1256824115	0	0	0	0.09536287675	0.09562342675	0	0	0	0	0	0.14667249775	0.189205198	0	0.06832396775	0.1095960795	0.05070946275	0.13962382875	0.25999990075
0.092430125	0.005325909	0.146684785	0.20834527875	0	0.202324609	0	0.171844255	0.0910936285	0.0482790485	0	0	0.2472502025	0.03347456775	0.1582445895	0.221659925	0.07811368525	0	0	0	0	0	0.02002048125	0.11859441425	0.008332718	0.11915333225	0	0	0.0201950855	0	0.1369042675	0.055820357
0.10087235975	0.0766483735	0.4904111085	0.42457486	0	0.0244439765	0.412774648	0.16980102525	0.0747650875	0.47559374525	0	0.2872973835	0.44376463675	0.276331782	0.16904771325	0.275935411	0.15948480775	0	0.06615810425	0	0	0	0	0.20318675025	0	0	0	0	0	0	0	0.125877194
0	0	0	0	0	0	0	0	0	0	0	0	0	0	0	0	0	0.01310334675	0	0	0	0	0	0	0	0	0	0	0	0	0	0
0.00791905975	0	0.04704569325	0.06739009425	0.0242906625	0.0481927475	0	0.1484375105	0.0710806135	0	0.05137160425	0	0	0	0.0420521115	0.0419719315	0	0.0745539575	0.107679347	0.1642459355	0.021371508	0	0.04356603825	0.354098786	0.05174996775	0.08363895475	0.05429129525	0.01249361475	0.15109637875	0	0.121761042	0.21675596
0	0	0.22814337175	0	0	0	0	0	0.00539378725	0	0	0	0.415587002	0	0.4710502415	0	0.90949947425	0.1046132085	0.3471415455	0	0	0	0.29401303875	0	0	0.1556932005	0	0	0.12022684025	0.12209122425	0.133733369	0.30935752325
0.14493317825	0	0.1790377735	0.03599817225	0.08764548575	0.26495227725	0.01607177125	0.25106940175	0.07434242025	0	0.10501925225	0	0	0	0.18687812625	0.11531670925	0	0	0	0	0	0	0.0818396665	0	0.028054321	0.19058269775	0	0.008107465	0.12065873225	0	0	0.00080809325
0.06962896175	0	0	0.260956288	0.27811617725	0.154861525	0.010613978	0.031848987	0.0022329845	0	0	0	0	0.257192044	0	0	0.1860597045	0	0.02244784625	0.0438452985	0.384306151	0.33758546875	0	0	0	0.08905589375	0	0	0.0322546655	0.221135546	0.00221663675	0.24157585925
0	0.105407451	0.0347018475	0	0.034839193	0.14043932	0	0	0	0.33710230125	0.017016145	0	0	0.484956522	0.7412905265	0	0	0.1026480225	0	0	0	0.188527722	0.07580065475	0	0	0.54247509825	0.07667811925	0	0	0.617828167	0.46111203825	0
0.02088185075	0	0.3110057115	0.0630685415	0.132696838	0.3533133805	0.159219745	0.16641499125	0	0.029429397	0	0.03534843275	0	0.0784037775	0	0.16743716325	0	0.06326948825	0	0	0	0	0	0.1608209835	0.0173438615	0.04457118925	0	0.007853271	0.11945079825	0	0	0
0.09454724675	0	0.03423087025	0.116014381	0.025410356	0.224792603	0	0.08130262925	0.029844788	0	0.0563926945	0.00620676475	0	0	0.00431157375	0.03645678375	0.204396998	0	0	0	0	0	0	0	0	0	0	0	0	0	0	0
0.66867754825	0	0	0.845469108	1	0.822149711	0.0557655685	0.46185957025	0.07474201275	0	0.372029876	0	0.172435117	0.1256824115	0	0	0	0.09536287675	0.09562342675	0	0	0	0	0	0.14667249775	0.189205198	0	0.06832396775	0.1095960795	0.05070946275	0.13962382875	0.25999990075
0.092430125	0.005325909	0.146684785	0.20834527875	0	0.202324609	0	0.171844255	0.0910936285	0.0482790485	0	0	0.2472502025	0.03347456775	0.1582445895	0.221659925	0.07811368525	0	0	0	0	0	0.02002048125	0.11859441425	0.008332718	0.11915333225	0	0	0.0201950855	0	0.1369042675	0.055820357
0.10087235975	0.0766483735	0.4904111085	0.42457486	0	0.0244439765	0.412774648	0.16980102525	0.0747650875	0.47559374525	0	0.2872973835	0.44376463675	0.276331782	0.16904771325	0.275935411	0.15948480775	0	0.06615810425	0	0	0	0	0.20318675025	0	0	0	0	0	0	0	0.125877194
0	0	0	0	0	0	0	0	0	0	0	0	0	0	0	0	0	0.01310334675	0	0	0	0	0	0	0	0	0	0	0	0	0	0
0.00791905975	0	0.04704569325	0.06739009425	0.0242906625	0.0481927475	0	0.1484375105	0.0710806135	0	0.05137160425	0	0	0	0.0420521115	0.0419719315	0	0.0745539575	0.107679347	0.1642459355	0.021371508	0	0.04356603825	0.354098786	0.05174996775	0.08363895475	0.05429129525	0.01249361475	0.15109637875	0	0.121761042	0.21675596
0	0	0.22814337175	0	0	0	0	0	0.00539378725	0	0	0	0.415587002	0	0.4710502415	0	0.90949947425	0.1046132085	0.3471415455	0	0	0	0.29401303875	0	0	0.1556932005	0	0	0.12022684025	0.12209122425	0.133733369	0.30935752325
0.14493317825	0	0.1790377735	0.03599817225	0.08764548575	0.26495227725	0.01607177125	0.25106940175	0.07434242025	0	0.10501925225	0	0	0	0.18687812625	0.11531670925	0	0	0	0	0	0	0.0818396665	0	0.028054321	0.19058269775	0	0.008107465	0.12065873225	0	0	0.00080809325
0.06962896175	0	0	0.260956288	0.27811617725	0.154861525	0.010613978	0.031848987	0.0022329845	0	0	0	0	0.257192044	0	0	0.1860597045	0	0.02244784625	0.0438452985	0.384306151	0.33758546875	0	0	0	0.08905589375	0	0	0.0322546655	0.221135546	0.00221663675	0.24157585925
0	0.105407451	0.0347018475	0	0.034839193	0.14043932	0	0	0	0.33710230125	0.017016145	0	0	0.484956522	0.7412905265	0	0	0.1026480225	0	0	0	0.188527722	0.07580065475	0	0	0.54247509825	0.07667811925	0	0	0.617828167	0.46111203825	0
0.02088185075	0	0.3110057115	0.0630685415	0.132696838	0.3533133805	0.159219745	0.16641499125	0	0.029429397	0	0.03534843275	0	0.0784037775	0	0.16743716325	0	0.06326948825	0	0	0	0	0	0.1608209835	0.0173438615	0.04457118925	0	0.007853271	0.11945079825	0	0	0
0.09454724675	0	0.03423087025	0.116014381	0.025410356	0.224792603	0	0.08130262925	0.029844788	0	0.0563926945	0.00620676475	0	0	0.00431157375	0.03645678375	0.204396998	0	0	0	0	0	0	0	0	0	0	0	0	0	0	0
0.66867754825	0	0	0.845469108	1	0.822149711	0.0557655685	0.46185957025	0.07474201275	0	0.372029876	0	0.172435117	0.1256824115	0	0	0	0.09536287675	0.09562342675	0	0	0	0	0	0.14667249775	0.189205198	0	0.06832396775	0.1095960795	0.05070946275	0.13962382875	0.25999990075
0.092430125	0.005325909	0.146684785	0.20834527875	0	0.202324609	0	0.171844255	0.0910936285	0.0482790485	0	0	0.2472502025	0.03347456775	0.1582445895	0.221659925	0.07811368525	0	0	0	0	0	0.02002048125	0.11859441425	0.008332718	0.11915333225	0	0	0.0201950855	0	0.1369042675	0.055820357
0.10087235975	0.0766483735	0.4904111085	0.42457486	0	0.0244439765	0.412774648	0.16980102525	0.0747650875	0.47559374525	0	0.2872973835	0.44376463675	0.276331782	0.16904771325	0.275935411	0.15948480775	0	0.06615810425	0	0	0	0	0.20318675025	0	0	0	0	0	0	0	0.125877194
